ETHBUSD ETHBUSD
BTCBUSD BTCBUSD
ETHBUSD ETHBUSD
BTCBUSD BTCBUSD
ETHBUSD ETHBUSD
BTCBUSD BTCBUSD
ETHBUSD ETHBUSD
BTCBUSD BTCBUSD
ETHBUSD ETHBUSD
BTCBUSD BTCBUSD
BTCBUSD BTCBUSD
BTCBUSD BTCBUSD
ETHBUSD ETHBUSD
BTCBUSD BTCBUSD
ETHBUSD ETHBUSD
BTCBUSD BTCBUSD
ETHBUSD ETHBUSD
ETHBUSD ETHBUSD
ETHBUSD ETHBUSD
ETHBUSD ETHBUSD
ETHBUSD ETHBUSD
BTCBUSD BTCBUSD
ETHBUSD ETHBUSD
LTCBUSD LTCBUSD
ETHBUSD ETHBUSD
ETHBUSD: 78.11291569992295
Vendendo 0.01 BTC por 3188.15 USDT
┌─────────┬───────────────┬─────────────┬───────────┬────────────────────────┬────────────────────┬──────────────────┐
│ (index) │  _openTimeMS  │ _closePrice │  _symbol  │       _closeRate       │ _currentClosePrice │ _priceDifference │
├─────────┼───────────────┼─────────────┼───────────┼────────────────────────┼────────────────────┼──────────────────┤
│    0    │ 1649302080000 │   3173.61   │ 'ETHBUSD' │  -0.05164947641918616  │   'USD$ 3173.61'   │   'USD$ -1.64'   │
│    1    │ 1649302140000 │   3173.9    │ 'ETHBUSD' │   0.0091378587791179   │   'USD$ 3173.90'   │   'USD$ 0.29'    │
│    2    │ 1649302200000 │   3174.14   │ 'ETHBUSD' │  0.007561674910985907  │   'USD$ 3174.14'   │   'USD$ 0.24'    │
│    3    │ 1649302260000 │   3174.09   │ 'ETHBUSD' │ -0.0015752298260309772 │   'USD$ 3174.09'   │   'USD$ -0.05'   │
│    4    │ 1649302320000 │   3171.46   │ 'ETHBUSD' │  -0.0828583940594001   │   'USD$ 3171.46'   │   'USD$ -2.63'   │
│    5    │ 1649302380000 │   3169.37   │ 'ETHBUSD' │  -0.06590024783538695  │   'USD$ 3169.37'   │   'USD$ -2.09'   │
│    6    │ 1649302440000 │   3175.87   │ 'ETHBUSD' │  0.20508807744125804   │   'USD$ 3175.87'   │   'USD$ 6.50'    │
│    7    │ 1649302500000 │   3176.17   │ 'ETHBUSD' │  0.009446230481731994  │   'USD$ 3176.17'   │   'USD$ 0.30'    │
│    8    │ 1649302560000 │   3180.36   │ 'ETHBUSD' │  0.13191989093782935   │   'USD$ 3180.36'   │   'USD$ 4.19'    │
│    9    │ 1649302620000 │   3181.93   │ 'ETHBUSD' │  0.04936548063740297   │   'USD$ 3181.93'   │   'USD$ 1.57'    │
│   10    │ 1649302680000 │   3184.23   │ 'ETHBUSD' │  0.07228317404846059   │   'USD$ 3184.23'   │   'USD$ 2.30'    │
│   11    │ 1649302740000 │   3183.34   │ 'ETHBUSD' │ -0.027950242287772653  │   'USD$ 3183.34'   │   'USD$ -0.89'   │
│   12    │ 1649302800000 │   3184.81   │ 'ETHBUSD' │   0.0461779137635251   │   'USD$ 3184.81'   │   'USD$ 1.47'    │
│   13    │ 1649302860000 │   3186.21   │ 'ETHBUSD' │  0.04395866629406749   │   'USD$ 3186.21'   │   'USD$ 1.40'    │
│   14    │ 1649302920000 │   3186.43   │ 'ETHBUSD' │ 0.0069047551793447355  │   'USD$ 3186.43'   │   'USD$ 0.22'    │
│   15    │ 1649302980000 │   3188.15   │ 'ETHBUSD' │  0.05397890429101705   │   'USD$ 3188.15'   │   'USD$ 1.72'    │
└─────────┴───────────────┴─────────────┴───────────┴────────────────────────┴────────────────────┴──────────────────┘
{ symbol: 'ETHBUSD', price: 3186.43 }
LTCBUSD LTCBUSD
LTCBUSD: 69.23076923076948
┌─────────┬───────────────┬─────────────┬───────────┬──────────────────────┬────────────────────┬──────────────────┐
│ (index) │  _openTimeMS  │ _closePrice │  _symbol  │      _closeRate      │ _currentClosePrice │ _priceDifference │
├─────────┼───────────────┼─────────────┼───────────┼──────────────────────┼────────────────────┼──────────────────┤
│    0    │ 1649302080000 │    111.6    │ 'LTCBUSD' │          0           │   'USD$ 111.60'    │   'USD$ 0.00'    │
│    1    │ 1649302140000 │    111.5    │ 'LTCBUSD' │ -0.08960573476701938 │   'USD$ 111.50'    │   'USD$ -0.10'   │
│    2    │ 1649302200000 │    111.6    │ 'LTCBUSD' │ 0.08968609865470342  │   'USD$ 111.60'    │   'USD$ 0.10'    │
│    3    │ 1649302260000 │    111.6    │ 'LTCBUSD' │          0           │   'USD$ 111.60'    │   'USD$ 0.00'    │
│    4    │ 1649302320000 │    111.6    │ 'LTCBUSD' │          0           │   'USD$ 111.60'    │   'USD$ 0.00'    │
│    5    │ 1649302380000 │    111.3    │ 'LTCBUSD' │ -0.26881720430107237 │   'USD$ 111.30'    │   'USD$ -0.30'   │
│    6    │ 1649302440000 │    111.6    │ 'LTCBUSD' │ 0.26954177897573867  │   'USD$ 111.60'    │   'USD$ 0.30'    │
│    7    │ 1649302500000 │    111.6    │ 'LTCBUSD' │          0           │   'USD$ 111.60'    │   'USD$ 0.00'    │
│    8    │ 1649302560000 │    111.7    │ 'LTCBUSD' │ 0.08960573476703274  │   'USD$ 111.70'    │   'USD$ 0.10'    │
│    9    │ 1649302620000 │    111.9    │ 'LTCBUSD' │ 0.17905102954342242  │   'USD$ 111.90'    │   'USD$ 0.20'    │
│   10    │ 1649302680000 │    111.9    │ 'LTCBUSD' │          0           │   'USD$ 111.90'    │   'USD$ 0.00'    │
│   11    │ 1649302740000 │    111.9    │ 'LTCBUSD' │          0           │   'USD$ 111.90'    │   'USD$ 0.00'    │
│   12    │ 1649302800000 │    111.9    │ 'LTCBUSD' │          0           │   'USD$ 111.90'    │   'USD$ 0.00'    │
│   13    │ 1649302860000 │     112     │ 'LTCBUSD' │ 0.08936550491509769  │   'USD$ 112.00'    │   'USD$ 0.10'    │
│   14    │ 1649302920000 │     112     │ 'LTCBUSD' │          0           │   'USD$ 112.00'    │   'USD$ 0.00'    │
│   15    │ 1649302980000 │    112.1    │ 'LTCBUSD' │ 0.08928571428570921  │   'USD$ 112.10'    │   'USD$ 0.10'    │
└─────────┴───────────────┴─────────────┴───────────┴──────────────────────┴────────────────────┴──────────────────┘
{ symbol: 'LTCBUSD', price: 112 }
BTCBUSD BTCBUSD
BTCBUSD: 76.25457337729804
Vendendo 0.01 BTC por 43322.85 USDT
┌─────────┬───────────────┬─────────────┬───────────┬────────────────────────┬────────────────────┬──────────────────┐
│ (index) │  _openTimeMS  │ _closePrice │  _symbol  │       _closeRate       │ _currentClosePrice │ _priceDifference │
├─────────┼───────────────┼─────────────┼───────────┼────────────────────────┼────────────────────┼──────────────────┤
│    0    │ 1649302080000 │   43206.6   │ 'BTCBUSD' │ -0.047238972290941206  │  'USD$ 43206.60'   │  'USD$ -20.42'   │
│    1    │ 1649302140000 │  43203.27   │ 'BTCBUSD' │ -0.007707155851178982  │  'USD$ 43203.27'   │   'USD$ -3.33'   │
│    2    │ 1649302200000 │  43206.99   │ 'BTCBUSD' │  0.00861045934717711   │  'USD$ 43206.99'   │   'USD$ 3.72'    │
│    3    │ 1649302260000 │   43205.2   │ 'BTCBUSD' │ -0.0041428481826670804 │  'USD$ 43205.20'   │   'USD$ -1.79'   │
│    4    │ 1649302320000 │  43186.39   │ 'BTCBUSD' │  -0.0435364261709168   │  'USD$ 43186.39'   │  'USD$ -18.81'   │
│    5    │ 1649302380000 │  43163.76   │ 'BTCBUSD' │  -0.05240076792711079  │  'USD$ 43163.76'   │  'USD$ -22.63'   │
│    6    │ 1649302440000 │  43235.72   │ 'BTCBUSD' │   0.1667139285363442   │  'USD$ 43235.72'   │   'USD$ 71.96'   │
│    7    │ 1649302500000 │  43243.33   │ 'BTCBUSD' │  0.017601187166538645  │  'USD$ 43243.33'   │   'USD$ 7.61'    │
│    8    │ 1649302560000 │  43278.89   │ 'BTCBUSD' │  0.08223233502137248   │  'USD$ 43278.89'   │   'USD$ 35.56'   │
│    9    │ 1649302620000 │  43288.11   │ 'BTCBUSD' │  0.02130368870366399   │  'USD$ 43288.11'   │   'USD$ 9.22'    │
│   10    │ 1649302680000 │  43297.31   │ 'BTCBUSD' │  0.02125294913544872   │  'USD$ 43297.31'   │   'USD$ 9.20'    │
│   11    │ 1649302740000 │  43298.18   │ 'BTCBUSD' │ 0.0020093627063727964  │  'USD$ 43298.18'   │   'USD$ 0.87'    │
│   12    │ 1649302800000 │  43305.72   │ 'BTCBUSD' │  0.017414126875542744  │  'USD$ 43305.72'   │   'USD$ 7.54'    │
│   13    │ 1649302860000 │  43310.14   │ 'BTCBUSD' │  0.010206503898326258  │  'USD$ 43310.14'   │   'USD$ 4.42'    │
│   14    │ 1649302920000 │  43304.13   │ 'BTCBUSD' │ -0.013876657983558971  │  'USD$ 43304.13'   │   'USD$ -6.01'   │
│   15    │ 1649302980000 │  43322.85   │ 'BTCBUSD' │  0.04322913311040117   │  'USD$ 43322.85'   │   'USD$ 18.72'   │
└─────────┴───────────────┴─────────────┴───────────┴────────────────────────┴────────────────────┴──────────────────┘
{ symbol: 'BTCBUSD', price: 43304.13 }
ETHBUSD ETHBUSD
BTCBUSD BTCBUSD
ETHBUSD ETHBUSD
BTCBUSD BTCBUSD
ETHBUSD ETHBUSD
BTCBUSD BTCBUSD
ETHBUSD ETHBUSD
BTCBUSD BTCBUSD
BTCBUSD BTCBUSD
ETHBUSD ETHBUSD
BTCBUSD BTCBUSD
ETHBUSD ETHBUSD
BTCBUSD BTCBUSD
ETHBUSD ETHBUSD
ETHBUSD ETHBUSD
BTCBUSD BTCBUSD
ETHBUSD ETHBUSD
BTCBUSD BTCBUSD
ETHBUSD ETHBUSD
BTCBUSD BTCBUSD
BTCBUSD BTCBUSD
ETHBUSD ETHBUSD
BTCBUSD BTCBUSD
ETHBUSD ETHBUSD
BTCBUSD BTCBUSD
ETHBUSD ETHBUSD
BTCBUSD BTCBUSD
BTCBUSD BTCBUSD
ETHBUSD ETHBUSD
BTCBUSD BTCBUSD
ETHBUSD ETHBUSD
BTCBUSD BTCBUSD
ETHBUSD ETHBUSD
BTCBUSD BTCBUSD
ETHBUSD ETHBUSD
BTCBUSD BTCBUSD
ETHBUSD ETHBUSD
ETHBUSD ETHBUSD
ETHBUSD ETHBUSD
BTCBUSD BTCBUSD
BTCBUSD BTCBUSD
BTCBUSD BTCBUSD
BTCBUSD BTCBUSD
BTCBUSD BTCBUSD
ETHBUSD ETHBUSD
BTCBUSD BTCBUSD
ETHBUSD ETHBUSD
BTCBUSD BTCBUSD
ETHBUSD ETHBUSD
BTCBUSD BTCBUSD
ETHBUSD ETHBUSD
BTCBUSD BTCBUSD
ETHBUSD ETHBUSD
BTCBUSD BTCBUSD
ETHBUSD ETHBUSD
BTCBUSD BTCBUSD
ETHBUSD ETHBUSD
BTCBUSD BTCBUSD
ETHBUSD ETHBUSD
BTCBUSD BTCBUSD
ETHBUSD ETHBUSD
BTCBUSD BTCBUSD
ETHBUSD ETHBUSD
BTCBUSD BTCBUSD
ETHBUSD ETHBUSD
BTCBUSD BTCBUSD
BTCBUSD BTCBUSD
ETHBUSD ETHBUSD
LTCBUSD LTCBUSD
ETHBUSD ETHBUSD
ETHBUSD: 65.40735873850235
┌─────────┬───────────────┬─────────────┬───────────┬────────────────────────┬────────────────────┬──────────────────┐
│ (index) │  _openTimeMS  │ _closePrice │  _symbol  │       _closeRate       │ _currentClosePrice │ _priceDifference │
├─────────┼───────────────┼─────────────┼───────────┼────────────────────────┼────────────────────┼──────────────────┤
│    0    │ 1649302140000 │   3173.9    │ 'ETHBUSD' │   0.0091378587791179   │   'USD$ 3173.90'   │   'USD$ 0.29'    │
│    1    │ 1649302200000 │   3174.14   │ 'ETHBUSD' │  0.007561674910985907  │   'USD$ 3174.14'   │   'USD$ 0.24'    │
│    2    │ 1649302260000 │   3174.09   │ 'ETHBUSD' │ -0.0015752298260309772 │   'USD$ 3174.09'   │   'USD$ -0.05'   │
│    3    │ 1649302320000 │   3171.46   │ 'ETHBUSD' │  -0.0828583940594001   │   'USD$ 3171.46'   │   'USD$ -2.63'   │
│    4    │ 1649302380000 │   3169.37   │ 'ETHBUSD' │  -0.06590024783538695  │   'USD$ 3169.37'   │   'USD$ -2.09'   │
│    5    │ 1649302440000 │   3175.87   │ 'ETHBUSD' │  0.20508807744125804   │   'USD$ 3175.87'   │   'USD$ 6.50'    │
│    6    │ 1649302500000 │   3176.17   │ 'ETHBUSD' │  0.009446230481731994  │   'USD$ 3176.17'   │   'USD$ 0.30'    │
│    7    │ 1649302560000 │   3180.36   │ 'ETHBUSD' │  0.13191989093782935   │   'USD$ 3180.36'   │   'USD$ 4.19'    │
│    8    │ 1649302620000 │   3181.93   │ 'ETHBUSD' │  0.04936548063740297   │   'USD$ 3181.93'   │   'USD$ 1.57'    │
│    9    │ 1649302680000 │   3184.23   │ 'ETHBUSD' │  0.07228317404846059   │   'USD$ 3184.23'   │   'USD$ 2.30'    │
│   10    │ 1649302740000 │   3183.34   │ 'ETHBUSD' │ -0.027950242287772653  │   'USD$ 3183.34'   │   'USD$ -0.89'   │
│   11    │ 1649302800000 │   3184.81   │ 'ETHBUSD' │   0.0461779137635251   │   'USD$ 3184.81'   │   'USD$ 1.47'    │
│   12    │ 1649302860000 │   3186.21   │ 'ETHBUSD' │  0.04395866629406749   │   'USD$ 3186.21'   │   'USD$ 1.40'    │
│   13    │ 1649302920000 │   3186.43   │ 'ETHBUSD' │ 0.0069047551793447355  │   'USD$ 3186.43'   │   'USD$ 0.22'    │
│   14    │ 1649302980000 │   3188.15   │ 'ETHBUSD' │  0.05397890429101705   │   'USD$ 3188.15'   │   'USD$ 1.72'    │
│   15    │ 1649303040000 │   3183.28   │ 'ETHBUSD' │  -0.15275316406066963  │   'USD$ 3183.28'   │   'USD$ -4.87'   │
└─────────┴───────────────┴─────────────┴───────────┴────────────────────────┴────────────────────┴──────────────────┘
{ symbol: 'ETHBUSD', price: 3188.15 }
LTCBUSD LTCBUSD
LTCBUSD: 75
Vendendo 0.01 BTC por 112.1 USDT
┌─────────┬───────────────┬─────────────┬───────────┬──────────────────────┬────────────────────┬──────────────────┐
│ (index) │  _openTimeMS  │ _closePrice │  _symbol  │      _closeRate      │ _currentClosePrice │ _priceDifference │
├─────────┼───────────────┼─────────────┼───────────┼──────────────────────┼────────────────────┼──────────────────┤
│    0    │ 1649302140000 │    111.5    │ 'LTCBUSD' │ -0.08960573476701938 │   'USD$ 111.50'    │   'USD$ -0.10'   │
│    1    │ 1649302200000 │    111.6    │ 'LTCBUSD' │ 0.08968609865470342  │   'USD$ 111.60'    │   'USD$ 0.10'    │
│    2    │ 1649302260000 │    111.6    │ 'LTCBUSD' │          0           │   'USD$ 111.60'    │   'USD$ 0.00'    │
│    3    │ 1649302320000 │    111.6    │ 'LTCBUSD' │          0           │   'USD$ 111.60'    │   'USD$ 0.00'    │
│    4    │ 1649302380000 │    111.3    │ 'LTCBUSD' │ -0.26881720430107237 │   'USD$ 111.30'    │   'USD$ -0.30'   │
│    5    │ 1649302440000 │    111.6    │ 'LTCBUSD' │ 0.26954177897573867  │   'USD$ 111.60'    │   'USD$ 0.30'    │
│    6    │ 1649302500000 │    111.6    │ 'LTCBUSD' │          0           │   'USD$ 111.60'    │   'USD$ 0.00'    │
│    7    │ 1649302560000 │    111.7    │ 'LTCBUSD' │ 0.08960573476703274  │   'USD$ 111.70'    │   'USD$ 0.10'    │
│    8    │ 1649302620000 │    111.9    │ 'LTCBUSD' │ 0.17905102954342242  │   'USD$ 111.90'    │   'USD$ 0.20'    │
│    9    │ 1649302680000 │    111.9    │ 'LTCBUSD' │          0           │   'USD$ 111.90'    │   'USD$ 0.00'    │
│   10    │ 1649302740000 │    111.9    │ 'LTCBUSD' │          0           │   'USD$ 111.90'    │   'USD$ 0.00'    │
│   11    │ 1649302800000 │    111.9    │ 'LTCBUSD' │          0           │   'USD$ 111.90'    │   'USD$ 0.00'    │
│   12    │ 1649302860000 │     112     │ 'LTCBUSD' │ 0.08936550491509769  │   'USD$ 112.00'    │   'USD$ 0.10'    │
│   13    │ 1649302920000 │     112     │ 'LTCBUSD' │          0           │   'USD$ 112.00'    │   'USD$ 0.00'    │
│   14    │ 1649302980000 │    112.1    │ 'LTCBUSD' │ 0.08928571428570921  │   'USD$ 112.10'    │   'USD$ 0.10'    │
│   15    │ 1649303040000 │    112.1    │ 'LTCBUSD' │          0           │   'USD$ 112.10'    │   'USD$ 0.00'    │
└─────────┴───────────────┴─────────────┴───────────┴──────────────────────┴────────────────────┴──────────────────┘
{ symbol: 'LTCBUSD', price: 112.1 }
BTCBUSD BTCBUSD
BTCBUSD: 61.462846324680804
┌─────────┬───────────────┬─────────────┬───────────┬────────────────────────┬────────────────────┬──────────────────┐
│ (index) │  _openTimeMS  │ _closePrice │  _symbol  │       _closeRate       │ _currentClosePrice │ _priceDifference │
├─────────┼───────────────┼─────────────┼───────────┼────────────────────────┼────────────────────┼──────────────────┤
│    0    │ 1649302140000 │  43203.27   │ 'BTCBUSD' │ -0.007707155851178982  │  'USD$ 43203.27'   │   'USD$ -3.33'   │
│    1    │ 1649302200000 │  43206.99   │ 'BTCBUSD' │  0.00861045934717711   │  'USD$ 43206.99'   │   'USD$ 3.72'    │
│    2    │ 1649302260000 │   43205.2   │ 'BTCBUSD' │ -0.0041428481826670804 │  'USD$ 43205.20'   │   'USD$ -1.79'   │
│    3    │ 1649302320000 │  43186.39   │ 'BTCBUSD' │  -0.0435364261709168   │  'USD$ 43186.39'   │  'USD$ -18.81'   │
│    4    │ 1649302380000 │  43163.76   │ 'BTCBUSD' │  -0.05240076792711079  │  'USD$ 43163.76'   │  'USD$ -22.63'   │
│    5    │ 1649302440000 │  43235.72   │ 'BTCBUSD' │   0.1667139285363442   │  'USD$ 43235.72'   │   'USD$ 71.96'   │
│    6    │ 1649302500000 │  43243.33   │ 'BTCBUSD' │  0.017601187166538645  │  'USD$ 43243.33'   │   'USD$ 7.61'    │
│    7    │ 1649302560000 │  43278.89   │ 'BTCBUSD' │  0.08223233502137248   │  'USD$ 43278.89'   │   'USD$ 35.56'   │
│    8    │ 1649302620000 │  43288.11   │ 'BTCBUSD' │  0.02130368870366399   │  'USD$ 43288.11'   │   'USD$ 9.22'    │
│    9    │ 1649302680000 │  43297.31   │ 'BTCBUSD' │  0.02125294913544872   │  'USD$ 43297.31'   │   'USD$ 9.20'    │
│   10    │ 1649302740000 │  43298.18   │ 'BTCBUSD' │ 0.0020093627063727964  │  'USD$ 43298.18'   │   'USD$ 0.87'    │
│   11    │ 1649302800000 │  43305.72   │ 'BTCBUSD' │  0.017414126875542744  │  'USD$ 43305.72'   │   'USD$ 7.54'    │
│   12    │ 1649302860000 │  43310.14   │ 'BTCBUSD' │  0.010206503898326258  │  'USD$ 43310.14'   │   'USD$ 4.42'    │
│   13    │ 1649302920000 │  43304.13   │ 'BTCBUSD' │ -0.013876657983558971  │  'USD$ 43304.13'   │   'USD$ -6.01'   │
│   14    │ 1649302980000 │  43322.85   │ 'BTCBUSD' │  0.04322913311040117   │  'USD$ 43322.85'   │   'USD$ 18.72'   │
│   15    │ 1649303040000 │  43266.24   │ 'BTCBUSD' │  -0.13067007364473682  │  'USD$ 43266.24'   │  'USD$ -56.61'   │
└─────────┴───────────────┴─────────────┴───────────┴────────────────────────┴────────────────────┴──────────────────┘
{ symbol: 'BTCBUSD', price: 43322.85 }
ETHBUSD ETHBUSD
ETHBUSD ETHBUSD
ETHBUSD ETHBUSD
BTCBUSD BTCBUSD
ETHBUSD ETHBUSD
BTCBUSD BTCBUSD
ETHBUSD ETHBUSD
BTCBUSD BTCBUSD
ETHBUSD ETHBUSD
BTCBUSD BTCBUSD
ETHBUSD ETHBUSD
BTCBUSD BTCBUSD
BTCBUSD BTCBUSD
ETHBUSD ETHBUSD
ETHBUSD ETHBUSD
ETHBUSD ETHBUSD
ETHBUSD ETHBUSD
ETHBUSD ETHBUSD
ETHBUSD ETHBUSD
ETHBUSD ETHBUSD
BTCBUSD BTCBUSD
ETHBUSD ETHBUSD
BTCBUSD BTCBUSD
ETHBUSD ETHBUSD
BTCBUSD BTCBUSD
BTCBUSD BTCBUSD
LTCBUSD LTCBUSD
ETHBUSD ETHBUSD
ETHBUSD ETHBUSD
BTCBUSD BTCBUSD
ETHBUSD ETHBUSD
BTCBUSD BTCBUSD
ETHBUSD ETHBUSD
BTCBUSD BTCBUSD
ETHBUSD ETHBUSD
BTCBUSD BTCBUSD
ETHBUSD ETHBUSD
BTCBUSD BTCBUSD
ETHBUSD ETHBUSD
BTCBUSD BTCBUSD
ETHBUSD ETHBUSD
BTCBUSD BTCBUSD
ETHBUSD ETHBUSD
BTCBUSD BTCBUSD
BTCBUSD BTCBUSD
ETHBUSD ETHBUSD
LTCBUSD LTCBUSD
ETHBUSD ETHBUSD
ETHBUSD: 70.02561912895004
Vendendo 0.01 BTC por 3188.21 USDT
┌─────────┬───────────────┬─────────────┬───────────┬────────────────────────┬────────────────────┬──────────────────┐
│ (index) │  _openTimeMS  │ _closePrice │  _symbol  │       _closeRate       │ _currentClosePrice │ _priceDifference │
├─────────┼───────────────┼─────────────┼───────────┼────────────────────────┼────────────────────┼──────────────────┤
│    0    │ 1649302200000 │   3174.14   │ 'ETHBUSD' │  0.007561674910985907  │   'USD$ 3174.14'   │   'USD$ 0.24'    │
│    1    │ 1649302260000 │   3174.09   │ 'ETHBUSD' │ -0.0015752298260309772 │   'USD$ 3174.09'   │   'USD$ -0.05'   │
│    2    │ 1649302320000 │   3171.46   │ 'ETHBUSD' │  -0.0828583940594001   │   'USD$ 3171.46'   │   'USD$ -2.63'   │
│    3    │ 1649302380000 │   3169.37   │ 'ETHBUSD' │  -0.06590024783538695  │   'USD$ 3169.37'   │   'USD$ -2.09'   │
│    4    │ 1649302440000 │   3175.87   │ 'ETHBUSD' │  0.20508807744125804   │   'USD$ 3175.87'   │   'USD$ 6.50'    │
│    5    │ 1649302500000 │   3176.17   │ 'ETHBUSD' │  0.009446230481731994  │   'USD$ 3176.17'   │   'USD$ 0.30'    │
│    6    │ 1649302560000 │   3180.36   │ 'ETHBUSD' │  0.13191989093782935   │   'USD$ 3180.36'   │   'USD$ 4.19'    │
│    7    │ 1649302620000 │   3181.93   │ 'ETHBUSD' │  0.04936548063740297   │   'USD$ 3181.93'   │   'USD$ 1.57'    │
│    8    │ 1649302680000 │   3184.23   │ 'ETHBUSD' │  0.07228317404846059   │   'USD$ 3184.23'   │   'USD$ 2.30'    │
│    9    │ 1649302740000 │   3183.34   │ 'ETHBUSD' │ -0.027950242287772653  │   'USD$ 3183.34'   │   'USD$ -0.89'   │
│   10    │ 1649302800000 │   3184.81   │ 'ETHBUSD' │   0.0461779137635251   │   'USD$ 3184.81'   │   'USD$ 1.47'    │
│   11    │ 1649302860000 │   3186.21   │ 'ETHBUSD' │  0.04395866629406749   │   'USD$ 3186.21'   │   'USD$ 1.40'    │
│   12    │ 1649302920000 │   3186.43   │ 'ETHBUSD' │ 0.0069047551793447355  │   'USD$ 3186.43'   │   'USD$ 0.22'    │
│   13    │ 1649302980000 │   3188.15   │ 'ETHBUSD' │  0.05397890429101705   │   'USD$ 3188.15'   │   'USD$ 1.72'    │
│   14    │ 1649303040000 │   3183.28   │ 'ETHBUSD' │  -0.15275316406066963  │   'USD$ 3183.28'   │   'USD$ -4.87'   │
│   15    │ 1649303100000 │   3188.21   │ 'ETHBUSD' │   0.1548717046568268   │   'USD$ 3188.21'   │   'USD$ 4.93'    │
└─────────┴───────────────┴─────────────┴───────────┴────────────────────────┴────────────────────┴──────────────────┘
{ symbol: 'ETHBUSD', price: 3183.28 }
LTCBUSD LTCBUSD
LTCBUSD: 66.66666666666706
┌─────────┬───────────────┬─────────────┬───────────┬──────────────────────┬────────────────────┬──────────────────┐
│ (index) │  _openTimeMS  │ _closePrice │  _symbol  │      _closeRate      │ _currentClosePrice │ _priceDifference │
├─────────┼───────────────┼─────────────┼───────────┼──────────────────────┼────────────────────┼──────────────────┤
│    0    │ 1649302200000 │    111.6    │ 'LTCBUSD' │ 0.08968609865470342  │   'USD$ 111.60'    │   'USD$ 0.10'    │
│    1    │ 1649302260000 │    111.6    │ 'LTCBUSD' │          0           │   'USD$ 111.60'    │   'USD$ 0.00'    │
│    2    │ 1649302320000 │    111.6    │ 'LTCBUSD' │          0           │   'USD$ 111.60'    │   'USD$ 0.00'    │
│    3    │ 1649302380000 │    111.3    │ 'LTCBUSD' │ -0.26881720430107237 │   'USD$ 111.30'    │   'USD$ -0.30'   │
│    4    │ 1649302440000 │    111.6    │ 'LTCBUSD' │ 0.26954177897573867  │   'USD$ 111.60'    │   'USD$ 0.30'    │
│    5    │ 1649302500000 │    111.6    │ 'LTCBUSD' │          0           │   'USD$ 111.60'    │   'USD$ 0.00'    │
│    6    │ 1649302560000 │    111.7    │ 'LTCBUSD' │ 0.08960573476703274  │   'USD$ 111.70'    │   'USD$ 0.10'    │
│    7    │ 1649302620000 │    111.9    │ 'LTCBUSD' │ 0.17905102954342242  │   'USD$ 111.90'    │   'USD$ 0.20'    │
│    8    │ 1649302680000 │    111.9    │ 'LTCBUSD' │          0           │   'USD$ 111.90'    │   'USD$ 0.00'    │
│    9    │ 1649302740000 │    111.9    │ 'LTCBUSD' │          0           │   'USD$ 111.90'    │   'USD$ 0.00'    │
│   10    │ 1649302800000 │    111.9    │ 'LTCBUSD' │          0           │   'USD$ 111.90'    │   'USD$ 0.00'    │
│   11    │ 1649302860000 │     112     │ 'LTCBUSD' │ 0.08936550491509769  │   'USD$ 112.00'    │   'USD$ 0.10'    │
│   12    │ 1649302920000 │     112     │ 'LTCBUSD' │          0           │   'USD$ 112.00'    │   'USD$ 0.00'    │
│   13    │ 1649302980000 │    112.1    │ 'LTCBUSD' │ 0.08928571428570921  │   'USD$ 112.10'    │   'USD$ 0.10'    │
│   14    │ 1649303040000 │    112.1    │ 'LTCBUSD' │          0           │   'USD$ 112.10'    │   'USD$ 0.00'    │
│   15    │ 1649303100000 │     112     │ 'LTCBUSD' │ -0.08920606601247982 │   'USD$ 112.00'    │   'USD$ -0.10'   │
└─────────┴───────────────┴─────────────┴───────────┴──────────────────────┴────────────────────┴──────────────────┘
{ symbol: 'LTCBUSD', price: 112.1 }
BTCBUSD BTCBUSD
BTCBUSD: 65.44801697404961
┌─────────┬───────────────┬─────────────┬───────────┬────────────────────────┬────────────────────┬──────────────────┐
│ (index) │  _openTimeMS  │ _closePrice │  _symbol  │       _closeRate       │ _currentClosePrice │ _priceDifference │
├─────────┼───────────────┼─────────────┼───────────┼────────────────────────┼────────────────────┼──────────────────┤
│    0    │ 1649302200000 │  43206.99   │ 'BTCBUSD' │  0.00861045934717711   │  'USD$ 43206.99'   │   'USD$ 3.72'    │
│    1    │ 1649302260000 │   43205.2   │ 'BTCBUSD' │ -0.0041428481826670804 │  'USD$ 43205.20'   │   'USD$ -1.79'   │
│    2    │ 1649302320000 │  43186.39   │ 'BTCBUSD' │  -0.0435364261709168   │  'USD$ 43186.39'   │  'USD$ -18.81'   │
│    3    │ 1649302380000 │  43163.76   │ 'BTCBUSD' │  -0.05240076792711079  │  'USD$ 43163.76'   │  'USD$ -22.63'   │
│    4    │ 1649302440000 │  43235.72   │ 'BTCBUSD' │   0.1667139285363442   │  'USD$ 43235.72'   │   'USD$ 71.96'   │
│    5    │ 1649302500000 │  43243.33   │ 'BTCBUSD' │  0.017601187166538645  │  'USD$ 43243.33'   │   'USD$ 7.61'    │
│    6    │ 1649302560000 │  43278.89   │ 'BTCBUSD' │  0.08223233502137248   │  'USD$ 43278.89'   │   'USD$ 35.56'   │
│    7    │ 1649302620000 │  43288.11   │ 'BTCBUSD' │  0.02130368870366399   │  'USD$ 43288.11'   │   'USD$ 9.22'    │
│    8    │ 1649302680000 │  43297.31   │ 'BTCBUSD' │  0.02125294913544872   │  'USD$ 43297.31'   │   'USD$ 9.20'    │
│    9    │ 1649302740000 │  43298.18   │ 'BTCBUSD' │ 0.0020093627063727964  │  'USD$ 43298.18'   │   'USD$ 0.87'    │
│   10    │ 1649302800000 │  43305.72   │ 'BTCBUSD' │  0.017414126875542744  │  'USD$ 43305.72'   │   'USD$ 7.54'    │
│   11    │ 1649302860000 │  43310.14   │ 'BTCBUSD' │  0.010206503898326258  │  'USD$ 43310.14'   │   'USD$ 4.42'    │
│   12    │ 1649302920000 │  43304.13   │ 'BTCBUSD' │ -0.013876657983558971  │  'USD$ 43304.13'   │   'USD$ -6.01'   │
│   13    │ 1649302980000 │  43322.85   │ 'BTCBUSD' │  0.04322913311040117   │  'USD$ 43322.85'   │   'USD$ 18.72'   │
│   14    │ 1649303040000 │  43266.24   │ 'BTCBUSD' │  -0.13067007364473682  │  'USD$ 43266.24'   │  'USD$ -56.61'   │
│   15    │ 1649303100000 │  43301.64   │ 'BTCBUSD' │   0.081818988661833    │  'USD$ 43301.64'   │   'USD$ 35.40'   │
└─────────┴───────────────┴─────────────┴───────────┴────────────────────────┴────────────────────┴──────────────────┘
{ symbol: 'BTCBUSD', price: 43266.24 }
ETHBUSD ETHBUSD
BTCBUSD BTCBUSD
ETHBUSD ETHBUSD
BTCBUSD BTCBUSD
ETHBUSD ETHBUSD
BTCBUSD BTCBUSD
ETHBUSD ETHBUSD
BTCBUSD BTCBUSD
ETHBUSD ETHBUSD
BTCBUSD BTCBUSD
BTCBUSD BTCBUSD
ETHBUSD ETHBUSD
BTCBUSD BTCBUSD
ETHBUSD ETHBUSD
BTCBUSD BTCBUSD
ETHBUSD ETHBUSD
BTCBUSD BTCBUSD
ETHBUSD ETHBUSD
BTCBUSD BTCBUSD
BTCBUSD BTCBUSD
ETHBUSD ETHBUSD
ETHBUSD ETHBUSD
BTCBUSD BTCBUSD
BTCBUSD BTCBUSD
BTCBUSD BTCBUSD
ETHBUSD ETHBUSD
BTCBUSD BTCBUSD
ETHBUSD ETHBUSD
BTCBUSD BTCBUSD
BTCBUSD BTCBUSD
BTCBUSD BTCBUSD
ETHBUSD ETHBUSD
BTCBUSD BTCBUSD
ETHBUSD ETHBUSD
BTCBUSD BTCBUSD
BTCBUSD BTCBUSD
ETHBUSD ETHBUSD
ETHBUSD ETHBUSD
BTCBUSD BTCBUSD
ETHBUSD ETHBUSD
BTCBUSD BTCBUSD
ETHBUSD ETHBUSD
BTCBUSD BTCBUSD
ETHBUSD ETHBUSD
BTCBUSD BTCBUSD
ETHBUSD ETHBUSD
ETHBUSD ETHBUSD
BTCBUSD BTCBUSD
BTCBUSD BTCBUSD
BTCBUSD BTCBUSD
ETHBUSD ETHBUSD
LTCBUSD LTCBUSD
ETHBUSD ETHBUSD
ETHBUSD: 66.16460462614313
┌─────────┬───────────────┬─────────────┬───────────┬────────────────────────┬────────────────────┬──────────────────┐
│ (index) │  _openTimeMS  │ _closePrice │  _symbol  │       _closeRate       │ _currentClosePrice │ _priceDifference │
├─────────┼───────────────┼─────────────┼───────────┼────────────────────────┼────────────────────┼──────────────────┤
│    0    │ 1649302260000 │   3174.09   │ 'ETHBUSD' │ -0.0015752298260309772 │   'USD$ 3174.09'   │   'USD$ -0.05'   │
│    1    │ 1649302320000 │   3171.46   │ 'ETHBUSD' │  -0.0828583940594001   │   'USD$ 3171.46'   │   'USD$ -2.63'   │
│    2    │ 1649302380000 │   3169.37   │ 'ETHBUSD' │  -0.06590024783538695  │   'USD$ 3169.37'   │   'USD$ -2.09'   │
│    3    │ 1649302440000 │   3175.87   │ 'ETHBUSD' │  0.20508807744125804   │   'USD$ 3175.87'   │   'USD$ 6.50'    │
│    4    │ 1649302500000 │   3176.17   │ 'ETHBUSD' │  0.009446230481731994  │   'USD$ 3176.17'   │   'USD$ 0.30'    │
│    5    │ 1649302560000 │   3180.36   │ 'ETHBUSD' │  0.13191989093782935   │   'USD$ 3180.36'   │   'USD$ 4.19'    │
│    6    │ 1649302620000 │   3181.93   │ 'ETHBUSD' │  0.04936548063740297   │   'USD$ 3181.93'   │   'USD$ 1.57'    │
│    7    │ 1649302680000 │   3184.23   │ 'ETHBUSD' │  0.07228317404846059   │   'USD$ 3184.23'   │   'USD$ 2.30'    │
│    8    │ 1649302740000 │   3183.34   │ 'ETHBUSD' │ -0.027950242287772653  │   'USD$ 3183.34'   │   'USD$ -0.89'   │
│    9    │ 1649302800000 │   3184.81   │ 'ETHBUSD' │   0.0461779137635251   │   'USD$ 3184.81'   │   'USD$ 1.47'    │
│   10    │ 1649302860000 │   3186.21   │ 'ETHBUSD' │  0.04395866629406749   │   'USD$ 3186.21'   │   'USD$ 1.40'    │
│   11    │ 1649302920000 │   3186.43   │ 'ETHBUSD' │ 0.0069047551793447355  │   'USD$ 3186.43'   │   'USD$ 0.22'    │
│   12    │ 1649302980000 │   3188.15   │ 'ETHBUSD' │  0.05397890429101705   │   'USD$ 3188.15'   │   'USD$ 1.72'    │
│   13    │ 1649303040000 │   3183.28   │ 'ETHBUSD' │  -0.15275316406066963  │   'USD$ 3183.28'   │   'USD$ -4.87'   │
│   14    │ 1649303100000 │   3188.21   │ 'ETHBUSD' │   0.1548717046568268   │   'USD$ 3188.21'   │   'USD$ 4.93'    │
│   15    │ 1649303160000 │   3186.11   │ 'ETHBUSD' │  -0.06586768123806053  │   'USD$ 3186.11'   │   'USD$ -2.10'   │
└─────────┴───────────────┴─────────────┴───────────┴────────────────────────┴────────────────────┴──────────────────┘
{ symbol: 'ETHBUSD', price: 3188.21 }
LTCBUSD LTCBUSD
LTCBUSD: 66.66666666666706
┌─────────┬───────────────┬─────────────┬───────────┬──────────────────────┬────────────────────┬──────────────────┐
│ (index) │  _openTimeMS  │ _closePrice │  _symbol  │      _closeRate      │ _currentClosePrice │ _priceDifference │
├─────────┼───────────────┼─────────────┼───────────┼──────────────────────┼────────────────────┼──────────────────┤
│    0    │ 1649302260000 │    111.6    │ 'LTCBUSD' │          0           │   'USD$ 111.60'    │   'USD$ 0.00'    │
│    1    │ 1649302320000 │    111.6    │ 'LTCBUSD' │          0           │   'USD$ 111.60'    │   'USD$ 0.00'    │
│    2    │ 1649302380000 │    111.3    │ 'LTCBUSD' │ -0.26881720430107237 │   'USD$ 111.30'    │   'USD$ -0.30'   │
│    3    │ 1649302440000 │    111.6    │ 'LTCBUSD' │ 0.26954177897573867  │   'USD$ 111.60'    │   'USD$ 0.30'    │
│    4    │ 1649302500000 │    111.6    │ 'LTCBUSD' │          0           │   'USD$ 111.60'    │   'USD$ 0.00'    │
│    5    │ 1649302560000 │    111.7    │ 'LTCBUSD' │ 0.08960573476703274  │   'USD$ 111.70'    │   'USD$ 0.10'    │
│    6    │ 1649302620000 │    111.9    │ 'LTCBUSD' │ 0.17905102954342242  │   'USD$ 111.90'    │   'USD$ 0.20'    │
│    7    │ 1649302680000 │    111.9    │ 'LTCBUSD' │          0           │   'USD$ 111.90'    │   'USD$ 0.00'    │
│    8    │ 1649302740000 │    111.9    │ 'LTCBUSD' │          0           │   'USD$ 111.90'    │   'USD$ 0.00'    │
│    9    │ 1649302800000 │    111.9    │ 'LTCBUSD' │          0           │   'USD$ 111.90'    │   'USD$ 0.00'    │
│   10    │ 1649302860000 │     112     │ 'LTCBUSD' │ 0.08936550491509769  │   'USD$ 112.00'    │   'USD$ 0.10'    │
│   11    │ 1649302920000 │     112     │ 'LTCBUSD' │          0           │   'USD$ 112.00'    │   'USD$ 0.00'    │
│   12    │ 1649302980000 │    112.1    │ 'LTCBUSD' │ 0.08928571428570921  │   'USD$ 112.10'    │   'USD$ 0.10'    │
│   13    │ 1649303040000 │    112.1    │ 'LTCBUSD' │          0           │   'USD$ 112.10'    │   'USD$ 0.00'    │
│   14    │ 1649303100000 │     112     │ 'LTCBUSD' │ -0.08920606601247982 │   'USD$ 112.00'    │   'USD$ -0.10'   │
│   15    │ 1649303160000 │     112     │ 'LTCBUSD' │          0           │   'USD$ 112.00'    │   'USD$ 0.00'    │
└─────────┴───────────────┴─────────────┴───────────┴──────────────────────┴────────────────────┴──────────────────┘
{ symbol: 'LTCBUSD', price: 112 }
BTCBUSD BTCBUSD
BTCBUSD: 62.32708508191212
┌─────────┬───────────────┬─────────────┬───────────┬────────────────────────┬────────────────────┬──────────────────┐
│ (index) │  _openTimeMS  │ _closePrice │  _symbol  │       _closeRate       │ _currentClosePrice │ _priceDifference │
├─────────┼───────────────┼─────────────┼───────────┼────────────────────────┼────────────────────┼──────────────────┤
│    0    │ 1649302260000 │   43205.2   │ 'BTCBUSD' │ -0.0041428481826670804 │  'USD$ 43205.20'   │   'USD$ -1.79'   │
│    1    │ 1649302320000 │  43186.39   │ 'BTCBUSD' │  -0.0435364261709168   │  'USD$ 43186.39'   │  'USD$ -18.81'   │
│    2    │ 1649302380000 │  43163.76   │ 'BTCBUSD' │  -0.05240076792711079  │  'USD$ 43163.76'   │  'USD$ -22.63'   │
│    3    │ 1649302440000 │  43235.72   │ 'BTCBUSD' │   0.1667139285363442   │  'USD$ 43235.72'   │   'USD$ 71.96'   │
│    4    │ 1649302500000 │  43243.33   │ 'BTCBUSD' │  0.017601187166538645  │  'USD$ 43243.33'   │   'USD$ 7.61'    │
│    5    │ 1649302560000 │  43278.89   │ 'BTCBUSD' │  0.08223233502137248   │  'USD$ 43278.89'   │   'USD$ 35.56'   │
│    6    │ 1649302620000 │  43288.11   │ 'BTCBUSD' │  0.02130368870366399   │  'USD$ 43288.11'   │   'USD$ 9.22'    │
│    7    │ 1649302680000 │  43297.31   │ 'BTCBUSD' │  0.02125294913544872   │  'USD$ 43297.31'   │   'USD$ 9.20'    │
│    8    │ 1649302740000 │  43298.18   │ 'BTCBUSD' │ 0.0020093627063727964  │  'USD$ 43298.18'   │   'USD$ 0.87'    │
│    9    │ 1649302800000 │  43305.72   │ 'BTCBUSD' │  0.017414126875542744  │  'USD$ 43305.72'   │   'USD$ 7.54'    │
│   10    │ 1649302860000 │  43310.14   │ 'BTCBUSD' │  0.010206503898326258  │  'USD$ 43310.14'   │   'USD$ 4.42'    │
│   11    │ 1649302920000 │  43304.13   │ 'BTCBUSD' │ -0.013876657983558971  │  'USD$ 43304.13'   │   'USD$ -6.01'   │
│   12    │ 1649302980000 │  43322.85   │ 'BTCBUSD' │  0.04322913311040117   │  'USD$ 43322.85'   │   'USD$ 18.72'   │
│   13    │ 1649303040000 │  43266.24   │ 'BTCBUSD' │  -0.13067007364473682  │  'USD$ 43266.24'   │  'USD$ -56.61'   │
│   14    │ 1649303100000 │  43301.64   │ 'BTCBUSD' │   0.081818988661833    │  'USD$ 43301.64'   │   'USD$ 35.40'   │
│   15    │ 1649303160000 │  43284.51   │ 'BTCBUSD' │  -0.03955970258863317  │  'USD$ 43284.51'   │  'USD$ -17.13'   │
└─────────┴───────────────┴─────────────┴───────────┴────────────────────────┴────────────────────┴──────────────────┘
{ symbol: 'BTCBUSD', price: 43301.64 }
BTCBUSD BTCBUSD
ETHBUSD ETHBUSD
BTCBUSD BTCBUSD
ETHBUSD ETHBUSD
BTCBUSD BTCBUSD
ETHBUSD ETHBUSD
BTCBUSD BTCBUSD
BTCBUSD BTCBUSD
BTCBUSD BTCBUSD
ETHBUSD ETHBUSD
BTCBUSD BTCBUSD
ETHBUSD ETHBUSD
BTCBUSD BTCBUSD
ETHBUSD ETHBUSD
BTCBUSD BTCBUSD
ETHBUSD ETHBUSD
BTCBUSD BTCBUSD
ETHBUSD ETHBUSD
BTCBUSD BTCBUSD
ETHBUSD ETHBUSD
BTCBUSD BTCBUSD
ETHBUSD ETHBUSD
BTCBUSD BTCBUSD
ETHBUSD ETHBUSD
BTCBUSD BTCBUSD
ETHBUSD ETHBUSD
BTCBUSD BTCBUSD
ETHBUSD ETHBUSD
BTCBUSD BTCBUSD
ETHBUSD ETHBUSD
ETHBUSD ETHBUSD
BTCBUSD BTCBUSD
BTCBUSD BTCBUSD
ETHBUSD ETHBUSD
BTCBUSD BTCBUSD
BTCBUSD BTCBUSD
BTCBUSD BTCBUSD
ETHBUSD ETHBUSD
BTCBUSD BTCBUSD
ETHBUSD ETHBUSD
ETHBUSD ETHBUSD
BTCBUSD BTCBUSD
ETHBUSD ETHBUSD
BTCBUSD BTCBUSD
BTCBUSD BTCBUSD
ETHBUSD ETHBUSD
BTCBUSD BTCBUSD
ETHBUSD ETHBUSD
BTCBUSD BTCBUSD
LTCBUSD LTCBUSD
ETHBUSD ETHBUSD
BTCBUSD BTCBUSD
ETHBUSD ETHBUSD
BTCBUSD BTCBUSD
BTCBUSD BTCBUSD
ETHBUSD ETHBUSD
LTCBUSD LTCBUSD
ETHBUSD ETHBUSD
ETHBUSD: 65.82820444206578
┌─────────┬───────────────┬─────────────┬───────────┬───────────────────────┬────────────────────┬──────────────────┐
│ (index) │  _openTimeMS  │ _closePrice │  _symbol  │      _closeRate       │ _currentClosePrice │ _priceDifference │
├─────────┼───────────────┼─────────────┼───────────┼───────────────────────┼────────────────────┼──────────────────┤
│    0    │ 1649302320000 │   3171.46   │ 'ETHBUSD' │  -0.0828583940594001  │   'USD$ 3171.46'   │   'USD$ -2.63'   │
│    1    │ 1649302380000 │   3169.37   │ 'ETHBUSD' │ -0.06590024783538695  │   'USD$ 3169.37'   │   'USD$ -2.09'   │
│    2    │ 1649302440000 │   3175.87   │ 'ETHBUSD' │  0.20508807744125804  │   'USD$ 3175.87'   │   'USD$ 6.50'    │
│    3    │ 1649302500000 │   3176.17   │ 'ETHBUSD' │ 0.009446230481731994  │   'USD$ 3176.17'   │   'USD$ 0.30'    │
│    4    │ 1649302560000 │   3180.36   │ 'ETHBUSD' │  0.13191989093782935  │   'USD$ 3180.36'   │   'USD$ 4.19'    │
│    5    │ 1649302620000 │   3181.93   │ 'ETHBUSD' │  0.04936548063740297  │   'USD$ 3181.93'   │   'USD$ 1.57'    │
│    6    │ 1649302680000 │   3184.23   │ 'ETHBUSD' │  0.07228317404846059  │   'USD$ 3184.23'   │   'USD$ 2.30'    │
│    7    │ 1649302740000 │   3183.34   │ 'ETHBUSD' │ -0.027950242287772653 │   'USD$ 3183.34'   │   'USD$ -0.89'   │
│    8    │ 1649302800000 │   3184.81   │ 'ETHBUSD' │  0.0461779137635251   │   'USD$ 3184.81'   │   'USD$ 1.47'    │
│    9    │ 1649302860000 │   3186.21   │ 'ETHBUSD' │  0.04395866629406749  │   'USD$ 3186.21'   │   'USD$ 1.40'    │
│   10    │ 1649302920000 │   3186.43   │ 'ETHBUSD' │ 0.0069047551793447355 │   'USD$ 3186.43'   │   'USD$ 0.22'    │
│   11    │ 1649302980000 │   3188.15   │ 'ETHBUSD' │  0.05397890429101705  │   'USD$ 3188.15'   │   'USD$ 1.72'    │
│   12    │ 1649303040000 │   3183.28   │ 'ETHBUSD' │ -0.15275316406066963  │   'USD$ 3183.28'   │   'USD$ -4.87'   │
│   13    │ 1649303100000 │   3188.21   │ 'ETHBUSD' │  0.1548717046568268   │   'USD$ 3188.21'   │   'USD$ 4.93'    │
│   14    │ 1649303160000 │   3186.11   │ 'ETHBUSD' │ -0.06586768123806053  │   'USD$ 3186.11'   │   'USD$ -2.10'   │
│   15    │ 1649303220000 │   3183.29   │ 'ETHBUSD' │ -0.08850918518193396  │   'USD$ 3183.29'   │   'USD$ -2.82'   │
└─────────┴───────────────┴─────────────┴───────────┴───────────────────────┴────────────────────┴──────────────────┘
{ symbol: 'ETHBUSD', price: 3186.11 }
LTCBUSD LTCBUSD
LTCBUSD: 57.14285714285728
┌─────────┬───────────────┬─────────────┬───────────┬──────────────────────┬────────────────────┬──────────────────┐
│ (index) │  _openTimeMS  │ _closePrice │  _symbol  │      _closeRate      │ _currentClosePrice │ _priceDifference │
├─────────┼───────────────┼─────────────┼───────────┼──────────────────────┼────────────────────┼──────────────────┤
│    0    │ 1649302320000 │    111.6    │ 'LTCBUSD' │          0           │   'USD$ 111.60'    │   'USD$ 0.00'    │
│    1    │ 1649302380000 │    111.3    │ 'LTCBUSD' │ -0.26881720430107237 │   'USD$ 111.30'    │   'USD$ -0.30'   │
│    2    │ 1649302440000 │    111.6    │ 'LTCBUSD' │ 0.26954177897573867  │   'USD$ 111.60'    │   'USD$ 0.30'    │
│    3    │ 1649302500000 │    111.6    │ 'LTCBUSD' │          0           │   'USD$ 111.60'    │   'USD$ 0.00'    │
│    4    │ 1649302560000 │    111.7    │ 'LTCBUSD' │ 0.08960573476703274  │   'USD$ 111.70'    │   'USD$ 0.10'    │
│    5    │ 1649302620000 │    111.9    │ 'LTCBUSD' │ 0.17905102954342242  │   'USD$ 111.90'    │   'USD$ 0.20'    │
│    6    │ 1649302680000 │    111.9    │ 'LTCBUSD' │          0           │   'USD$ 111.90'    │   'USD$ 0.00'    │
│    7    │ 1649302740000 │    111.9    │ 'LTCBUSD' │          0           │   'USD$ 111.90'    │   'USD$ 0.00'    │
│    8    │ 1649302800000 │    111.9    │ 'LTCBUSD' │          0           │   'USD$ 111.90'    │   'USD$ 0.00'    │
│    9    │ 1649302860000 │     112     │ 'LTCBUSD' │ 0.08936550491509769  │   'USD$ 112.00'    │   'USD$ 0.10'    │
│   10    │ 1649302920000 │     112     │ 'LTCBUSD' │          0           │   'USD$ 112.00'    │   'USD$ 0.00'    │
│   11    │ 1649302980000 │    112.1    │ 'LTCBUSD' │ 0.08928571428570921  │   'USD$ 112.10'    │   'USD$ 0.10'    │
│   12    │ 1649303040000 │    112.1    │ 'LTCBUSD' │          0           │   'USD$ 112.10'    │   'USD$ 0.00'    │
│   13    │ 1649303100000 │     112     │ 'LTCBUSD' │ -0.08920606601247982 │   'USD$ 112.00'    │   'USD$ -0.10'   │
│   14    │ 1649303160000 │     112     │ 'LTCBUSD' │          0           │   'USD$ 112.00'    │   'USD$ 0.00'    │
│   15    │ 1649303220000 │    111.8    │ 'LTCBUSD' │ -0.1785714285714306  │   'USD$ 111.80'    │   'USD$ -0.20'   │
└─────────┴───────────────┴─────────────┴───────────┴──────────────────────┴────────────────────┴──────────────────┘
{ symbol: 'LTCBUSD', price: 112 }
BTCBUSD BTCBUSD
BTCBUSD: 58.92379580921089
┌─────────┬───────────────┬─────────────┬───────────┬───────────────────────┬────────────────────┬──────────────────┐
│ (index) │  _openTimeMS  │ _closePrice │  _symbol  │      _closeRate       │ _currentClosePrice │ _priceDifference │
├─────────┼───────────────┼─────────────┼───────────┼───────────────────────┼────────────────────┼──────────────────┤
│    0    │ 1649302320000 │  43186.39   │ 'BTCBUSD' │  -0.0435364261709168  │  'USD$ 43186.39'   │  'USD$ -18.81'   │
│    1    │ 1649302380000 │  43163.76   │ 'BTCBUSD' │ -0.05240076792711079  │  'USD$ 43163.76'   │  'USD$ -22.63'   │
│    2    │ 1649302440000 │  43235.72   │ 'BTCBUSD' │  0.1667139285363442   │  'USD$ 43235.72'   │   'USD$ 71.96'   │
│    3    │ 1649302500000 │  43243.33   │ 'BTCBUSD' │ 0.017601187166538645  │  'USD$ 43243.33'   │   'USD$ 7.61'    │
│    4    │ 1649302560000 │  43278.89   │ 'BTCBUSD' │  0.08223233502137248  │  'USD$ 43278.89'   │   'USD$ 35.56'   │
│    5    │ 1649302620000 │  43288.11   │ 'BTCBUSD' │  0.02130368870366399  │  'USD$ 43288.11'   │   'USD$ 9.22'    │
│    6    │ 1649302680000 │  43297.31   │ 'BTCBUSD' │  0.02125294913544872  │  'USD$ 43297.31'   │   'USD$ 9.20'    │
│    7    │ 1649302740000 │  43298.18   │ 'BTCBUSD' │ 0.0020093627063727964 │  'USD$ 43298.18'   │   'USD$ 0.87'    │
│    8    │ 1649302800000 │  43305.72   │ 'BTCBUSD' │ 0.017414126875542744  │  'USD$ 43305.72'   │   'USD$ 7.54'    │
│    9    │ 1649302860000 │  43310.14   │ 'BTCBUSD' │ 0.010206503898326258  │  'USD$ 43310.14'   │   'USD$ 4.42'    │
│   10    │ 1649302920000 │  43304.13   │ 'BTCBUSD' │ -0.013876657983558971 │  'USD$ 43304.13'   │   'USD$ -6.01'   │
│   11    │ 1649302980000 │  43322.85   │ 'BTCBUSD' │  0.04322913311040117  │  'USD$ 43322.85'   │   'USD$ 18.72'   │
│   12    │ 1649303040000 │  43266.24   │ 'BTCBUSD' │ -0.13067007364473682  │  'USD$ 43266.24'   │  'USD$ -56.61'   │
│   13    │ 1649303100000 │  43301.64   │ 'BTCBUSD' │   0.081818988661833   │  'USD$ 43301.64'   │   'USD$ 35.40'   │
│   14    │ 1649303160000 │  43284.51   │ 'BTCBUSD' │ -0.03955970258863317  │  'USD$ 43284.51'   │  'USD$ -17.13'   │
│   15    │ 1649303220000 │  43247.12   │ 'BTCBUSD' │ -0.08638194125335019  │  'USD$ 43247.12'   │  'USD$ -37.39'   │
└─────────┴───────────────┴─────────────┴───────────┴───────────────────────┴────────────────────┴──────────────────┘
{ symbol: 'BTCBUSD', price: 43284.51 }
ETHBUSD ETHBUSD
BTCBUSD BTCBUSD
ETHBUSD ETHBUSD
BTCBUSD BTCBUSD
ETHBUSD ETHBUSD
BTCBUSD BTCBUSD
ETHBUSD ETHBUSD
BTCBUSD BTCBUSD
ETHBUSD ETHBUSD
BTCBUSD BTCBUSD
ETHBUSD ETHBUSD
BTCBUSD BTCBUSD
ETHBUSD ETHBUSD
ETHBUSD ETHBUSD
BTCBUSD BTCBUSD
ETHBUSD ETHBUSD
BTCBUSD BTCBUSD
ETHBUSD ETHBUSD
ETHBUSD ETHBUSD
BTCBUSD BTCBUSD
BTCBUSD BTCBUSD
ETHBUSD ETHBUSD
ETHBUSD ETHBUSD
BTCBUSD BTCBUSD
LTCBUSD LTCBUSD
BTCBUSD BTCBUSD
ETHBUSD ETHBUSD
BTCBUSD BTCBUSD
ETHBUSD ETHBUSD
BTCBUSD BTCBUSD
ETHBUSD ETHBUSD
BTCBUSD BTCBUSD
ETHBUSD ETHBUSD
BTCBUSD BTCBUSD
ETHBUSD ETHBUSD
BTCBUSD BTCBUSD
ETHBUSD ETHBUSD
BTCBUSD BTCBUSD
ETHBUSD ETHBUSD
BTCBUSD BTCBUSD
BTCBUSD BTCBUSD
ETHBUSD ETHBUSD
BTCBUSD BTCBUSD
ETHBUSD ETHBUSD
BTCBUSD BTCBUSD
ETHBUSD ETHBUSD
ETHBUSD ETHBUSD
ETHBUSD ETHBUSD
ETHBUSD ETHBUSD
ETHBUSD ETHBUSD
BTCBUSD BTCBUSD
ETHBUSD ETHBUSD
BTCBUSD BTCBUSD
BTCBUSD BTCBUSD
ETHBUSD ETHBUSD
BTCBUSD BTCBUSD
ETHBUSD ETHBUSD
BTCBUSD BTCBUSD
ETHBUSD ETHBUSD
BTCBUSD BTCBUSD
ETHBUSD ETHBUSD
BTCBUSD BTCBUSD
ETHBUSD ETHBUSD
BTCBUSD BTCBUSD
ETHBUSD ETHBUSD
LTCBUSD LTCBUSD
ETHBUSD ETHBUSD
ETHBUSD: 72.41735537190111
Vendendo 0.01 BTC por 3186.73 USDT
┌─────────┬───────────────┬─────────────┬───────────┬───────────────────────┬────────────────────┬──────────────────┐
│ (index) │  _openTimeMS  │ _closePrice │  _symbol  │      _closeRate       │ _currentClosePrice │ _priceDifference │
├─────────┼───────────────┼─────────────┼───────────┼───────────────────────┼────────────────────┼──────────────────┤
│    0    │ 1649302380000 │   3169.37   │ 'ETHBUSD' │ -0.06590024783538695  │   'USD$ 3169.37'   │   'USD$ -2.09'   │
│    1    │ 1649302440000 │   3175.87   │ 'ETHBUSD' │  0.20508807744125804  │   'USD$ 3175.87'   │   'USD$ 6.50'    │
│    2    │ 1649302500000 │   3176.17   │ 'ETHBUSD' │ 0.009446230481731994  │   'USD$ 3176.17'   │   'USD$ 0.30'    │
│    3    │ 1649302560000 │   3180.36   │ 'ETHBUSD' │  0.13191989093782935  │   'USD$ 3180.36'   │   'USD$ 4.19'    │
│    4    │ 1649302620000 │   3181.93   │ 'ETHBUSD' │  0.04936548063740297  │   'USD$ 3181.93'   │   'USD$ 1.57'    │
│    5    │ 1649302680000 │   3184.23   │ 'ETHBUSD' │  0.07228317404846059  │   'USD$ 3184.23'   │   'USD$ 2.30'    │
│    6    │ 1649302740000 │   3183.34   │ 'ETHBUSD' │ -0.027950242287772653 │   'USD$ 3183.34'   │   'USD$ -0.89'   │
│    7    │ 1649302800000 │   3184.81   │ 'ETHBUSD' │  0.0461779137635251   │   'USD$ 3184.81'   │   'USD$ 1.47'    │
│    8    │ 1649302860000 │   3186.21   │ 'ETHBUSD' │  0.04395866629406749  │   'USD$ 3186.21'   │   'USD$ 1.40'    │
│    9    │ 1649302920000 │   3186.43   │ 'ETHBUSD' │ 0.0069047551793447355 │   'USD$ 3186.43'   │   'USD$ 0.22'    │
│   10    │ 1649302980000 │   3188.15   │ 'ETHBUSD' │  0.05397890429101705  │   'USD$ 3188.15'   │   'USD$ 1.72'    │
│   11    │ 1649303040000 │   3183.28   │ 'ETHBUSD' │ -0.15275316406066963  │   'USD$ 3183.28'   │   'USD$ -4.87'   │
│   12    │ 1649303100000 │   3188.21   │ 'ETHBUSD' │  0.1548717046568268   │   'USD$ 3188.21'   │   'USD$ 4.93'    │
│   13    │ 1649303160000 │   3186.11   │ 'ETHBUSD' │ -0.06586768123806053  │   'USD$ 3186.11'   │   'USD$ -2.10'   │
│   14    │ 1649303220000 │   3183.29   │ 'ETHBUSD' │ -0.08850918518193396  │   'USD$ 3183.29'   │   'USD$ -2.82'   │
│   15    │ 1649303280000 │   3186.73   │ 'ETHBUSD' │  0.1080642982574649   │   'USD$ 3186.73'   │   'USD$ 3.44'    │
└─────────┴───────────────┴─────────────┴───────────┴───────────────────────┴────────────────────┴──────────────────┘
{ symbol: 'ETHBUSD', price: 3183.29 }
LTCBUSD LTCBUSD
LTCBUSD: 75.0000000000003
Vendendo 0.01 BTC por 111.9 USDT
┌─────────┬───────────────┬─────────────┬───────────┬──────────────────────┬────────────────────┬──────────────────┐
│ (index) │  _openTimeMS  │ _closePrice │  _symbol  │      _closeRate      │ _currentClosePrice │ _priceDifference │
├─────────┼───────────────┼─────────────┼───────────┼──────────────────────┼────────────────────┼──────────────────┤
│    0    │ 1649302380000 │    111.3    │ 'LTCBUSD' │ -0.26881720430107237 │   'USD$ 111.30'    │   'USD$ -0.30'   │
│    1    │ 1649302440000 │    111.6    │ 'LTCBUSD' │ 0.26954177897573867  │   'USD$ 111.60'    │   'USD$ 0.30'    │
│    2    │ 1649302500000 │    111.6    │ 'LTCBUSD' │          0           │   'USD$ 111.60'    │   'USD$ 0.00'    │
│    3    │ 1649302560000 │    111.7    │ 'LTCBUSD' │ 0.08960573476703274  │   'USD$ 111.70'    │   'USD$ 0.10'    │
│    4    │ 1649302620000 │    111.9    │ 'LTCBUSD' │ 0.17905102954342242  │   'USD$ 111.90'    │   'USD$ 0.20'    │
│    5    │ 1649302680000 │    111.9    │ 'LTCBUSD' │          0           │   'USD$ 111.90'    │   'USD$ 0.00'    │
│    6    │ 1649302740000 │    111.9    │ 'LTCBUSD' │          0           │   'USD$ 111.90'    │   'USD$ 0.00'    │
│    7    │ 1649302800000 │    111.9    │ 'LTCBUSD' │          0           │   'USD$ 111.90'    │   'USD$ 0.00'    │
│    8    │ 1649302860000 │     112     │ 'LTCBUSD' │ 0.08936550491509769  │   'USD$ 112.00'    │   'USD$ 0.10'    │
│    9    │ 1649302920000 │     112     │ 'LTCBUSD' │          0           │   'USD$ 112.00'    │   'USD$ 0.00'    │
│   10    │ 1649302980000 │    112.1    │ 'LTCBUSD' │ 0.08928571428570921  │   'USD$ 112.10'    │   'USD$ 0.10'    │
│   11    │ 1649303040000 │    112.1    │ 'LTCBUSD' │          0           │   'USD$ 112.10'    │   'USD$ 0.00'    │
│   12    │ 1649303100000 │     112     │ 'LTCBUSD' │ -0.08920606601247982 │   'USD$ 112.00'    │   'USD$ -0.10'   │
│   13    │ 1649303160000 │     112     │ 'LTCBUSD' │          0           │   'USD$ 112.00'    │   'USD$ 0.00'    │
│   14    │ 1649303220000 │    111.8    │ 'LTCBUSD' │ -0.1785714285714306  │   'USD$ 111.80'    │   'USD$ -0.20'   │
│   15    │ 1649303280000 │    111.9    │ 'LTCBUSD' │  0.0894454382826552  │   'USD$ 111.90'    │   'USD$ 0.10'    │
└─────────┴───────────────┴─────────────┴───────────┴──────────────────────┴────────────────────┴──────────────────┘
{ symbol: 'LTCBUSD', price: 111.8 }
BTCBUSD BTCBUSD
BTCBUSD: 68.50567295800371
┌─────────┬───────────────┬─────────────┬───────────┬───────────────────────┬────────────────────┬──────────────────┐
│ (index) │  _openTimeMS  │ _closePrice │  _symbol  │      _closeRate       │ _currentClosePrice │ _priceDifference │
├─────────┼───────────────┼─────────────┼───────────┼───────────────────────┼────────────────────┼──────────────────┤
│    0    │ 1649302380000 │  43163.76   │ 'BTCBUSD' │ -0.05240076792711079  │  'USD$ 43163.76'   │  'USD$ -22.63'   │
│    1    │ 1649302440000 │  43235.72   │ 'BTCBUSD' │  0.1667139285363442   │  'USD$ 43235.72'   │   'USD$ 71.96'   │
│    2    │ 1649302500000 │  43243.33   │ 'BTCBUSD' │ 0.017601187166538645  │  'USD$ 43243.33'   │   'USD$ 7.61'    │
│    3    │ 1649302560000 │  43278.89   │ 'BTCBUSD' │  0.08223233502137248  │  'USD$ 43278.89'   │   'USD$ 35.56'   │
│    4    │ 1649302620000 │  43288.11   │ 'BTCBUSD' │  0.02130368870366399  │  'USD$ 43288.11'   │   'USD$ 9.22'    │
│    5    │ 1649302680000 │  43297.31   │ 'BTCBUSD' │  0.02125294913544872  │  'USD$ 43297.31'   │   'USD$ 9.20'    │
│    6    │ 1649302740000 │  43298.18   │ 'BTCBUSD' │ 0.0020093627063727964 │  'USD$ 43298.18'   │   'USD$ 0.87'    │
│    7    │ 1649302800000 │  43305.72   │ 'BTCBUSD' │ 0.017414126875542744  │  'USD$ 43305.72'   │   'USD$ 7.54'    │
│    8    │ 1649302860000 │  43310.14   │ 'BTCBUSD' │ 0.010206503898326258  │  'USD$ 43310.14'   │   'USD$ 4.42'    │
│    9    │ 1649302920000 │  43304.13   │ 'BTCBUSD' │ -0.013876657983558971 │  'USD$ 43304.13'   │   'USD$ -6.01'   │
│   10    │ 1649302980000 │  43322.85   │ 'BTCBUSD' │  0.04322913311040117  │  'USD$ 43322.85'   │   'USD$ 18.72'   │
│   11    │ 1649303040000 │  43266.24   │ 'BTCBUSD' │ -0.13067007364473682  │  'USD$ 43266.24'   │  'USD$ -56.61'   │
│   12    │ 1649303100000 │  43301.64   │ 'BTCBUSD' │   0.081818988661833   │  'USD$ 43301.64'   │   'USD$ 35.40'   │
│   13    │ 1649303160000 │  43284.51   │ 'BTCBUSD' │ -0.03955970258863317  │  'USD$ 43284.51'   │  'USD$ -17.13'   │
│   14    │ 1649303220000 │  43247.12   │ 'BTCBUSD' │ -0.08638194125335019  │  'USD$ 43247.12'   │  'USD$ -37.39'   │
│   15    │ 1649303280000 │  43301.42   │ 'BTCBUSD' │  0.12555749377067335  │  'USD$ 43301.42'   │   'USD$ 54.30'   │
└─────────┴───────────────┴─────────────┴───────────┴───────────────────────┴────────────────────┴──────────────────┘
{ symbol: 'BTCBUSD', price: 43247.12 }
ETHBUSD ETHBUSD
BTCBUSD BTCBUSD
ETHBUSD ETHBUSD
BTCBUSD BTCBUSD
ETHBUSD ETHBUSD
BTCBUSD BTCBUSD
BTCBUSD BTCBUSD
ETHBUSD ETHBUSD
BTCBUSD BTCBUSD
ETHBUSD ETHBUSD
BTCBUSD BTCBUSD
ETHBUSD ETHBUSD
ETHBUSD ETHBUSD
BTCBUSD BTCBUSD
ETHBUSD ETHBUSD
BTCBUSD BTCBUSD
ETHBUSD ETHBUSD
BTCBUSD BTCBUSD
ETHBUSD ETHBUSD
BTCBUSD BTCBUSD
ETHBUSD ETHBUSD
BTCBUSD BTCBUSD
BTCBUSD BTCBUSD
BTCBUSD BTCBUSD
ETHBUSD ETHBUSD
ETHBUSD ETHBUSD
BTCBUSD BTCBUSD
BTCBUSD BTCBUSD
ETHBUSD ETHBUSD
BTCBUSD BTCBUSD
ETHBUSD ETHBUSD
BTCBUSD BTCBUSD
ETHBUSD ETHBUSD
ETHBUSD ETHBUSD
BTCBUSD BTCBUSD
ETHBUSD ETHBUSD
ETHBUSD ETHBUSD
BTCBUSD BTCBUSD
ETHBUSD ETHBUSD
BTCBUSD BTCBUSD
ETHBUSD ETHBUSD
BTCBUSD BTCBUSD
ETHBUSD ETHBUSD
BTCBUSD BTCBUSD
ETHBUSD ETHBUSD
BTCBUSD BTCBUSD
ETHBUSD ETHBUSD
BTCBUSD BTCBUSD
LTCBUSD LTCBUSD
ETHBUSD ETHBUSD
BTCBUSD BTCBUSD
ETHBUSD ETHBUSD
BTCBUSD BTCBUSD
ETHBUSD ETHBUSD
LTCBUSD LTCBUSD
ETHBUSD ETHBUSD
ETHBUSD: 60.23489932885936
┌─────────┬───────────────┬─────────────┬───────────┬───────────────────────┬────────────────────┬──────────────────┐
│ (index) │  _openTimeMS  │ _closePrice │  _symbol  │      _closeRate       │ _currentClosePrice │ _priceDifference │
├─────────┼───────────────┼─────────────┼───────────┼───────────────────────┼────────────────────┼──────────────────┤
│    0    │ 1649302440000 │   3175.87   │ 'ETHBUSD' │  0.20508807744125804  │   'USD$ 3175.87'   │   'USD$ 6.50'    │
│    1    │ 1649302500000 │   3176.17   │ 'ETHBUSD' │ 0.009446230481731994  │   'USD$ 3176.17'   │   'USD$ 0.30'    │
│    2    │ 1649302560000 │   3180.36   │ 'ETHBUSD' │  0.13191989093782935  │   'USD$ 3180.36'   │   'USD$ 4.19'    │
│    3    │ 1649302620000 │   3181.93   │ 'ETHBUSD' │  0.04936548063740297  │   'USD$ 3181.93'   │   'USD$ 1.57'    │
│    4    │ 1649302680000 │   3184.23   │ 'ETHBUSD' │  0.07228317404846059  │   'USD$ 3184.23'   │   'USD$ 2.30'    │
│    5    │ 1649302740000 │   3183.34   │ 'ETHBUSD' │ -0.027950242287772653 │   'USD$ 3183.34'   │   'USD$ -0.89'   │
│    6    │ 1649302800000 │   3184.81   │ 'ETHBUSD' │  0.0461779137635251   │   'USD$ 3184.81'   │   'USD$ 1.47'    │
│    7    │ 1649302860000 │   3186.21   │ 'ETHBUSD' │  0.04395866629406749  │   'USD$ 3186.21'   │   'USD$ 1.40'    │
│    8    │ 1649302920000 │   3186.43   │ 'ETHBUSD' │ 0.0069047551793447355 │   'USD$ 3186.43'   │   'USD$ 0.22'    │
│    9    │ 1649302980000 │   3188.15   │ 'ETHBUSD' │  0.05397890429101705  │   'USD$ 3188.15'   │   'USD$ 1.72'    │
│   10    │ 1649303040000 │   3183.28   │ 'ETHBUSD' │ -0.15275316406066963  │   'USD$ 3183.28'   │   'USD$ -4.87'   │
│   11    │ 1649303100000 │   3188.21   │ 'ETHBUSD' │  0.1548717046568268   │   'USD$ 3188.21'   │   'USD$ 4.93'    │
│   12    │ 1649303160000 │   3186.11   │ 'ETHBUSD' │ -0.06586768123806053  │   'USD$ 3186.11'   │   'USD$ -2.10'   │
│   13    │ 1649303220000 │   3183.29   │ 'ETHBUSD' │ -0.08850918518193396  │   'USD$ 3183.29'   │   'USD$ -2.82'   │
│   14    │ 1649303280000 │   3186.73   │ 'ETHBUSD' │  0.1080642982574649   │   'USD$ 3186.73'   │   'USD$ 3.44'    │
│   15    │ 1649303340000 │   3183.19   │ 'ETHBUSD' │ -0.11108565833943373  │   'USD$ 3183.19'   │   'USD$ -3.54'   │
└─────────┴───────────────┴─────────────┴───────────┴───────────────────────┴────────────────────┴──────────────────┘
{ symbol: 'ETHBUSD', price: 3186.73 }
LTCBUSD LTCBUSD
LTCBUSD: 60
┌─────────┬───────────────┬─────────────┬───────────┬──────────────────────┬────────────────────┬──────────────────┐
│ (index) │  _openTimeMS  │ _closePrice │  _symbol  │      _closeRate      │ _currentClosePrice │ _priceDifference │
├─────────┼───────────────┼─────────────┼───────────┼──────────────────────┼────────────────────┼──────────────────┤
│    0    │ 1649302440000 │    111.6    │ 'LTCBUSD' │ 0.26954177897573867  │   'USD$ 111.60'    │   'USD$ 0.30'    │
│    1    │ 1649302500000 │    111.6    │ 'LTCBUSD' │          0           │   'USD$ 111.60'    │   'USD$ 0.00'    │
│    2    │ 1649302560000 │    111.7    │ 'LTCBUSD' │ 0.08960573476703274  │   'USD$ 111.70'    │   'USD$ 0.10'    │
│    3    │ 1649302620000 │    111.9    │ 'LTCBUSD' │ 0.17905102954342242  │   'USD$ 111.90'    │   'USD$ 0.20'    │
│    4    │ 1649302680000 │    111.9    │ 'LTCBUSD' │          0           │   'USD$ 111.90'    │   'USD$ 0.00'    │
│    5    │ 1649302740000 │    111.9    │ 'LTCBUSD' │          0           │   'USD$ 111.90'    │   'USD$ 0.00'    │
│    6    │ 1649302800000 │    111.9    │ 'LTCBUSD' │          0           │   'USD$ 111.90'    │   'USD$ 0.00'    │
│    7    │ 1649302860000 │     112     │ 'LTCBUSD' │ 0.08936550491509769  │   'USD$ 112.00'    │   'USD$ 0.10'    │
│    8    │ 1649302920000 │     112     │ 'LTCBUSD' │          0           │   'USD$ 112.00'    │   'USD$ 0.00'    │
│    9    │ 1649302980000 │    112.1    │ 'LTCBUSD' │ 0.08928571428570921  │   'USD$ 112.10'    │   'USD$ 0.10'    │
│   10    │ 1649303040000 │    112.1    │ 'LTCBUSD' │          0           │   'USD$ 112.10'    │   'USD$ 0.00'    │
│   11    │ 1649303100000 │     112     │ 'LTCBUSD' │ -0.08920606601247982 │   'USD$ 112.00'    │   'USD$ -0.10'   │
│   12    │ 1649303160000 │     112     │ 'LTCBUSD' │          0           │   'USD$ 112.00'    │   'USD$ 0.00'    │
│   13    │ 1649303220000 │    111.8    │ 'LTCBUSD' │ -0.1785714285714306  │   'USD$ 111.80'    │   'USD$ -0.20'   │
│   14    │ 1649303280000 │    111.9    │ 'LTCBUSD' │  0.0894454382826552  │   'USD$ 111.90'    │   'USD$ 0.10'    │
│   15    │ 1649303340000 │    111.8    │ 'LTCBUSD' │ -0.08936550491510786 │   'USD$ 111.80'    │   'USD$ -0.10'   │
└─────────┴───────────────┴─────────────┴───────────┴──────────────────────┴────────────────────┴──────────────────┘
{ symbol: 'LTCBUSD', price: 111.9 }
BTCBUSD BTCBUSD
BTCBUSD: 52.119380861434315
┌─────────┬───────────────┬─────────────┬───────────┬───────────────────────┬────────────────────┬──────────────────┐
│ (index) │  _openTimeMS  │ _closePrice │  _symbol  │      _closeRate       │ _currentClosePrice │ _priceDifference │
├─────────┼───────────────┼─────────────┼───────────┼───────────────────────┼────────────────────┼──────────────────┤
│    0    │ 1649302440000 │  43235.72   │ 'BTCBUSD' │  0.1667139285363442   │  'USD$ 43235.72'   │   'USD$ 71.96'   │
│    1    │ 1649302500000 │  43243.33   │ 'BTCBUSD' │ 0.017601187166538645  │  'USD$ 43243.33'   │   'USD$ 7.61'    │
│    2    │ 1649302560000 │  43278.89   │ 'BTCBUSD' │  0.08223233502137248  │  'USD$ 43278.89'   │   'USD$ 35.56'   │
│    3    │ 1649302620000 │  43288.11   │ 'BTCBUSD' │  0.02130368870366399  │  'USD$ 43288.11'   │   'USD$ 9.22'    │
│    4    │ 1649302680000 │  43297.31   │ 'BTCBUSD' │  0.02125294913544872  │  'USD$ 43297.31'   │   'USD$ 9.20'    │
│    5    │ 1649302740000 │  43298.18   │ 'BTCBUSD' │ 0.0020093627063727964 │  'USD$ 43298.18'   │   'USD$ 0.87'    │
│    6    │ 1649302800000 │  43305.72   │ 'BTCBUSD' │ 0.017414126875542744  │  'USD$ 43305.72'   │   'USD$ 7.54'    │
│    7    │ 1649302860000 │  43310.14   │ 'BTCBUSD' │ 0.010206503898326258  │  'USD$ 43310.14'   │   'USD$ 4.42'    │
│    8    │ 1649302920000 │  43304.13   │ 'BTCBUSD' │ -0.013876657983558971 │  'USD$ 43304.13'   │   'USD$ -6.01'   │
│    9    │ 1649302980000 │  43322.85   │ 'BTCBUSD' │  0.04322913311040117  │  'USD$ 43322.85'   │   'USD$ 18.72'   │
│   10    │ 1649303040000 │  43266.24   │ 'BTCBUSD' │ -0.13067007364473682  │  'USD$ 43266.24'   │  'USD$ -56.61'   │
│   11    │ 1649303100000 │  43301.64   │ 'BTCBUSD' │   0.081818988661833   │  'USD$ 43301.64'   │   'USD$ 35.40'   │
│   12    │ 1649303160000 │  43284.51   │ 'BTCBUSD' │ -0.03955970258863317  │  'USD$ 43284.51'   │  'USD$ -17.13'   │
│   13    │ 1649303220000 │  43247.12   │ 'BTCBUSD' │ -0.08638194125335019  │  'USD$ 43247.12'   │  'USD$ -37.39'   │
│   14    │ 1649303280000 │  43301.42   │ 'BTCBUSD' │  0.12555749377067335  │  'USD$ 43301.42'   │   'USD$ 54.30'   │
│   15    │ 1649303340000 │  43250.59   │ 'BTCBUSD' │ -0.11738645060600561  │  'USD$ 43250.59'   │  'USD$ -50.83'   │
└─────────┴───────────────┴─────────────┴───────────┴───────────────────────┴────────────────────┴──────────────────┘
{ symbol: 'BTCBUSD', price: 43301.42 }
BTCBUSD BTCBUSD
ETHBUSD ETHBUSD
BTCBUSD BTCBUSD
BTCBUSD BTCBUSD
BTCBUSD BTCBUSD
ETHBUSD ETHBUSD
BTCBUSD BTCBUSD
ETHBUSD ETHBUSD
BTCBUSD BTCBUSD
ETHBUSD ETHBUSD
BTCBUSD BTCBUSD
ETHBUSD ETHBUSD
BTCBUSD BTCBUSD
ETHBUSD ETHBUSD
BTCBUSD BTCBUSD
ETHBUSD ETHBUSD
ETHBUSD ETHBUSD
BTCBUSD BTCBUSD
BTCBUSD BTCBUSD
ETHBUSD ETHBUSD
BTCBUSD BTCBUSD
ETHBUSD ETHBUSD
BTCBUSD BTCBUSD
ETHBUSD ETHBUSD
BTCBUSD BTCBUSD
ETHBUSD ETHBUSD
BTCBUSD BTCBUSD
ETHBUSD ETHBUSD
LTCBUSD LTCBUSD
BTCBUSD BTCBUSD
ETHBUSD ETHBUSD
ETHBUSD ETHBUSD
BTCBUSD BTCBUSD
ETHBUSD ETHBUSD
BTCBUSD BTCBUSD
BTCBUSD BTCBUSD
ETHBUSD ETHBUSD
BTCBUSD BTCBUSD
ETHBUSD ETHBUSD
BTCBUSD BTCBUSD
ETHBUSD ETHBUSD
BTCBUSD BTCBUSD
ETHBUSD ETHBUSD
BTCBUSD BTCBUSD
ETHBUSD ETHBUSD
BTCBUSD BTCBUSD
BTCBUSD BTCBUSD
BTCBUSD BTCBUSD
BTCBUSD BTCBUSD
ETHBUSD ETHBUSD
BTCBUSD BTCBUSD
BTCBUSD BTCBUSD
ETHBUSD ETHBUSD
ETHBUSD ETHBUSD
ETHBUSD ETHBUSD
LTCBUSD LTCBUSD
BTCBUSD BTCBUSD
ETHBUSD ETHBUSD
BTCBUSD BTCBUSD
ETHBUSD ETHBUSD
BTCBUSD BTCBUSD
ETHBUSD ETHBUSD
BTCBUSD BTCBUSD
ETHBUSD ETHBUSD
BTCBUSD BTCBUSD
ETHBUSD ETHBUSD
BTCBUSD BTCBUSD
BTCBUSD BTCBUSD
BTCBUSD BTCBUSD
ETHBUSD ETHBUSD
BTCBUSD BTCBUSD
ETHBUSD ETHBUSD
ETHBUSD ETHBUSD
BTCBUSD BTCBUSD
ETHBUSD ETHBUSD
LTCBUSD LTCBUSD
ETHBUSD ETHBUSD
ETHBUSD: 63.17016317016338
┌─────────┬───────────────┬─────────────┬───────────┬───────────────────────┬────────────────────┬──────────────────┐
│ (index) │  _openTimeMS  │ _closePrice │  _symbol  │      _closeRate       │ _currentClosePrice │ _priceDifference │
├─────────┼───────────────┼─────────────┼───────────┼───────────────────────┼────────────────────┼──────────────────┤
│    0    │ 1649302500000 │   3176.17   │ 'ETHBUSD' │ 0.009446230481731994  │   'USD$ 3176.17'   │   'USD$ 0.30'    │
│    1    │ 1649302560000 │   3180.36   │ 'ETHBUSD' │  0.13191989093782935  │   'USD$ 3180.36'   │   'USD$ 4.19'    │
│    2    │ 1649302620000 │   3181.93   │ 'ETHBUSD' │  0.04936548063740297  │   'USD$ 3181.93'   │   'USD$ 1.57'    │
│    3    │ 1649302680000 │   3184.23   │ 'ETHBUSD' │  0.07228317404846059  │   'USD$ 3184.23'   │   'USD$ 2.30'    │
│    4    │ 1649302740000 │   3183.34   │ 'ETHBUSD' │ -0.027950242287772653 │   'USD$ 3183.34'   │   'USD$ -0.89'   │
│    5    │ 1649302800000 │   3184.81   │ 'ETHBUSD' │  0.0461779137635251   │   'USD$ 3184.81'   │   'USD$ 1.47'    │
│    6    │ 1649302860000 │   3186.21   │ 'ETHBUSD' │  0.04395866629406749  │   'USD$ 3186.21'   │   'USD$ 1.40'    │
│    7    │ 1649302920000 │   3186.43   │ 'ETHBUSD' │ 0.0069047551793447355 │   'USD$ 3186.43'   │   'USD$ 0.22'    │
│    8    │ 1649302980000 │   3188.15   │ 'ETHBUSD' │  0.05397890429101705  │   'USD$ 3188.15'   │   'USD$ 1.72'    │
│    9    │ 1649303040000 │   3183.28   │ 'ETHBUSD' │ -0.15275316406066963  │   'USD$ 3183.28'   │   'USD$ -4.87'   │
│   10    │ 1649303100000 │   3188.21   │ 'ETHBUSD' │  0.1548717046568268   │   'USD$ 3188.21'   │   'USD$ 4.93'    │
│   11    │ 1649303160000 │   3186.11   │ 'ETHBUSD' │ -0.06586768123806053  │   'USD$ 3186.11'   │   'USD$ -2.10'   │
│   12    │ 1649303220000 │   3183.29   │ 'ETHBUSD' │ -0.08850918518193396  │   'USD$ 3183.29'   │   'USD$ -2.82'   │
│   13    │ 1649303280000 │   3186.73   │ 'ETHBUSD' │  0.1080642982574649   │   'USD$ 3186.73'   │   'USD$ 3.44'    │
│   14    │ 1649303340000 │   3183.19   │ 'ETHBUSD' │ -0.11108565833943373  │   'USD$ 3183.19'   │   'USD$ -3.54'   │
│   15    │ 1649303400000 │   3186.34   │ 'ETHBUSD' │  0.09895733525174717  │   'USD$ 3186.34'   │   'USD$ 3.15'    │
└─────────┴───────────────┴─────────────┴───────────┴───────────────────────┴────────────────────┴──────────────────┘
{ symbol: 'ETHBUSD', price: 3183.19 }
LTCBUSD LTCBUSD
LTCBUSD: 60
┌─────────┬───────────────┬─────────────┬───────────┬──────────────────────┬────────────────────┬──────────────────┐
│ (index) │  _openTimeMS  │ _closePrice │  _symbol  │      _closeRate      │ _currentClosePrice │ _priceDifference │
├─────────┼───────────────┼─────────────┼───────────┼──────────────────────┼────────────────────┼──────────────────┤
│    0    │ 1649302500000 │    111.6    │ 'LTCBUSD' │          0           │   'USD$ 111.60'    │   'USD$ 0.00'    │
│    1    │ 1649302560000 │    111.7    │ 'LTCBUSD' │ 0.08960573476703274  │   'USD$ 111.70'    │   'USD$ 0.10'    │
│    2    │ 1649302620000 │    111.9    │ 'LTCBUSD' │ 0.17905102954342242  │   'USD$ 111.90'    │   'USD$ 0.20'    │
│    3    │ 1649302680000 │    111.9    │ 'LTCBUSD' │          0           │   'USD$ 111.90'    │   'USD$ 0.00'    │
│    4    │ 1649302740000 │    111.9    │ 'LTCBUSD' │          0           │   'USD$ 111.90'    │   'USD$ 0.00'    │
│    5    │ 1649302800000 │    111.9    │ 'LTCBUSD' │          0           │   'USD$ 111.90'    │   'USD$ 0.00'    │
│    6    │ 1649302860000 │     112     │ 'LTCBUSD' │ 0.08936550491509769  │   'USD$ 112.00'    │   'USD$ 0.10'    │
│    7    │ 1649302920000 │     112     │ 'LTCBUSD' │          0           │   'USD$ 112.00'    │   'USD$ 0.00'    │
│    8    │ 1649302980000 │    112.1    │ 'LTCBUSD' │ 0.08928571428570921  │   'USD$ 112.10'    │   'USD$ 0.10'    │
│    9    │ 1649303040000 │    112.1    │ 'LTCBUSD' │          0           │   'USD$ 112.10'    │   'USD$ 0.00'    │
│   10    │ 1649303100000 │     112     │ 'LTCBUSD' │ -0.08920606601247982 │   'USD$ 112.00'    │   'USD$ -0.10'   │
│   11    │ 1649303160000 │     112     │ 'LTCBUSD' │          0           │   'USD$ 112.00'    │   'USD$ 0.00'    │
│   12    │ 1649303220000 │    111.8    │ 'LTCBUSD' │ -0.1785714285714306  │   'USD$ 111.80'    │   'USD$ -0.20'   │
│   13    │ 1649303280000 │    111.9    │ 'LTCBUSD' │  0.0894454382826552  │   'USD$ 111.90'    │   'USD$ 0.10'    │
│   14    │ 1649303340000 │    111.8    │ 'LTCBUSD' │ -0.08936550491510786 │   'USD$ 111.80'    │   'USD$ -0.10'   │
│   15    │ 1649303400000 │    111.8    │ 'LTCBUSD' │          0           │   'USD$ 111.80'    │   'USD$ 0.00'    │
└─────────┴───────────────┴─────────────┴───────────┴──────────────────────┴────────────────────┴──────────────────┘
{ symbol: 'LTCBUSD', price: 111.8 }
BTCBUSD BTCBUSD
BTCBUSD: 57.86740913537464
┌─────────┬───────────────┬─────────────┬───────────┬───────────────────────┬────────────────────┬──────────────────┐
│ (index) │  _openTimeMS  │ _closePrice │  _symbol  │      _closeRate       │ _currentClosePrice │ _priceDifference │
├─────────┼───────────────┼─────────────┼───────────┼───────────────────────┼────────────────────┼──────────────────┤
│    0    │ 1649302500000 │  43243.33   │ 'BTCBUSD' │ 0.017601187166538645  │  'USD$ 43243.33'   │   'USD$ 7.61'    │
│    1    │ 1649302560000 │  43278.89   │ 'BTCBUSD' │  0.08223233502137248  │  'USD$ 43278.89'   │   'USD$ 35.56'   │
│    2    │ 1649302620000 │  43288.11   │ 'BTCBUSD' │  0.02130368870366399  │  'USD$ 43288.11'   │   'USD$ 9.22'    │
│    3    │ 1649302680000 │  43297.31   │ 'BTCBUSD' │  0.02125294913544872  │  'USD$ 43297.31'   │   'USD$ 9.20'    │
│    4    │ 1649302740000 │  43298.18   │ 'BTCBUSD' │ 0.0020093627063727964 │  'USD$ 43298.18'   │   'USD$ 0.87'    │
│    5    │ 1649302800000 │  43305.72   │ 'BTCBUSD' │ 0.017414126875542744  │  'USD$ 43305.72'   │   'USD$ 7.54'    │
│    6    │ 1649302860000 │  43310.14   │ 'BTCBUSD' │ 0.010206503898326258  │  'USD$ 43310.14'   │   'USD$ 4.42'    │
│    7    │ 1649302920000 │  43304.13   │ 'BTCBUSD' │ -0.013876657983558971 │  'USD$ 43304.13'   │   'USD$ -6.01'   │
│    8    │ 1649302980000 │  43322.85   │ 'BTCBUSD' │  0.04322913311040117  │  'USD$ 43322.85'   │   'USD$ 18.72'   │
│    9    │ 1649303040000 │  43266.24   │ 'BTCBUSD' │ -0.13067007364473682  │  'USD$ 43266.24'   │  'USD$ -56.61'   │
│   10    │ 1649303100000 │  43301.64   │ 'BTCBUSD' │   0.081818988661833   │  'USD$ 43301.64'   │   'USD$ 35.40'   │
│   11    │ 1649303160000 │  43284.51   │ 'BTCBUSD' │ -0.03955970258863317  │  'USD$ 43284.51'   │  'USD$ -17.13'   │
│   12    │ 1649303220000 │  43247.12   │ 'BTCBUSD' │ -0.08638194125335019  │  'USD$ 43247.12'   │  'USD$ -37.39'   │
│   13    │ 1649303280000 │  43301.42   │ 'BTCBUSD' │  0.12555749377067335  │  'USD$ 43301.42'   │   'USD$ 54.30'   │
│   14    │ 1649303340000 │  43250.59   │ 'BTCBUSD' │ -0.11738645060600561  │  'USD$ 43250.59'   │  'USD$ -50.83'   │
│   15    │ 1649303400000 │  43306.06   │ 'BTCBUSD' │  0.1282525856872731   │  'USD$ 43306.06'   │   'USD$ 55.47'   │
└─────────┴───────────────┴─────────────┴───────────┴───────────────────────┴────────────────────┴──────────────────┘
{ symbol: 'BTCBUSD', price: 43250.59 }
ETHBUSD ETHBUSD
BTCBUSD BTCBUSD
ETHBUSD ETHBUSD
BTCBUSD BTCBUSD
ETHBUSD ETHBUSD
BTCBUSD BTCBUSD
ETHBUSD ETHBUSD
BTCBUSD BTCBUSD
ETHBUSD ETHBUSD
ETHBUSD ETHBUSD
BTCBUSD BTCBUSD
ETHBUSD ETHBUSD
BTCBUSD BTCBUSD
ETHBUSD ETHBUSD
BTCBUSD BTCBUSD
ETHBUSD ETHBUSD
BTCBUSD BTCBUSD
ETHBUSD ETHBUSD
BTCBUSD BTCBUSD
ETHBUSD ETHBUSD
BTCBUSD BTCBUSD
ETHBUSD ETHBUSD
BTCBUSD BTCBUSD
ETHBUSD ETHBUSD
BTCBUSD BTCBUSD
ETHBUSD ETHBUSD
ETHBUSD ETHBUSD
^C
[san@godfather:bot] $ 
[san@godfather:bot] $ 
[san@godfather:bot] $ 
[san@godfather:bot] $ 