[san@godfather:bot] $ node --trace-warnings ./dist/index.js 
New connection opened
22.03162004736552
Comprando 0.01; BTC por 39400.72 USDT
Lj85SvRskBeKd12buq9PZC1HYUCPFNpyTXRxhORbJapLtTbyjpHn55aRQaIbTvlk
GQfzC5jdjqkCpk781wMBxtG1WHGv7Uhw79cquvq7PYrKChqLcoGcaWYL7KqsHGrO
┌─────────┬───────────┬─────────┬─────────────┬──────────────────────────┬───────────────┬──────────────┬──────────────┬──────────────┬─────────────────────┬──────────┬─────────────┬──────────┬───────┬──────────────┐
│ (index) │  symbol   │ orderId │ orderListId │      clientOrderId       │ transactTime  │    price     │   origQty    │ executedQty  │ cummulativeQuoteQty │  status  │ timeInForce │   type   │ side  │    fills     │
├─────────┼───────────┼─────────┼─────────────┼──────────────────────────┼───────────────┼──────────────┼──────────────┼──────────────┼─────────────────────┼──────────┼─────────────┼──────────┼───────┼──────────────┤
│    0    │ 'BTCUSDT' │ 1756054 │     -1      │ 's83JGBS7n29t6blBp2jPnd' │ 1646517621114 │ '0.00000000' │ '0.01000000' │ '0.01000000' │   '393.98160000'    │ 'FILLED' │    'GTC'    │ 'MARKET' │ 'BUY' │ [ [Object] ] │
└─────────┴───────────┴─────────┴─────────────┴──────────────────────────┴───────────────┴──────────────┴──────────────┴──────────────┴─────────────────────┴──────────┴─────────────┴──────────┴───────┴──────────────┘
22.232269732591604
Comprando 0.01; BTC por 39390.14 USDT
Lj85SvRskBeKd12buq9PZC1HYUCPFNpyTXRxhORbJapLtTbyjpHn55aRQaIbTvlk
GQfzC5jdjqkCpk781wMBxtG1WHGv7Uhw79cquvq7PYrKChqLcoGcaWYL7KqsHGrO
┌─────────┬───────────┬─────────┬─────────────┬──────────────────────────┬───────────────┬──────────────┬──────────────┬──────────────┬─────────────────────┬──────────┬─────────────┬──────────┬───────┬──────────────┐
│ (index) │  symbol   │ orderId │ orderListId │      clientOrderId       │ transactTime  │    price     │   origQty    │ executedQty  │ cummulativeQuoteQty │  status  │ timeInForce │   type   │ side  │    fills     │
├─────────┼───────────┼─────────┼─────────────┼──────────────────────────┼───────────────┼──────────────┼──────────────┼──────────────┼─────────────────────┼──────────┼─────────────┼──────────┼───────┼──────────────┤
│    0    │ 'BTCUSDT' │ 1756054 │     -1      │ 's83JGBS7n29t6blBp2jPnd' │ 1646517621114 │ '0.00000000' │ '0.01000000' │ '0.01000000' │   '393.98160000'    │ 'FILLED' │    'GTC'    │ 'MARKET' │ 'BUY' │ [ [Object] ] │
│    1    │ 'BTCUSDT' │ 1756242 │     -1      │ 'IGaV9833C1TyXn9Tner8iU' │ 1646517665457 │ '0.00000000' │ '0.01000000' │ '0.01000000' │   '393.85560000'    │ 'FILLED' │    'GTC'    │ 'MARKET' │ 'BUY' │ [ [Object] ] │
└─────────┴───────────┴─────────┴─────────────┴──────────────────────────┴───────────────┴──────────────┴──────────────┴──────────────┴─────────────────────┴──────────┴─────────────┴──────────┴───────┴──────────────┘
17.403175245221192
Comprando 0.01; BTC por 39347.02 USDT
Lj85SvRskBeKd12buq9PZC1HYUCPFNpyTXRxhORbJapLtTbyjpHn55aRQaIbTvlk
GQfzC5jdjqkCpk781wMBxtG1WHGv7Uhw79cquvq7PYrKChqLcoGcaWYL7KqsHGrO
┌─────────┬───────────┬─────────┬─────────────┬──────────────────────────┬───────────────┬──────────────┬──────────────┬──────────────┬─────────────────────┬──────────┬─────────────┬──────────┬───────┬──────────────┐
│ (index) │  symbol   │ orderId │ orderListId │      clientOrderId       │ transactTime  │    price     │   origQty    │ executedQty  │ cummulativeQuoteQty │  status  │ timeInForce │   type   │ side  │    fills     │
├─────────┼───────────┼─────────┼─────────────┼──────────────────────────┼───────────────┼──────────────┼──────────────┼──────────────┼─────────────────────┼──────────┼─────────────┼──────────┼───────┼──────────────┤
│    0    │ 'BTCUSDT' │ 1756054 │     -1      │ 's83JGBS7n29t6blBp2jPnd' │ 1646517621114 │ '0.00000000' │ '0.01000000' │ '0.01000000' │   '393.98160000'    │ 'FILLED' │    'GTC'    │ 'MARKET' │ 'BUY' │ [ [Object] ] │
│    1    │ 'BTCUSDT' │ 1756242 │     -1      │ 'IGaV9833C1TyXn9Tner8iU' │ 1646517665457 │ '0.00000000' │ '0.01000000' │ '0.01000000' │   '393.85560000'    │ 'FILLED' │    'GTC'    │ 'MARKET' │ 'BUY' │ [ [Object] ] │
│    2    │ 'BTCUSDT' │ 1756492 │     -1      │ 'Fgxa9mW1GJOt4cOsgT8AwU' │ 1646517723938 │ '0.00000000' │ '0.01000000' │ '0.01000000' │   '393.41900000'    │ 'FILLED' │    'GTC'    │ 'MARKET' │ 'BUY' │ [ [Object] ] │
└─────────┴───────────┴─────────┴─────────────┴──────────────────────────┴───────────────┴──────────────┴──────────────┴──────────────┴─────────────────────┴──────────┴─────────────┴──────────┴───────┴──────────────┘
20.639635625526623
Comprando 0.01; BTC por 39354.29 USDT
Lj85SvRskBeKd12buq9PZC1HYUCPFNpyTXRxhORbJapLtTbyjpHn55aRQaIbTvlk
GQfzC5jdjqkCpk781wMBxtG1WHGv7Uhw79cquvq7PYrKChqLcoGcaWYL7KqsHGrO
┌─────────┬───────────┬─────────┬─────────────┬──────────────────────────┬───────────────┬──────────────┬──────────────┬──────────────┬─────────────────────┬──────────┬─────────────┬──────────┬───────┬──────────────┐
│ (index) │  symbol   │ orderId │ orderListId │      clientOrderId       │ transactTime  │    price     │   origQty    │ executedQty  │ cummulativeQuoteQty │  status  │ timeInForce │   type   │ side  │    fills     │
├─────────┼───────────┼─────────┼─────────────┼──────────────────────────┼───────────────┼──────────────┼──────────────┼──────────────┼─────────────────────┼──────────┼─────────────┼──────────┼───────┼──────────────┤
│    0    │ 'BTCUSDT' │ 1756054 │     -1      │ 's83JGBS7n29t6blBp2jPnd' │ 1646517621114 │ '0.00000000' │ '0.01000000' │ '0.01000000' │   '393.98160000'    │ 'FILLED' │    'GTC'    │ 'MARKET' │ 'BUY' │ [ [Object] ] │
│    1    │ 'BTCUSDT' │ 1756242 │     -1      │ 'IGaV9833C1TyXn9Tner8iU' │ 1646517665457 │ '0.00000000' │ '0.01000000' │ '0.01000000' │   '393.85560000'    │ 'FILLED' │    'GTC'    │ 'MARKET' │ 'BUY' │ [ [Object] ] │
│    2    │ 'BTCUSDT' │ 1756492 │     -1      │ 'Fgxa9mW1GJOt4cOsgT8AwU' │ 1646517723938 │ '0.00000000' │ '0.01000000' │ '0.01000000' │   '393.41900000'    │ 'FILLED' │    'GTC'    │ 'MARKET' │ 'BUY' │ [ [Object] ] │
│    3    │ 'BTCUSDT' │ 1756744 │     -1      │ 'gzzdWapdoE7sO76ZjaQYRh' │ 1646517783422 │ '0.00000000' │ '0.01000000' │ '0.01000000' │   '393.53030000'    │ 'FILLED' │    'GTC'    │ 'MARKET' │ 'BUY' │ [ [Object] ] │
└─────────┴───────────┴─────────┴─────────────┴──────────────────────────┴───────────────┴──────────────┴──────────────┴──────────────┴─────────────────────┴──────────┴─────────────┴──────────┴───────┴──────────────┘
22.08507707792627
Comprando 0.01; BTC por 39350.18 USDT
Lj85SvRskBeKd12buq9PZC1HYUCPFNpyTXRxhORbJapLtTbyjpHn55aRQaIbTvlk
GQfzC5jdjqkCpk781wMBxtG1WHGv7Uhw79cquvq7PYrKChqLcoGcaWYL7KqsHGrO
┌─────────┬───────────┬─────────┬─────────────┬──────────────────────────┬───────────────┬──────────────┬──────────────┬──────────────┬─────────────────────┬──────────┬─────────────┬──────────┬───────┬──────────────┐
│ (index) │  symbol   │ orderId │ orderListId │      clientOrderId       │ transactTime  │    price     │   origQty    │ executedQty  │ cummulativeQuoteQty │  status  │ timeInForce │   type   │ side  │    fills     │
├─────────┼───────────┼─────────┼─────────────┼──────────────────────────┼───────────────┼──────────────┼──────────────┼──────────────┼─────────────────────┼──────────┼─────────────┼──────────┼───────┼──────────────┤
│    0    │ 'BTCUSDT' │ 1756054 │     -1      │ 's83JGBS7n29t6blBp2jPnd' │ 1646517621114 │ '0.00000000' │ '0.01000000' │ '0.01000000' │   '393.98160000'    │ 'FILLED' │    'GTC'    │ 'MARKET' │ 'BUY' │ [ [Object] ] │
│    1    │ 'BTCUSDT' │ 1756242 │     -1      │ 'IGaV9833C1TyXn9Tner8iU' │ 1646517665457 │ '0.00000000' │ '0.01000000' │ '0.01000000' │   '393.85560000'    │ 'FILLED' │    'GTC'    │ 'MARKET' │ 'BUY' │ [ [Object] ] │
│    2    │ 'BTCUSDT' │ 1756492 │     -1      │ 'Fgxa9mW1GJOt4cOsgT8AwU' │ 1646517723938 │ '0.00000000' │ '0.01000000' │ '0.01000000' │   '393.41900000'    │ 'FILLED' │    'GTC'    │ 'MARKET' │ 'BUY' │ [ [Object] ] │
│    3    │ 'BTCUSDT' │ 1756744 │     -1      │ 'gzzdWapdoE7sO76ZjaQYRh' │ 1646517783422 │ '0.00000000' │ '0.01000000' │ '0.01000000' │   '393.53030000'    │ 'FILLED' │    'GTC'    │ 'MARKET' │ 'BUY' │ [ [Object] ] │
│    4    │ 'BTCUSDT' │ 1757020 │     -1      │ 'idt37b5Gojj0rFZntfcgNN' │ 1646517850709 │ '0.00000000' │ '0.01000000' │ '0.01000000' │   '393.44190000'    │ 'FILLED' │    'GTC'    │ 'MARKET' │ 'BUY' │ [ [Object] ] │
└─────────┴───────────┴─────────┴─────────────┴──────────────────────────┴───────────────┴──────────────┴──────────────┴──────────────┴─────────────────────┴──────────┴─────────────┴──────────┴───────┴──────────────┘
20.923462986199425
Comprando 0.01; BTC por 39311.01 USDT
Lj85SvRskBeKd12buq9PZC1HYUCPFNpyTXRxhORbJapLtTbyjpHn55aRQaIbTvlk
GQfzC5jdjqkCpk781wMBxtG1WHGv7Uhw79cquvq7PYrKChqLcoGcaWYL7KqsHGrO
┌─────────┬───────────┬─────────┬─────────────┬──────────────────────────┬───────────────┬──────────────┬──────────────┬──────────────┬─────────────────────┬──────────┬─────────────┬──────────┬───────┬──────────────┐
│ (index) │  symbol   │ orderId │ orderListId │      clientOrderId       │ transactTime  │    price     │   origQty    │ executedQty  │ cummulativeQuoteQty │  status  │ timeInForce │   type   │ side  │    fills     │
├─────────┼───────────┼─────────┼─────────────┼──────────────────────────┼───────────────┼──────────────┼──────────────┼──────────────┼─────────────────────┼──────────┼─────────────┼──────────┼───────┼──────────────┤
│    0    │ 'BTCUSDT' │ 1756054 │     -1      │ 's83JGBS7n29t6blBp2jPnd' │ 1646517621114 │ '0.00000000' │ '0.01000000' │ '0.01000000' │   '393.98160000'    │ 'FILLED' │    'GTC'    │ 'MARKET' │ 'BUY' │ [ [Object] ] │
│    1    │ 'BTCUSDT' │ 1756242 │     -1      │ 'IGaV9833C1TyXn9Tner8iU' │ 1646517665457 │ '0.00000000' │ '0.01000000' │ '0.01000000' │   '393.85560000'    │ 'FILLED' │    'GTC'    │ 'MARKET' │ 'BUY' │ [ [Object] ] │
│    2    │ 'BTCUSDT' │ 1756492 │     -1      │ 'Fgxa9mW1GJOt4cOsgT8AwU' │ 1646517723938 │ '0.00000000' │ '0.01000000' │ '0.01000000' │   '393.41900000'    │ 'FILLED' │    'GTC'    │ 'MARKET' │ 'BUY' │ [ [Object] ] │
│    3    │ 'BTCUSDT' │ 1756744 │     -1      │ 'gzzdWapdoE7sO76ZjaQYRh' │ 1646517783422 │ '0.00000000' │ '0.01000000' │ '0.01000000' │   '393.53030000'    │ 'FILLED' │    'GTC'    │ 'MARKET' │ 'BUY' │ [ [Object] ] │
│    4    │ 'BTCUSDT' │ 1757020 │     -1      │ 'idt37b5Gojj0rFZntfcgNN' │ 1646517850709 │ '0.00000000' │ '0.01000000' │ '0.01000000' │   '393.44190000'    │ 'FILLED' │    'GTC'    │ 'MARKET' │ 'BUY' │ [ [Object] ] │
│    5    │ 'BTCUSDT' │ 1757243 │     -1      │ '02ELlPIsgdbgPMxIR5WWBy' │ 1646517903933 │ '0.00000000' │ '0.01000000' │ '0.01000000' │   '393.02800000'    │ 'FILLED' │    'GTC'    │ 'MARKET' │ 'BUY' │ [ [Object] ] │
└─────────┴───────────┴─────────┴─────────────┴──────────────────────────┴───────────────┴──────────────┴──────────────┴──────────────┴─────────────────────┴──────────┴─────────────┴──────────┴───────┴──────────────┘
27.71022113714136
Comprando 0.01; BTC por 39328.34 USDT
Lj85SvRskBeKd12buq9PZC1HYUCPFNpyTXRxhORbJapLtTbyjpHn55aRQaIbTvlk
GQfzC5jdjqkCpk781wMBxtG1WHGv7Uhw79cquvq7PYrKChqLcoGcaWYL7KqsHGrO
┌─────────┬───────────┬─────────┬─────────────┬──────────────────────────┬───────────────┬──────────────┬──────────────┬──────────────┬─────────────────────┬──────────┬─────────────┬──────────┬───────┬──────────────┐
│ (index) │  symbol   │ orderId │ orderListId │      clientOrderId       │ transactTime  │    price     │   origQty    │ executedQty  │ cummulativeQuoteQty │  status  │ timeInForce │   type   │ side  │    fills     │
├─────────┼───────────┼─────────┼─────────────┼──────────────────────────┼───────────────┼──────────────┼──────────────┼──────────────┼─────────────────────┼──────────┼─────────────┼──────────┼───────┼──────────────┤
│    0    │ 'BTCUSDT' │ 1756054 │     -1      │ 's83JGBS7n29t6blBp2jPnd' │ 1646517621114 │ '0.00000000' │ '0.01000000' │ '0.01000000' │   '393.98160000'    │ 'FILLED' │    'GTC'    │ 'MARKET' │ 'BUY' │ [ [Object] ] │
│    1    │ 'BTCUSDT' │ 1756242 │     -1      │ 'IGaV9833C1TyXn9Tner8iU' │ 1646517665457 │ '0.00000000' │ '0.01000000' │ '0.01000000' │   '393.85560000'    │ 'FILLED' │    'GTC'    │ 'MARKET' │ 'BUY' │ [ [Object] ] │
│    2    │ 'BTCUSDT' │ 1756492 │     -1      │ 'Fgxa9mW1GJOt4cOsgT8AwU' │ 1646517723938 │ '0.00000000' │ '0.01000000' │ '0.01000000' │   '393.41900000'    │ 'FILLED' │    'GTC'    │ 'MARKET' │ 'BUY' │ [ [Object] ] │
│    3    │ 'BTCUSDT' │ 1756744 │     -1      │ 'gzzdWapdoE7sO76ZjaQYRh' │ 1646517783422 │ '0.00000000' │ '0.01000000' │ '0.01000000' │   '393.53030000'    │ 'FILLED' │    'GTC'    │ 'MARKET' │ 'BUY' │ [ [Object] ] │
│    4    │ 'BTCUSDT' │ 1757020 │     -1      │ 'idt37b5Gojj0rFZntfcgNN' │ 1646517850709 │ '0.00000000' │ '0.01000000' │ '0.01000000' │   '393.44190000'    │ 'FILLED' │    'GTC'    │ 'MARKET' │ 'BUY' │ [ [Object] ] │
│    5    │ 'BTCUSDT' │ 1757243 │     -1      │ '02ELlPIsgdbgPMxIR5WWBy' │ 1646517903933 │ '0.00000000' │ '0.01000000' │ '0.01000000' │   '393.02800000'    │ 'FILLED' │    'GTC'    │ 'MARKET' │ 'BUY' │ [ [Object] ] │
│    6    │ 'BTCUSDT' │ 1757485 │     -1      │ 'mLlTPsajOqM8YT4BcNF4RT' │ 1646517962939 │ '0.00000000' │ '0.01000000' │ '0.01000000' │   '393.22260000'    │ 'FILLED' │    'GTC'    │ 'MARKET' │ 'BUY' │ [ [Object] ] │
└─────────┴───────────┴─────────┴─────────────┴──────────────────────────┴───────────────┴──────────────┴──────────────┴──────────────┴─────────────────────┴──────────┴─────────────┴──────────┴───────┴──────────────┘
33.613590307422015
30.18780251694173
31.14741192678666
34.572701852499364
32.992828552368664
35.74567828889549
44.403747542121735
37.320105594823765
33.87159837347572
35.01899911068013
46.00165258905679
47.52174882890918
45.67361289769326
49.882925915519344
41.162082333396484
36.83297824902168
54.17692744838017
55.60042215390323
52.52048025659847
59.32739532173409
61.326579072344515
56.17151058485717
52.061855670102624
58.45934887030728
59.27298709418197
56.97707330880278
54.93403172406982
63.88631734863861
73.46180004533964
Vendendo 0.01; BTC por 39414 USDT
Lj85SvRskBeKd12buq9PZC1HYUCPFNpyTXRxhORbJapLtTbyjpHn55aRQaIbTvlk
GQfzC5jdjqkCpk781wMBxtG1WHGv7Uhw79cquvq7PYrKChqLcoGcaWYL7KqsHGrO
┌─────────┬───────────┬─────────┬─────────────┬──────────────────────────┬───────────────┬──────────────┬──────────────┬──────────────┬─────────────────────┬──────────┬─────────────┬──────────┬────────┬──────────────┐
│ (index) │  symbol   │ orderId │ orderListId │      clientOrderId       │ transactTime  │    price     │   origQty    │ executedQty  │ cummulativeQuoteQty │  status  │ timeInForce │   type   │  side  │    fills     │
├─────────┼───────────┼─────────┼─────────────┼──────────────────────────┼───────────────┼──────────────┼──────────────┼──────────────┼─────────────────────┼──────────┼─────────────┼──────────┼────────┼──────────────┤
│    0    │ 'BTCUSDT' │ 1756054 │     -1      │ 's83JGBS7n29t6blBp2jPnd' │ 1646517621114 │ '0.00000000' │ '0.01000000' │ '0.01000000' │   '393.98160000'    │ 'FILLED' │    'GTC'    │ 'MARKET' │ 'BUY'  │ [ [Object] ] │
│    1    │ 'BTCUSDT' │ 1756242 │     -1      │ 'IGaV9833C1TyXn9Tner8iU' │ 1646517665457 │ '0.00000000' │ '0.01000000' │ '0.01000000' │   '393.85560000'    │ 'FILLED' │    'GTC'    │ 'MARKET' │ 'BUY'  │ [ [Object] ] │
│    2    │ 'BTCUSDT' │ 1756492 │     -1      │ 'Fgxa9mW1GJOt4cOsgT8AwU' │ 1646517723938 │ '0.00000000' │ '0.01000000' │ '0.01000000' │   '393.41900000'    │ 'FILLED' │    'GTC'    │ 'MARKET' │ 'BUY'  │ [ [Object] ] │
│    3    │ 'BTCUSDT' │ 1756744 │     -1      │ 'gzzdWapdoE7sO76ZjaQYRh' │ 1646517783422 │ '0.00000000' │ '0.01000000' │ '0.01000000' │   '393.53030000'    │ 'FILLED' │    'GTC'    │ 'MARKET' │ 'BUY'  │ [ [Object] ] │
│    4    │ 'BTCUSDT' │ 1757020 │     -1      │ 'idt37b5Gojj0rFZntfcgNN' │ 1646517850709 │ '0.00000000' │ '0.01000000' │ '0.01000000' │   '393.44190000'    │ 'FILLED' │    'GTC'    │ 'MARKET' │ 'BUY'  │ [ [Object] ] │
│    5    │ 'BTCUSDT' │ 1757243 │     -1      │ '02ELlPIsgdbgPMxIR5WWBy' │ 1646517903933 │ '0.00000000' │ '0.01000000' │ '0.01000000' │   '393.02800000'    │ 'FILLED' │    'GTC'    │ 'MARKET' │ 'BUY'  │ [ [Object] ] │
│    6    │ 'BTCUSDT' │ 1757485 │     -1      │ 'mLlTPsajOqM8YT4BcNF4RT' │ 1646517962939 │ '0.00000000' │ '0.01000000' │ '0.01000000' │   '393.22260000'    │ 'FILLED' │    'GTC'    │ 'MARKET' │ 'BUY'  │ [ [Object] ] │
│    7    │ 'BTCUSDT' │ 1764676 │     -1      │ '6W0i0s7uvmFr5lzQAsqovi' │ 1646519705593 │ '0.00000000' │ '0.01000000' │ '0.01000000' │   '394.11940000'    │ 'FILLED' │    'GTC'    │ 'MARKET' │ 'SELL' │ [ [Object] ] │
└─────────┴───────────┴─────────┴─────────────┴──────────────────────────┴───────────────┴──────────────┴──────────────┴──────────────┴─────────────────────┴──────────┴─────────────┴──────────┴────────┴──────────────┘
81.44229362718666
Vendendo 0.01; BTC por 39419.01 USDT
Lj85SvRskBeKd12buq9PZC1HYUCPFNpyTXRxhORbJapLtTbyjpHn55aRQaIbTvlk
GQfzC5jdjqkCpk781wMBxtG1WHGv7Uhw79cquvq7PYrKChqLcoGcaWYL7KqsHGrO
┌─────────┬───────────┬─────────┬─────────────┬──────────────────────────┬───────────────┬──────────────┬──────────────┬──────────────┬─────────────────────┬──────────┬─────────────┬──────────┬────────┬──────────────┐
│ (index) │  symbol   │ orderId │ orderListId │      clientOrderId       │ transactTime  │    price     │   origQty    │ executedQty  │ cummulativeQuoteQty │  status  │ timeInForce │   type   │  side  │    fills     │
├─────────┼───────────┼─────────┼─────────────┼──────────────────────────┼───────────────┼──────────────┼──────────────┼──────────────┼─────────────────────┼──────────┼─────────────┼──────────┼────────┼──────────────┤
│    0    │ 'BTCUSDT' │ 1756054 │     -1      │ 's83JGBS7n29t6blBp2jPnd' │ 1646517621114 │ '0.00000000' │ '0.01000000' │ '0.01000000' │   '393.98160000'    │ 'FILLED' │    'GTC'    │ 'MARKET' │ 'BUY'  │ [ [Object] ] │
│    1    │ 'BTCUSDT' │ 1756242 │     -1      │ 'IGaV9833C1TyXn9Tner8iU' │ 1646517665457 │ '0.00000000' │ '0.01000000' │ '0.01000000' │   '393.85560000'    │ 'FILLED' │    'GTC'    │ 'MARKET' │ 'BUY'  │ [ [Object] ] │
│    2    │ 'BTCUSDT' │ 1756492 │     -1      │ 'Fgxa9mW1GJOt4cOsgT8AwU' │ 1646517723938 │ '0.00000000' │ '0.01000000' │ '0.01000000' │   '393.41900000'    │ 'FILLED' │    'GTC'    │ 'MARKET' │ 'BUY'  │ [ [Object] ] │
│    3    │ 'BTCUSDT' │ 1756744 │     -1      │ 'gzzdWapdoE7sO76ZjaQYRh' │ 1646517783422 │ '0.00000000' │ '0.01000000' │ '0.01000000' │   '393.53030000'    │ 'FILLED' │    'GTC'    │ 'MARKET' │ 'BUY'  │ [ [Object] ] │
│    4    │ 'BTCUSDT' │ 1757020 │     -1      │ 'idt37b5Gojj0rFZntfcgNN' │ 1646517850709 │ '0.00000000' │ '0.01000000' │ '0.01000000' │   '393.44190000'    │ 'FILLED' │    'GTC'    │ 'MARKET' │ 'BUY'  │ [ [Object] ] │
│    5    │ 'BTCUSDT' │ 1757243 │     -1      │ '02ELlPIsgdbgPMxIR5WWBy' │ 1646517903933 │ '0.00000000' │ '0.01000000' │ '0.01000000' │   '393.02800000'    │ 'FILLED' │    'GTC'    │ 'MARKET' │ 'BUY'  │ [ [Object] ] │
│    6    │ 'BTCUSDT' │ 1757485 │     -1      │ 'mLlTPsajOqM8YT4BcNF4RT' │ 1646517962939 │ '0.00000000' │ '0.01000000' │ '0.01000000' │   '393.22260000'    │ 'FILLED' │    'GTC'    │ 'MARKET' │ 'BUY'  │ [ [Object] ] │
│    7    │ 'BTCUSDT' │ 1764676 │     -1      │ '6W0i0s7uvmFr5lzQAsqovi' │ 1646519705593 │ '0.00000000' │ '0.01000000' │ '0.01000000' │   '394.11940000'    │ 'FILLED' │    'GTC'    │ 'MARKET' │ 'SELL' │ [ [Object] ] │
│    8    │ 'BTCUSDT' │ 1764965 │     -1      │ 'R1DakA42Mv42SZr4virvzU' │ 1646519771217 │ '0.00000000' │ '0.01000000' │ '0.01000000' │   '394.15540000'    │ 'FILLED' │    'GTC'    │ 'MARKET' │ 'SELL' │ [ [Object] ] │
└─────────┴───────────┴─────────┴─────────────┴──────────────────────────┴───────────────┴──────────────┴──────────────┴──────────────┴─────────────────────┴──────────┴─────────────┴──────────┴────────┴──────────────┘
72.03265455879372
Vendendo 0.01; BTC por 39396.09 USDT
Lj85SvRskBeKd12buq9PZC1HYUCPFNpyTXRxhORbJapLtTbyjpHn55aRQaIbTvlk
GQfzC5jdjqkCpk781wMBxtG1WHGv7Uhw79cquvq7PYrKChqLcoGcaWYL7KqsHGrO
┌─────────┬───────────┬─────────┬─────────────┬──────────────────────────┬───────────────┬──────────────┬──────────────┬──────────────┬─────────────────────┬──────────┬─────────────┬──────────┬────────┬──────────────┐
│ (index) │  symbol   │ orderId │ orderListId │      clientOrderId       │ transactTime  │    price     │   origQty    │ executedQty  │ cummulativeQuoteQty │  status  │ timeInForce │   type   │  side  │    fills     │
├─────────┼───────────┼─────────┼─────────────┼──────────────────────────┼───────────────┼──────────────┼──────────────┼──────────────┼─────────────────────┼──────────┼─────────────┼──────────┼────────┼──────────────┤
│    0    │ 'BTCUSDT' │ 1756054 │     -1      │ 's83JGBS7n29t6blBp2jPnd' │ 1646517621114 │ '0.00000000' │ '0.01000000' │ '0.01000000' │   '393.98160000'    │ 'FILLED' │    'GTC'    │ 'MARKET' │ 'BUY'  │ [ [Object] ] │
│    1    │ 'BTCUSDT' │ 1756242 │     -1      │ 'IGaV9833C1TyXn9Tner8iU' │ 1646517665457 │ '0.00000000' │ '0.01000000' │ '0.01000000' │   '393.85560000'    │ 'FILLED' │    'GTC'    │ 'MARKET' │ 'BUY'  │ [ [Object] ] │
│    2    │ 'BTCUSDT' │ 1756492 │     -1      │ 'Fgxa9mW1GJOt4cOsgT8AwU' │ 1646517723938 │ '0.00000000' │ '0.01000000' │ '0.01000000' │   '393.41900000'    │ 'FILLED' │    'GTC'    │ 'MARKET' │ 'BUY'  │ [ [Object] ] │
│    3    │ 'BTCUSDT' │ 1756744 │     -1      │ 'gzzdWapdoE7sO76ZjaQYRh' │ 1646517783422 │ '0.00000000' │ '0.01000000' │ '0.01000000' │   '393.53030000'    │ 'FILLED' │    'GTC'    │ 'MARKET' │ 'BUY'  │ [ [Object] ] │
│    4    │ 'BTCUSDT' │ 1757020 │     -1      │ 'idt37b5Gojj0rFZntfcgNN' │ 1646517850709 │ '0.00000000' │ '0.01000000' │ '0.01000000' │   '393.44190000'    │ 'FILLED' │    'GTC'    │ 'MARKET' │ 'BUY'  │ [ [Object] ] │
│    5    │ 'BTCUSDT' │ 1757243 │     -1      │ '02ELlPIsgdbgPMxIR5WWBy' │ 1646517903933 │ '0.00000000' │ '0.01000000' │ '0.01000000' │   '393.02800000'    │ 'FILLED' │    'GTC'    │ 'MARKET' │ 'BUY'  │ [ [Object] ] │
│    6    │ 'BTCUSDT' │ 1757485 │     -1      │ 'mLlTPsajOqM8YT4BcNF4RT' │ 1646517962939 │ '0.00000000' │ '0.01000000' │ '0.01000000' │   '393.22260000'    │ 'FILLED' │    'GTC'    │ 'MARKET' │ 'BUY'  │ [ [Object] ] │
│    7    │ 'BTCUSDT' │ 1764676 │     -1      │ '6W0i0s7uvmFr5lzQAsqovi' │ 1646519705593 │ '0.00000000' │ '0.01000000' │ '0.01000000' │   '394.11940000'    │ 'FILLED' │    'GTC'    │ 'MARKET' │ 'SELL' │ [ [Object] ] │
│    8    │ 'BTCUSDT' │ 1764965 │     -1      │ 'R1DakA42Mv42SZr4virvzU' │ 1646519771217 │ '0.00000000' │ '0.01000000' │ '0.01000000' │   '394.15540000'    │ 'FILLED' │    'GTC'    │ 'MARKET' │ 'SELL' │ [ [Object] ] │
│    9    │ 'BTCUSDT' │ 1765206 │     -1      │ '9ugikHT6yySs6lGD2PkEmP' │ 1646519829499 │ '0.00000000' │ '0.01000000' │ '0.01000000' │   '393.90160000'    │ 'FILLED' │    'GTC'    │ 'MARKET' │ 'SELL' │ [ [Object] ] │
└─────────┴───────────┴─────────┴─────────────┴──────────────────────────┴───────────────┴──────────────┴──────────────┴──────────────┴─────────────────────┴──────────┴─────────────┴──────────┴────────┴──────────────┘
52.2204864985486
52.44969573135475
57.58379094868372
49.75931715547588
43.333687453520504
43.039645251545615
55.19223859144877
58.79826300387019
58.10708898944042
58.07547169811245
60.48899755501092
55.86015097338042
47.710973308169926
48.941659646165725
64.24777906527748
69.54635726978266
68.30740781029102
73.58926709876377
Vendendo 0.01; BTC por 39466.69 USDT
Lj85SvRskBeKd12buq9PZC1HYUCPFNpyTXRxhORbJapLtTbyjpHn55aRQaIbTvlk
GQfzC5jdjqkCpk781wMBxtG1WHGv7Uhw79cquvq7PYrKChqLcoGcaWYL7KqsHGrO
┌─────────┬───────────┬─────────┬─────────────┬──────────────────────────┬───────────────┬──────────────┬──────────────┬──────────────┬─────────────────────┬──────────┬─────────────┬──────────┬────────┬──────────────┐
│ (index) │  symbol   │ orderId │ orderListId │      clientOrderId       │ transactTime  │    price     │   origQty    │ executedQty  │ cummulativeQuoteQty │  status  │ timeInForce │   type   │  side  │    fills     │
├─────────┼───────────┼─────────┼─────────────┼──────────────────────────┼───────────────┼──────────────┼──────────────┼──────────────┼─────────────────────┼──────────┼─────────────┼──────────┼────────┼──────────────┤
│    0    │ 'BTCUSDT' │ 1756054 │     -1      │ 's83JGBS7n29t6blBp2jPnd' │ 1646517621114 │ '0.00000000' │ '0.01000000' │ '0.01000000' │   '393.98160000'    │ 'FILLED' │    'GTC'    │ 'MARKET' │ 'BUY'  │ [ [Object] ] │
│    1    │ 'BTCUSDT' │ 1756242 │     -1      │ 'IGaV9833C1TyXn9Tner8iU' │ 1646517665457 │ '0.00000000' │ '0.01000000' │ '0.01000000' │   '393.85560000'    │ 'FILLED' │    'GTC'    │ 'MARKET' │ 'BUY'  │ [ [Object] ] │
│    2    │ 'BTCUSDT' │ 1756492 │     -1      │ 'Fgxa9mW1GJOt4cOsgT8AwU' │ 1646517723938 │ '0.00000000' │ '0.01000000' │ '0.01000000' │   '393.41900000'    │ 'FILLED' │    'GTC'    │ 'MARKET' │ 'BUY'  │ [ [Object] ] │
│    3    │ 'BTCUSDT' │ 1756744 │     -1      │ 'gzzdWapdoE7sO76ZjaQYRh' │ 1646517783422 │ '0.00000000' │ '0.01000000' │ '0.01000000' │   '393.53030000'    │ 'FILLED' │    'GTC'    │ 'MARKET' │ 'BUY'  │ [ [Object] ] │
│    4    │ 'BTCUSDT' │ 1757020 │     -1      │ 'idt37b5Gojj0rFZntfcgNN' │ 1646517850709 │ '0.00000000' │ '0.01000000' │ '0.01000000' │   '393.44190000'    │ 'FILLED' │    'GTC'    │ 'MARKET' │ 'BUY'  │ [ [Object] ] │
│    5    │ 'BTCUSDT' │ 1757243 │     -1      │ '02ELlPIsgdbgPMxIR5WWBy' │ 1646517903933 │ '0.00000000' │ '0.01000000' │ '0.01000000' │   '393.02800000'    │ 'FILLED' │    'GTC'    │ 'MARKET' │ 'BUY'  │ [ [Object] ] │
│    6    │ 'BTCUSDT' │ 1757485 │     -1      │ 'mLlTPsajOqM8YT4BcNF4RT' │ 1646517962939 │ '0.00000000' │ '0.01000000' │ '0.01000000' │   '393.22260000'    │ 'FILLED' │    'GTC'    │ 'MARKET' │ 'BUY'  │ [ [Object] ] │
│    7    │ 'BTCUSDT' │ 1764676 │     -1      │ '6W0i0s7uvmFr5lzQAsqovi' │ 1646519705593 │ '0.00000000' │ '0.01000000' │ '0.01000000' │   '394.11940000'    │ 'FILLED' │    'GTC'    │ 'MARKET' │ 'SELL' │ [ [Object] ] │
│    8    │ 'BTCUSDT' │ 1764965 │     -1      │ 'R1DakA42Mv42SZr4virvzU' │ 1646519771217 │ '0.00000000' │ '0.01000000' │ '0.01000000' │   '394.15540000'    │ 'FILLED' │    'GTC'    │ 'MARKET' │ 'SELL' │ [ [Object] ] │
│    9    │ 'BTCUSDT' │ 1765206 │     -1      │ '9ugikHT6yySs6lGD2PkEmP' │ 1646519829499 │ '0.00000000' │ '0.01000000' │ '0.01000000' │   '393.90160000'    │ 'FILLED' │    'GTC'    │ 'MARKET' │ 'SELL' │ [ [Object] ] │
│   10    │ 'BTCUSDT' │ 1769640 │     -1      │ 'I0dwZiU4cHDCkouT4a2PGB' │ 1646520905725 │ '0.00000000' │ '0.01000000' │ '0.01000000' │   '394.70750000'    │ 'FILLED' │    'GTC'    │ 'MARKET' │ 'SELL' │ [ [Object] ] │
└─────────┴───────────┴─────────┴─────────────┴──────────────────────────┴───────────────┴──────────────┴──────────────┴──────────────┴─────────────────────┴──────────┴─────────────┴──────────┴────────┴──────────────┘
77.89313990423415
Vendendo 0.01; BTC por 39468.63 USDT
Lj85SvRskBeKd12buq9PZC1HYUCPFNpyTXRxhORbJapLtTbyjpHn55aRQaIbTvlk
GQfzC5jdjqkCpk781wMBxtG1WHGv7Uhw79cquvq7PYrKChqLcoGcaWYL7KqsHGrO
┌─────────┬───────────┬─────────┬─────────────┬──────────────────────────┬───────────────┬──────────────┬──────────────┬──────────────┬─────────────────────┬──────────┬─────────────┬──────────┬────────┬──────────────┐
│ (index) │  symbol   │ orderId │ orderListId │      clientOrderId       │ transactTime  │    price     │   origQty    │ executedQty  │ cummulativeQuoteQty │  status  │ timeInForce │   type   │  side  │    fills     │
├─────────┼───────────┼─────────┼─────────────┼──────────────────────────┼───────────────┼──────────────┼──────────────┼──────────────┼─────────────────────┼──────────┼─────────────┼──────────┼────────┼──────────────┤
│    0    │ 'BTCUSDT' │ 1756054 │     -1      │ 's83JGBS7n29t6blBp2jPnd' │ 1646517621114 │ '0.00000000' │ '0.01000000' │ '0.01000000' │   '393.98160000'    │ 'FILLED' │    'GTC'    │ 'MARKET' │ 'BUY'  │ [ [Object] ] │
│    1    │ 'BTCUSDT' │ 1756242 │     -1      │ 'IGaV9833C1TyXn9Tner8iU' │ 1646517665457 │ '0.00000000' │ '0.01000000' │ '0.01000000' │   '393.85560000'    │ 'FILLED' │    'GTC'    │ 'MARKET' │ 'BUY'  │ [ [Object] ] │
│    2    │ 'BTCUSDT' │ 1756492 │     -1      │ 'Fgxa9mW1GJOt4cOsgT8AwU' │ 1646517723938 │ '0.00000000' │ '0.01000000' │ '0.01000000' │   '393.41900000'    │ 'FILLED' │    'GTC'    │ 'MARKET' │ 'BUY'  │ [ [Object] ] │
│    3    │ 'BTCUSDT' │ 1756744 │     -1      │ 'gzzdWapdoE7sO76ZjaQYRh' │ 1646517783422 │ '0.00000000' │ '0.01000000' │ '0.01000000' │   '393.53030000'    │ 'FILLED' │    'GTC'    │ 'MARKET' │ 'BUY'  │ [ [Object] ] │
│    4    │ 'BTCUSDT' │ 1757020 │     -1      │ 'idt37b5Gojj0rFZntfcgNN' │ 1646517850709 │ '0.00000000' │ '0.01000000' │ '0.01000000' │   '393.44190000'    │ 'FILLED' │    'GTC'    │ 'MARKET' │ 'BUY'  │ [ [Object] ] │
│    5    │ 'BTCUSDT' │ 1757243 │     -1      │ '02ELlPIsgdbgPMxIR5WWBy' │ 1646517903933 │ '0.00000000' │ '0.01000000' │ '0.01000000' │   '393.02800000'    │ 'FILLED' │    'GTC'    │ 'MARKET' │ 'BUY'  │ [ [Object] ] │
│    6    │ 'BTCUSDT' │ 1757485 │     -1      │ 'mLlTPsajOqM8YT4BcNF4RT' │ 1646517962939 │ '0.00000000' │ '0.01000000' │ '0.01000000' │   '393.22260000'    │ 'FILLED' │    'GTC'    │ 'MARKET' │ 'BUY'  │ [ [Object] ] │
│    7    │ 'BTCUSDT' │ 1764676 │     -1      │ '6W0i0s7uvmFr5lzQAsqovi' │ 1646519705593 │ '0.00000000' │ '0.01000000' │ '0.01000000' │   '394.11940000'    │ 'FILLED' │    'GTC'    │ 'MARKET' │ 'SELL' │ [ [Object] ] │
│    8    │ 'BTCUSDT' │ 1764965 │     -1      │ 'R1DakA42Mv42SZr4virvzU' │ 1646519771217 │ '0.00000000' │ '0.01000000' │ '0.01000000' │   '394.15540000'    │ 'FILLED' │    'GTC'    │ 'MARKET' │ 'SELL' │ [ [Object] ] │
│    9    │ 'BTCUSDT' │ 1765206 │     -1      │ '9ugikHT6yySs6lGD2PkEmP' │ 1646519829499 │ '0.00000000' │ '0.01000000' │ '0.01000000' │   '393.90160000'    │ 'FILLED' │    'GTC'    │ 'MARKET' │ 'SELL' │ [ [Object] ] │
│   10    │ 'BTCUSDT' │ 1769640 │     -1      │ 'I0dwZiU4cHDCkouT4a2PGB' │ 1646520905725 │ '0.00000000' │ '0.01000000' │ '0.01000000' │   '394.70750000'    │ 'FILLED' │    'GTC'    │ 'MARKET' │ 'SELL' │ [ [Object] ] │
│   11    │ 'BTCUSDT' │ 1769904 │     -1      │ '2Q8rr51xJb31SsSlQBaO7K' │ 1646520970164 │ '0.00000000' │ '0.01000000' │ '0.01000000' │   '394.64980000'    │ 'FILLED' │    'GTC'    │ 'MARKET' │ 'SELL' │ [ [Object] ] │
└─────────┴───────────┴─────────┴─────────────┴──────────────────────────┴───────────────┴──────────────┴──────────────┴──────────────┴─────────────────────┴──────────┴─────────────┴──────────┴────────┴──────────────┘
75.92070606718914
Vendendo 0.01; BTC por 39457.71 USDT
Lj85SvRskBeKd12buq9PZC1HYUCPFNpyTXRxhORbJapLtTbyjpHn55aRQaIbTvlk
GQfzC5jdjqkCpk781wMBxtG1WHGv7Uhw79cquvq7PYrKChqLcoGcaWYL7KqsHGrO
┌─────────┬───────────┬─────────┬─────────────┬──────────────────────────┬───────────────┬──────────────┬──────────────┬──────────────┬─────────────────────┬──────────┬─────────────┬──────────┬────────┬────────────────────────┐
│ (index) │  symbol   │ orderId │ orderListId │      clientOrderId       │ transactTime  │    price     │   origQty    │ executedQty  │ cummulativeQuoteQty │  status  │ timeInForce │   type   │  side  │         fills          │
├─────────┼───────────┼─────────┼─────────────┼──────────────────────────┼───────────────┼──────────────┼──────────────┼──────────────┼─────────────────────┼──────────┼─────────────┼──────────┼────────┼────────────────────────┤
│    0    │ 'BTCUSDT' │ 1756054 │     -1      │ 's83JGBS7n29t6blBp2jPnd' │ 1646517621114 │ '0.00000000' │ '0.01000000' │ '0.01000000' │   '393.98160000'    │ 'FILLED' │    'GTC'    │ 'MARKET' │ 'BUY'  │      [ [Object] ]      │
│    1    │ 'BTCUSDT' │ 1756242 │     -1      │ 'IGaV9833C1TyXn9Tner8iU' │ 1646517665457 │ '0.00000000' │ '0.01000000' │ '0.01000000' │   '393.85560000'    │ 'FILLED' │    'GTC'    │ 'MARKET' │ 'BUY'  │      [ [Object] ]      │
│    2    │ 'BTCUSDT' │ 1756492 │     -1      │ 'Fgxa9mW1GJOt4cOsgT8AwU' │ 1646517723938 │ '0.00000000' │ '0.01000000' │ '0.01000000' │   '393.41900000'    │ 'FILLED' │    'GTC'    │ 'MARKET' │ 'BUY'  │      [ [Object] ]      │
│    3    │ 'BTCUSDT' │ 1756744 │     -1      │ 'gzzdWapdoE7sO76ZjaQYRh' │ 1646517783422 │ '0.00000000' │ '0.01000000' │ '0.01000000' │   '393.53030000'    │ 'FILLED' │    'GTC'    │ 'MARKET' │ 'BUY'  │      [ [Object] ]      │
│    4    │ 'BTCUSDT' │ 1757020 │     -1      │ 'idt37b5Gojj0rFZntfcgNN' │ 1646517850709 │ '0.00000000' │ '0.01000000' │ '0.01000000' │   '393.44190000'    │ 'FILLED' │    'GTC'    │ 'MARKET' │ 'BUY'  │      [ [Object] ]      │
│    5    │ 'BTCUSDT' │ 1757243 │     -1      │ '02ELlPIsgdbgPMxIR5WWBy' │ 1646517903933 │ '0.00000000' │ '0.01000000' │ '0.01000000' │   '393.02800000'    │ 'FILLED' │    'GTC'    │ 'MARKET' │ 'BUY'  │      [ [Object] ]      │
│    6    │ 'BTCUSDT' │ 1757485 │     -1      │ 'mLlTPsajOqM8YT4BcNF4RT' │ 1646517962939 │ '0.00000000' │ '0.01000000' │ '0.01000000' │   '393.22260000'    │ 'FILLED' │    'GTC'    │ 'MARKET' │ 'BUY'  │      [ [Object] ]      │
│    7    │ 'BTCUSDT' │ 1764676 │     -1      │ '6W0i0s7uvmFr5lzQAsqovi' │ 1646519705593 │ '0.00000000' │ '0.01000000' │ '0.01000000' │   '394.11940000'    │ 'FILLED' │    'GTC'    │ 'MARKET' │ 'SELL' │      [ [Object] ]      │
│    8    │ 'BTCUSDT' │ 1764965 │     -1      │ 'R1DakA42Mv42SZr4virvzU' │ 1646519771217 │ '0.00000000' │ '0.01000000' │ '0.01000000' │   '394.15540000'    │ 'FILLED' │    'GTC'    │ 'MARKET' │ 'SELL' │      [ [Object] ]      │
│    9    │ 'BTCUSDT' │ 1765206 │     -1      │ '9ugikHT6yySs6lGD2PkEmP' │ 1646519829499 │ '0.00000000' │ '0.01000000' │ '0.01000000' │   '393.90160000'    │ 'FILLED' │    'GTC'    │ 'MARKET' │ 'SELL' │      [ [Object] ]      │
│   10    │ 'BTCUSDT' │ 1769640 │     -1      │ 'I0dwZiU4cHDCkouT4a2PGB' │ 1646520905725 │ '0.00000000' │ '0.01000000' │ '0.01000000' │   '394.70750000'    │ 'FILLED' │    'GTC'    │ 'MARKET' │ 'SELL' │      [ [Object] ]      │
│   11    │ 'BTCUSDT' │ 1769904 │     -1      │ '2Q8rr51xJb31SsSlQBaO7K' │ 1646520970164 │ '0.00000000' │ '0.01000000' │ '0.01000000' │   '394.64980000'    │ 'FILLED' │    'GTC'    │ 'MARKET' │ 'SELL' │      [ [Object] ]      │
│   12    │ 'BTCUSDT' │ 1770125 │     -1      │ 'uILxGRGJAOJ3h2VPdCvSLO' │ 1646521023918 │ '0.00000000' │ '0.01000000' │ '0.01000000' │   '394.54503433'    │ 'FILLED' │    'GTC'    │ 'MARKET' │ 'SELL' │ [ [Object], [Object] ] │
└─────────┴───────────┴─────────┴─────────────┴──────────────────────────┴───────────────┴──────────────┴──────────────┴──────────────┴─────────────────────┴──────────┴─────────────┴──────────┴────────┴────────────────────────┘
75.87162318171275
Vendendo 0.01; BTC por 39456.35 USDT
Lj85SvRskBeKd12buq9PZC1HYUCPFNpyTXRxhORbJapLtTbyjpHn55aRQaIbTvlk
GQfzC5jdjqkCpk781wMBxtG1WHGv7Uhw79cquvq7PYrKChqLcoGcaWYL7KqsHGrO
┌─────────┬───────────┬─────────┬─────────────┬──────────────────────────┬───────────────┬──────────────┬──────────────┬──────────────┬─────────────────────┬──────────┬─────────────┬──────────┬────────┬────────────────────────┐
│ (index) │  symbol   │ orderId │ orderListId │      clientOrderId       │ transactTime  │    price     │   origQty    │ executedQty  │ cummulativeQuoteQty │  status  │ timeInForce │   type   │  side  │         fills          │
├─────────┼───────────┼─────────┼─────────────┼──────────────────────────┼───────────────┼──────────────┼──────────────┼──────────────┼─────────────────────┼──────────┼─────────────┼──────────┼────────┼────────────────────────┤
│    0    │ 'BTCUSDT' │ 1756054 │     -1      │ 's83JGBS7n29t6blBp2jPnd' │ 1646517621114 │ '0.00000000' │ '0.01000000' │ '0.01000000' │   '393.98160000'    │ 'FILLED' │    'GTC'    │ 'MARKET' │ 'BUY'  │      [ [Object] ]      │
│    1    │ 'BTCUSDT' │ 1756242 │     -1      │ 'IGaV9833C1TyXn9Tner8iU' │ 1646517665457 │ '0.00000000' │ '0.01000000' │ '0.01000000' │   '393.85560000'    │ 'FILLED' │    'GTC'    │ 'MARKET' │ 'BUY'  │      [ [Object] ]      │
│    2    │ 'BTCUSDT' │ 1756492 │     -1      │ 'Fgxa9mW1GJOt4cOsgT8AwU' │ 1646517723938 │ '0.00000000' │ '0.01000000' │ '0.01000000' │   '393.41900000'    │ 'FILLED' │    'GTC'    │ 'MARKET' │ 'BUY'  │      [ [Object] ]      │
│    3    │ 'BTCUSDT' │ 1756744 │     -1      │ 'gzzdWapdoE7sO76ZjaQYRh' │ 1646517783422 │ '0.00000000' │ '0.01000000' │ '0.01000000' │   '393.53030000'    │ 'FILLED' │    'GTC'    │ 'MARKET' │ 'BUY'  │      [ [Object] ]      │
│    4    │ 'BTCUSDT' │ 1757020 │     -1      │ 'idt37b5Gojj0rFZntfcgNN' │ 1646517850709 │ '0.00000000' │ '0.01000000' │ '0.01000000' │   '393.44190000'    │ 'FILLED' │    'GTC'    │ 'MARKET' │ 'BUY'  │      [ [Object] ]      │
│    5    │ 'BTCUSDT' │ 1757243 │     -1      │ '02ELlPIsgdbgPMxIR5WWBy' │ 1646517903933 │ '0.00000000' │ '0.01000000' │ '0.01000000' │   '393.02800000'    │ 'FILLED' │    'GTC'    │ 'MARKET' │ 'BUY'  │      [ [Object] ]      │
│    6    │ 'BTCUSDT' │ 1757485 │     -1      │ 'mLlTPsajOqM8YT4BcNF4RT' │ 1646517962939 │ '0.00000000' │ '0.01000000' │ '0.01000000' │   '393.22260000'    │ 'FILLED' │    'GTC'    │ 'MARKET' │ 'BUY'  │      [ [Object] ]      │
│    7    │ 'BTCUSDT' │ 1764676 │     -1      │ '6W0i0s7uvmFr5lzQAsqovi' │ 1646519705593 │ '0.00000000' │ '0.01000000' │ '0.01000000' │   '394.11940000'    │ 'FILLED' │    'GTC'    │ 'MARKET' │ 'SELL' │      [ [Object] ]      │
│    8    │ 'BTCUSDT' │ 1764965 │     -1      │ 'R1DakA42Mv42SZr4virvzU' │ 1646519771217 │ '0.00000000' │ '0.01000000' │ '0.01000000' │   '394.15540000'    │ 'FILLED' │    'GTC'    │ 'MARKET' │ 'SELL' │      [ [Object] ]      │
│    9    │ 'BTCUSDT' │ 1765206 │     -1      │ '9ugikHT6yySs6lGD2PkEmP' │ 1646519829499 │ '0.00000000' │ '0.01000000' │ '0.01000000' │   '393.90160000'    │ 'FILLED' │    'GTC'    │ 'MARKET' │ 'SELL' │      [ [Object] ]      │
│   10    │ 'BTCUSDT' │ 1769640 │     -1      │ 'I0dwZiU4cHDCkouT4a2PGB' │ 1646520905725 │ '0.00000000' │ '0.01000000' │ '0.01000000' │   '394.70750000'    │ 'FILLED' │    'GTC'    │ 'MARKET' │ 'SELL' │      [ [Object] ]      │
│   11    │ 'BTCUSDT' │ 1769904 │     -1      │ '2Q8rr51xJb31SsSlQBaO7K' │ 1646520970164 │ '0.00000000' │ '0.01000000' │ '0.01000000' │   '394.64980000'    │ 'FILLED' │    'GTC'    │ 'MARKET' │ 'SELL' │      [ [Object] ]      │
│   12    │ 'BTCUSDT' │ 1770125 │     -1      │ 'uILxGRGJAOJ3h2VPdCvSLO' │ 1646521023918 │ '0.00000000' │ '0.01000000' │ '0.01000000' │   '394.54503433'    │ 'FILLED' │    'GTC'    │ 'MARKET' │ 'SELL' │ [ [Object], [Object] ] │
│   13    │ 'BTCUSDT' │ 1770374 │     -1      │ 'BM8U57fov40zsYRjwYeq1b' │ 1646521084222 │ '0.00000000' │ '0.01000000' │ '0.01000000' │   '394.50730000'    │ 'FILLED' │    'GTC'    │ 'MARKET' │ 'SELL' │      [ [Object] ]      │
└─────────┴───────────┴─────────┴─────────────┴──────────────────────────┴───────────────┴──────────────┴──────────────┴──────────────┴─────────────────────┴──────────┴─────────────┴──────────┴────────┴────────────────────────┘
^C
[san@godfather:bot] $ 