[san@godfather:bot] $ node ./dist/index.js 
{
  makerCommission: 0,
  takerCommission: 0,
  buyerCommission: 0,
  sellerCommission: 0,
  canTrade: true,
  canWithdraw: false,
  canDeposit: false,
  updateTime: 1647558911354,
  accountType: 'SPOT',
  balances: [
    { asset: 'BNB', free: '1000.00000000', locked: '0.00000000' },
    { asset: 'BTC', free: '1.05000000', locked: '0.00000000' },
    { asset: 'BUSD', free: '10000.00000000', locked: '0.00000000' },
    { asset: 'ETH', free: '100.00000000', locked: '0.00000000' },
    { asset: 'LTC', free: '500.00000000', locked: '0.00000000' },
    { asset: 'TRX', free: '500000.00000000', locked: '0.00000000' },
    { asset: 'USDT', free: '8007.06368621', locked: '0.00000000' },
    { asset: 'XRP', free: '50000.00000000', locked: '0.00000000' }
  ],
  permissions: [ 'SPOT' ]
}
^C
[san@godfather:bot] $ node ./dist/index.js 
{
  makerCommission: 0,
  takerCommission: 0,
  buyerCommission: 0,
  sellerCommission: 0,
  canTrade: true,
  canWithdraw: false,
  canDeposit: false,
  updateTime: 1647558911354,
  accountType: 'SPOT',
  balances: [
    { asset: 'BNB', free: '1000.00000000', locked: '0.00000000' },
    { asset: 'BTC', free: '1.05000000', locked: '0.00000000' },
    { asset: 'BUSD', free: '10000.00000000', locked: '0.00000000' },
    { asset: 'ETH', free: '100.00000000', locked: '0.00000000' },
    { asset: 'LTC', free: '500.00000000', locked: '0.00000000' },
    { asset: 'TRX', free: '500000.00000000', locked: '0.00000000' },
    { asset: 'USDT', free: '8007.06368621', locked: '0.00000000' },
    { asset: 'XRP', free: '50000.00000000', locked: '0.00000000' }
  ],
  permissions: [ 'SPOT' ]
}
0
Comprando 0.01; BTC por 43973.14 USDT
Lj85SvRskBeKd12buq9PZC1HYUCPFNpyTXRxhORbJapLtTbyjpHn55aRQaIbTvlk
GQfzC5jdjqkCpk781wMBxtG1WHGv7Uhw79cquvq7PYrKChqLcoGcaWYL7KqsHGrO
┌─────────┬───────────────┬─────────────┬───────────────────────┬────────────────────┬──────────────────┐
│ (index) │  _openTimeMS  │ _closePrice │      _closeRate       │ _currentClosePrice │ _priceDifference │
├─────────┼───────────────┼─────────────┼───────────────────────┼────────────────────┼──────────────────┤
│    0    │ 1648180500000 │  52206.84   │       Infinity        │  'USD$ 52206.84'   │   'USD$ 0.00'    │
│    1    │ 1648180560000 │  52206.84   │           0           │  'USD$ 52206.84'   │   'USD$ 0.00'    │
│    2    │ 1648180620000 │  52206.84   │           0           │  'USD$ 52206.84'   │   'USD$ 0.00'    │
│    3    │ 1648180680000 │  52206.84   │           0           │  'USD$ 52206.84'   │   'USD$ 0.00'    │
│    4    │ 1648180740000 │  52206.84   │           0           │  'USD$ 52206.84'   │   'USD$ 0.00'    │
│    5    │ 1648180800000 │  52206.84   │           0           │  'USD$ 52206.84'   │   'USD$ 0.00'    │
│    6    │ 1648180860000 │  52206.84   │           0           │  'USD$ 52206.84'   │   'USD$ 0.00'    │
│    7    │ 1648180920000 │  52206.84   │           0           │  'USD$ 52206.84'   │   'USD$ 0.00'    │
│    8    │ 1648180980000 │  52206.84   │           0           │  'USD$ 52206.84'   │   'USD$ 0.00'    │
│    9    │ 1648181040000 │  52206.84   │           0           │  'USD$ 52206.84'   │   'USD$ 0.00'    │
│   10    │ 1648181100000 │  52206.84   │           0           │  'USD$ 52206.84'   │   'USD$ 0.00'    │
│   11    │ 1648181160000 │  52206.84   │           0           │  'USD$ 52206.84'   │   'USD$ 0.00'    │
│   12    │ 1648181220000 │  52206.84   │           0           │  'USD$ 52206.84'   │   'USD$ 0.00'    │
│   13    │ 1648181280000 │  43978.21   │  -15.761593691554594  │  'USD$ 43978.21'   │ 'USD$ -8228.63'  │
│   14    │ 1648181340000 │  43973.14   │ -0.011528436468879022 │  'USD$ 43973.14'   │   'USD$ -5.07'   │
│   15    │ 1648181340000 │  43973.14   │           0           │  'USD$ 43973.14'   │   'USD$ 0.00'    │
└─────────┴───────────────┴─────────────┴───────────────────────┴────────────────────┴──────────────────┘
┌─────────┬───────────┬──────────┬─────────────┬──────────────────────────┬───────────────┬──────────────┬──────────────┬──────────────┬─────────────────────┬──────────┬─────────────┬──────────┬───────┬────────────────────────┐
│ (index) │  symbol   │ orderId  │ orderListId │      clientOrderId       │ transactTime  │    price     │   origQty    │ executedQty  │ cummulativeQuoteQty │  status  │ timeInForce │   type   │ side  │         fills          │
├─────────┼───────────┼──────────┼─────────────┼──────────────────────────┼───────────────┼──────────────┼──────────────┼──────────────┼─────────────────────┼──────────┼─────────────┼──────────┼───────┼────────────────────────┤
│    0    │ 'BTCUSDT' │ 11285238 │     -1      │ 'c4e60BLXe3uaIXUnBOc1dw' │ 1648181407915 │ '0.00000000' │ '0.01000000' │ '0.01000000' │   '439.64939600'    │ 'FILLED' │    'GTC'    │ 'MARKET' │ 'BUY' │ [ [Object], [Object] ] │
└─────────┴───────────┴──────────┴─────────────┴──────────────────────────┴───────────────┴──────────────┴──────────────┴──────────────┴─────────────────────┴──────────┴─────────────┴──────────┴───────┴────────────────────────┘
0
Comprando 0.01; BTC por 43973.14 USDT
Lj85SvRskBeKd12buq9PZC1HYUCPFNpyTXRxhORbJapLtTbyjpHn55aRQaIbTvlk
GQfzC5jdjqkCpk781wMBxtG1WHGv7Uhw79cquvq7PYrKChqLcoGcaWYL7KqsHGrO
┌─────────┬───────────────┬─────────────┬───────────────────────┬────────────────────┬──────────────────┐
│ (index) │  _openTimeMS  │ _closePrice │      _closeRate       │ _currentClosePrice │ _priceDifference │
├─────────┼───────────────┼─────────────┼───────────────────────┼────────────────────┼──────────────────┤
│    0    │ 1648180560000 │  52206.84   │           0           │  'USD$ 52206.84'   │   'USD$ 0.00'    │
│    1    │ 1648180620000 │  52206.84   │           0           │  'USD$ 52206.84'   │   'USD$ 0.00'    │
│    2    │ 1648180680000 │  52206.84   │           0           │  'USD$ 52206.84'   │   'USD$ 0.00'    │
│    3    │ 1648180740000 │  52206.84   │           0           │  'USD$ 52206.84'   │   'USD$ 0.00'    │
│    4    │ 1648180800000 │  52206.84   │           0           │  'USD$ 52206.84'   │   'USD$ 0.00'    │
│    5    │ 1648180860000 │  52206.84   │           0           │  'USD$ 52206.84'   │   'USD$ 0.00'    │
│    6    │ 1648180920000 │  52206.84   │           0           │  'USD$ 52206.84'   │   'USD$ 0.00'    │
│    7    │ 1648180980000 │  52206.84   │           0           │  'USD$ 52206.84'   │   'USD$ 0.00'    │
│    8    │ 1648181040000 │  52206.84   │           0           │  'USD$ 52206.84'   │   'USD$ 0.00'    │
│    9    │ 1648181100000 │  52206.84   │           0           │  'USD$ 52206.84'   │   'USD$ 0.00'    │
│   10    │ 1648181160000 │  52206.84   │           0           │  'USD$ 52206.84'   │   'USD$ 0.00'    │
│   11    │ 1648181220000 │  52206.84   │           0           │  'USD$ 52206.84'   │   'USD$ 0.00'    │
│   12    │ 1648181280000 │  43978.21   │  -15.761593691554594  │  'USD$ 43978.21'   │ 'USD$ -8228.63'  │
│   13    │ 1648181340000 │  43973.14   │ -0.011528436468879022 │  'USD$ 43973.14'   │   'USD$ -5.07'   │
│   14    │ 1648181340000 │  43973.14   │           0           │  'USD$ 43973.14'   │   'USD$ 0.00'    │
│   15    │ 1648181400000 │  43973.14   │           0           │  'USD$ 43973.14'   │   'USD$ 0.00'    │
└─────────┴───────────────┴─────────────┴───────────────────────┴────────────────────┴──────────────────┘
┌─────────┬───────────┬──────────┬─────────────┬──────────────────────────┬───────────────┬──────────────┬──────────────┬──────────────┬─────────────────────┬──────────┬─────────────┬──────────┬───────┬────────────────────────┐
│ (index) │  symbol   │ orderId  │ orderListId │      clientOrderId       │ transactTime  │    price     │   origQty    │ executedQty  │ cummulativeQuoteQty │  status  │ timeInForce │   type   │ side  │         fills          │
├─────────┼───────────┼──────────┼─────────────┼──────────────────────────┼───────────────┼──────────────┼──────────────┼──────────────┼─────────────────────┼──────────┼─────────────┼──────────┼───────┼────────────────────────┤
│    0    │ 'BTCUSDT' │ 11285238 │     -1      │ 'c4e60BLXe3uaIXUnBOc1dw' │ 1648181407915 │ '0.00000000' │ '0.01000000' │ '0.01000000' │   '439.64939600'    │ 'FILLED' │    'GTC'    │ 'MARKET' │ 'BUY' │ [ [Object], [Object] ] │
│    1    │ 'BTCUSDT' │ 11285264 │     -1      │ 'VV9ZpcPD83pO2cmLzD2Lnt' │ 1648181411314 │ '0.00000000' │ '0.01000000' │ '0.01000000' │   '439.64800000'    │ 'FILLED' │    'GTC'    │ 'MARKET' │ 'BUY' │      [ [Object] ]      │
└─────────┴───────────┴──────────┴─────────────┴──────────────────────────┴───────────────┴──────────────┴──────────────┴──────────────┴─────────────────────┴──────────┴─────────────┴──────────┴───────┴────────────────────────┘
0
Comprando 0.01; BTC por 43973.14 USDT
Lj85SvRskBeKd12buq9PZC1HYUCPFNpyTXRxhORbJapLtTbyjpHn55aRQaIbTvlk
GQfzC5jdjqkCpk781wMBxtG1WHGv7Uhw79cquvq7PYrKChqLcoGcaWYL7KqsHGrO
┌─────────┬───────────────┬─────────────┬───────────────────────┬────────────────────┬──────────────────┐
│ (index) │  _openTimeMS  │ _closePrice │      _closeRate       │ _currentClosePrice │ _priceDifference │
├─────────┼───────────────┼─────────────┼───────────────────────┼────────────────────┼──────────────────┤
│    0    │ 1648180620000 │  52206.84   │           0           │  'USD$ 52206.84'   │   'USD$ 0.00'    │
│    1    │ 1648180680000 │  52206.84   │           0           │  'USD$ 52206.84'   │   'USD$ 0.00'    │
│    2    │ 1648180740000 │  52206.84   │           0           │  'USD$ 52206.84'   │   'USD$ 0.00'    │
│    3    │ 1648180800000 │  52206.84   │           0           │  'USD$ 52206.84'   │   'USD$ 0.00'    │
│    4    │ 1648180860000 │  52206.84   │           0           │  'USD$ 52206.84'   │   'USD$ 0.00'    │
│    5    │ 1648180920000 │  52206.84   │           0           │  'USD$ 52206.84'   │   'USD$ 0.00'    │
│    6    │ 1648180980000 │  52206.84   │           0           │  'USD$ 52206.84'   │   'USD$ 0.00'    │
│    7    │ 1648181040000 │  52206.84   │           0           │  'USD$ 52206.84'   │   'USD$ 0.00'    │
│    8    │ 1648181100000 │  52206.84   │           0           │  'USD$ 52206.84'   │   'USD$ 0.00'    │
│    9    │ 1648181160000 │  52206.84   │           0           │  'USD$ 52206.84'   │   'USD$ 0.00'    │
│   10    │ 1648181220000 │  52206.84   │           0           │  'USD$ 52206.84'   │   'USD$ 0.00'    │
│   11    │ 1648181280000 │  43978.21   │  -15.761593691554594  │  'USD$ 43978.21'   │ 'USD$ -8228.63'  │
│   12    │ 1648181340000 │  43973.14   │ -0.011528436468879022 │  'USD$ 43973.14'   │   'USD$ -5.07'   │
│   13    │ 1648181340000 │  43973.14   │           0           │  'USD$ 43973.14'   │   'USD$ 0.00'    │
│   14    │ 1648181400000 │  43973.14   │           0           │  'USD$ 43973.14'   │   'USD$ 0.00'    │
│   15    │ 1648181460000 │  43973.14   │           0           │  'USD$ 43973.14'   │   'USD$ 0.00'    │
└─────────┴───────────────┴─────────────┴───────────────────────┴────────────────────┴──────────────────┘
┌─────────┬───────────┬──────────┬─────────────┬──────────────────────────┬───────────────┬──────────────┬──────────────┬──────────────┬─────────────────────┬──────────┬─────────────┬──────────┬───────┬────────────────────────┐
│ (index) │  symbol   │ orderId  │ orderListId │      clientOrderId       │ transactTime  │    price     │   origQty    │ executedQty  │ cummulativeQuoteQty │  status  │ timeInForce │   type   │ side  │         fills          │
├─────────┼───────────┼──────────┼─────────────┼──────────────────────────┼───────────────┼──────────────┼──────────────┼──────────────┼─────────────────────┼──────────┼─────────────┼──────────┼───────┼────────────────────────┤
│    0    │ 'BTCUSDT' │ 11285238 │     -1      │ 'c4e60BLXe3uaIXUnBOc1dw' │ 1648181407915 │ '0.00000000' │ '0.01000000' │ '0.01000000' │   '439.64939600'    │ 'FILLED' │    'GTC'    │ 'MARKET' │ 'BUY' │ [ [Object], [Object] ] │
│    1    │ 'BTCUSDT' │ 11285264 │     -1      │ 'VV9ZpcPD83pO2cmLzD2Lnt' │ 1648181411314 │ '0.00000000' │ '0.01000000' │ '0.01000000' │   '439.64800000'    │ 'FILLED' │    'GTC'    │ 'MARKET' │ 'BUY' │      [ [Object] ]      │
│    2    │ 'BTCUSDT' │ 11285652 │     -1      │ 'BB9CKs9coWBXuuCu6U6IRg' │ 1648181470003 │ '0.00000000' │ '0.01000000' │ '0.01000000' │   '439.48827983'    │ 'FILLED' │    'GTC'    │ 'MARKET' │ 'BUY' │ [ [Object], [Object] ] │
└─────────┴───────────┴──────────┴─────────────┴──────────────────────────┴───────────────┴──────────────┴──────────────┴──────────────┴─────────────────────┴──────────┴─────────────┴──────────┴───────┴────────────────────────┘
0
Comprando 0.01; BTC por 43973.14 USDT
Lj85SvRskBeKd12buq9PZC1HYUCPFNpyTXRxhORbJapLtTbyjpHn55aRQaIbTvlk
GQfzC5jdjqkCpk781wMBxtG1WHGv7Uhw79cquvq7PYrKChqLcoGcaWYL7KqsHGrO
┌─────────┬───────────────┬─────────────┬───────────────────────┬────────────────────┬──────────────────┐
│ (index) │  _openTimeMS  │ _closePrice │      _closeRate       │ _currentClosePrice │ _priceDifference │
├─────────┼───────────────┼─────────────┼───────────────────────┼────────────────────┼──────────────────┤
│    0    │ 1648180680000 │  52206.84   │           0           │  'USD$ 52206.84'   │   'USD$ 0.00'    │
│    1    │ 1648180740000 │  52206.84   │           0           │  'USD$ 52206.84'   │   'USD$ 0.00'    │
│    2    │ 1648180800000 │  52206.84   │           0           │  'USD$ 52206.84'   │   'USD$ 0.00'    │
│    3    │ 1648180860000 │  52206.84   │           0           │  'USD$ 52206.84'   │   'USD$ 0.00'    │
│    4    │ 1648180920000 │  52206.84   │           0           │  'USD$ 52206.84'   │   'USD$ 0.00'    │
│    5    │ 1648180980000 │  52206.84   │           0           │  'USD$ 52206.84'   │   'USD$ 0.00'    │
│    6    │ 1648181040000 │  52206.84   │           0           │  'USD$ 52206.84'   │   'USD$ 0.00'    │
│    7    │ 1648181100000 │  52206.84   │           0           │  'USD$ 52206.84'   │   'USD$ 0.00'    │
│    8    │ 1648181160000 │  52206.84   │           0           │  'USD$ 52206.84'   │   'USD$ 0.00'    │
│    9    │ 1648181220000 │  52206.84   │           0           │  'USD$ 52206.84'   │   'USD$ 0.00'    │
│   10    │ 1648181280000 │  43978.21   │  -15.761593691554594  │  'USD$ 43978.21'   │ 'USD$ -8228.63'  │
│   11    │ 1648181340000 │  43973.14   │ -0.011528436468879022 │  'USD$ 43973.14'   │   'USD$ -5.07'   │
│   12    │ 1648181340000 │  43973.14   │           0           │  'USD$ 43973.14'   │   'USD$ 0.00'    │
│   13    │ 1648181400000 │  43973.14   │           0           │  'USD$ 43973.14'   │   'USD$ 0.00'    │
│   14    │ 1648181460000 │  43973.14   │           0           │  'USD$ 43973.14'   │   'USD$ 0.00'    │
│   15    │ 1648181520000 │  43973.14   │           0           │  'USD$ 43973.14'   │   'USD$ 0.00'    │
└─────────┴───────────────┴─────────────┴───────────────────────┴────────────────────┴──────────────────┘
┌─────────┬───────────┬──────────┬─────────────┬──────────────────────────┬───────────────┬──────────────┬──────────────┬──────────────┬─────────────────────┬──────────┬─────────────┬──────────┬───────┬────────────────────────┐
│ (index) │  symbol   │ orderId  │ orderListId │      clientOrderId       │ transactTime  │    price     │   origQty    │ executedQty  │ cummulativeQuoteQty │  status  │ timeInForce │   type   │ side  │         fills          │
├─────────┼───────────┼──────────┼─────────────┼──────────────────────────┼───────────────┼──────────────┼──────────────┼──────────────┼─────────────────────┼──────────┼─────────────┼──────────┼───────┼────────────────────────┤
│    0    │ 'BTCUSDT' │ 11285238 │     -1      │ 'c4e60BLXe3uaIXUnBOc1dw' │ 1648181407915 │ '0.00000000' │ '0.01000000' │ '0.01000000' │   '439.64939600'    │ 'FILLED' │    'GTC'    │ 'MARKET' │ 'BUY' │ [ [Object], [Object] ] │
│    1    │ 'BTCUSDT' │ 11285264 │     -1      │ 'VV9ZpcPD83pO2cmLzD2Lnt' │ 1648181411314 │ '0.00000000' │ '0.01000000' │ '0.01000000' │   '439.64800000'    │ 'FILLED' │    'GTC'    │ 'MARKET' │ 'BUY' │      [ [Object] ]      │
│    2    │ 'BTCUSDT' │ 11285652 │     -1      │ 'BB9CKs9coWBXuuCu6U6IRg' │ 1648181470003 │ '0.00000000' │ '0.01000000' │ '0.01000000' │   '439.48827983'    │ 'FILLED' │    'GTC'    │ 'MARKET' │ 'BUY' │ [ [Object], [Object] ] │
│    3    │ 'BTCUSDT' │ 11286055 │     -1      │ 'GEItzzsXZ1B1oQpn7ELYLa' │ 1648181530841 │ '0.00000000' │ '0.01000000' │ '0.01000000' │   '439.45940000'    │ 'FILLED' │    'GTC'    │ 'MARKET' │ 'BUY' │      [ [Object] ]      │
└─────────┴───────────┴──────────┴─────────────┴──────────────────────────┴───────────────┴──────────────┴──────────────┴──────────────┴─────────────────────┴──────────┴─────────────┴──────────┴───────┴────────────────────────┘
0
Comprando 0.01; BTC por 43973.14 USDT
Lj85SvRskBeKd12buq9PZC1HYUCPFNpyTXRxhORbJapLtTbyjpHn55aRQaIbTvlk
GQfzC5jdjqkCpk781wMBxtG1WHGv7Uhw79cquvq7PYrKChqLcoGcaWYL7KqsHGrO
┌─────────┬───────────────┬─────────────┬───────────────────────┬────────────────────┬──────────────────┐
│ (index) │  _openTimeMS  │ _closePrice │      _closeRate       │ _currentClosePrice │ _priceDifference │
├─────────┼───────────────┼─────────────┼───────────────────────┼────────────────────┼──────────────────┤
│    0    │ 1648180740000 │  52206.84   │           0           │  'USD$ 52206.84'   │   'USD$ 0.00'    │
│    1    │ 1648180800000 │  52206.84   │           0           │  'USD$ 52206.84'   │   'USD$ 0.00'    │
│    2    │ 1648180860000 │  52206.84   │           0           │  'USD$ 52206.84'   │   'USD$ 0.00'    │
│    3    │ 1648180920000 │  52206.84   │           0           │  'USD$ 52206.84'   │   'USD$ 0.00'    │
│    4    │ 1648180980000 │  52206.84   │           0           │  'USD$ 52206.84'   │   'USD$ 0.00'    │
│    5    │ 1648181040000 │  52206.84   │           0           │  'USD$ 52206.84'   │   'USD$ 0.00'    │
│    6    │ 1648181100000 │  52206.84   │           0           │  'USD$ 52206.84'   │   'USD$ 0.00'    │
│    7    │ 1648181160000 │  52206.84   │           0           │  'USD$ 52206.84'   │   'USD$ 0.00'    │
│    8    │ 1648181220000 │  52206.84   │           0           │  'USD$ 52206.84'   │   'USD$ 0.00'    │
│    9    │ 1648181280000 │  43978.21   │  -15.761593691554594  │  'USD$ 43978.21'   │ 'USD$ -8228.63'  │
│   10    │ 1648181340000 │  43973.14   │ -0.011528436468879022 │  'USD$ 43973.14'   │   'USD$ -5.07'   │
│   11    │ 1648181340000 │  43973.14   │           0           │  'USD$ 43973.14'   │   'USD$ 0.00'    │
│   12    │ 1648181400000 │  43973.14   │           0           │  'USD$ 43973.14'   │   'USD$ 0.00'    │
│   13    │ 1648181460000 │  43973.14   │           0           │  'USD$ 43973.14'   │   'USD$ 0.00'    │
│   14    │ 1648181520000 │  43973.14   │           0           │  'USD$ 43973.14'   │   'USD$ 0.00'    │
│   15    │ 1648181580000 │  43973.14   │           0           │  'USD$ 43973.14'   │   'USD$ 0.00'    │
└─────────┴───────────────┴─────────────┴───────────────────────┴────────────────────┴──────────────────┘
┌─────────┬───────────┬──────────┬─────────────┬──────────────────────────┬───────────────┬──────────────┬──────────────┬──────────────┬─────────────────────┬──────────┬─────────────┬──────────┬───────┬────────────────────────┐
│ (index) │  symbol   │ orderId  │ orderListId │      clientOrderId       │ transactTime  │    price     │   origQty    │ executedQty  │ cummulativeQuoteQty │  status  │ timeInForce │   type   │ side  │         fills          │
├─────────┼───────────┼──────────┼─────────────┼──────────────────────────┼───────────────┼──────────────┼──────────────┼──────────────┼─────────────────────┼──────────┼─────────────┼──────────┼───────┼────────────────────────┤
│    0    │ 'BTCUSDT' │ 11285238 │     -1      │ 'c4e60BLXe3uaIXUnBOc1dw' │ 1648181407915 │ '0.00000000' │ '0.01000000' │ '0.01000000' │   '439.64939600'    │ 'FILLED' │    'GTC'    │ 'MARKET' │ 'BUY' │ [ [Object], [Object] ] │
│    1    │ 'BTCUSDT' │ 11285264 │     -1      │ 'VV9ZpcPD83pO2cmLzD2Lnt' │ 1648181411314 │ '0.00000000' │ '0.01000000' │ '0.01000000' │   '439.64800000'    │ 'FILLED' │    'GTC'    │ 'MARKET' │ 'BUY' │      [ [Object] ]      │
│    2    │ 'BTCUSDT' │ 11285652 │     -1      │ 'BB9CKs9coWBXuuCu6U6IRg' │ 1648181470003 │ '0.00000000' │ '0.01000000' │ '0.01000000' │   '439.48827983'    │ 'FILLED' │    'GTC'    │ 'MARKET' │ 'BUY' │ [ [Object], [Object] ] │
│    3    │ 'BTCUSDT' │ 11286055 │     -1      │ 'GEItzzsXZ1B1oQpn7ELYLa' │ 1648181530841 │ '0.00000000' │ '0.01000000' │ '0.01000000' │   '439.45940000'    │ 'FILLED' │    'GTC'    │ 'MARKET' │ 'BUY' │      [ [Object] ]      │
│    4    │ 'BTCUSDT' │ 11286455 │     -1      │ 'aRBSIZC8JFzBHWF4vQOrjn' │ 1648181591305 │ '0.00000000' │ '0.01000000' │ '0.01000000' │   '439.41010000'    │ 'FILLED' │    'GTC'    │ 'MARKET' │ 'BUY' │      [ [Object] ]      │
└─────────┴───────────┴──────────┴─────────────┴──────────────────────────┴───────────────┴──────────────┴──────────────┴──────────────┴─────────────────────┴──────────┴─────────────┴──────────┴───────┴────────────────────────┘
0
Comprando 0.01; BTC por 43973.14 USDT
Lj85SvRskBeKd12buq9PZC1HYUCPFNpyTXRxhORbJapLtTbyjpHn55aRQaIbTvlk
GQfzC5jdjqkCpk781wMBxtG1WHGv7Uhw79cquvq7PYrKChqLcoGcaWYL7KqsHGrO
┌─────────┬───────────────┬─────────────┬───────────────────────┬────────────────────┬──────────────────┐
│ (index) │  _openTimeMS  │ _closePrice │      _closeRate       │ _currentClosePrice │ _priceDifference │
├─────────┼───────────────┼─────────────┼───────────────────────┼────────────────────┼──────────────────┤
│    0    │ 1648180800000 │  52206.84   │           0           │  'USD$ 52206.84'   │   'USD$ 0.00'    │
│    1    │ 1648180860000 │  52206.84   │           0           │  'USD$ 52206.84'   │   'USD$ 0.00'    │
│    2    │ 1648180920000 │  52206.84   │           0           │  'USD$ 52206.84'   │   'USD$ 0.00'    │
│    3    │ 1648180980000 │  52206.84   │           0           │  'USD$ 52206.84'   │   'USD$ 0.00'    │
│    4    │ 1648181040000 │  52206.84   │           0           │  'USD$ 52206.84'   │   'USD$ 0.00'    │
│    5    │ 1648181100000 │  52206.84   │           0           │  'USD$ 52206.84'   │   'USD$ 0.00'    │
│    6    │ 1648181160000 │  52206.84   │           0           │  'USD$ 52206.84'   │   'USD$ 0.00'    │
│    7    │ 1648181220000 │  52206.84   │           0           │  'USD$ 52206.84'   │   'USD$ 0.00'    │
│    8    │ 1648181280000 │  43978.21   │  -15.761593691554594  │  'USD$ 43978.21'   │ 'USD$ -8228.63'  │
│    9    │ 1648181340000 │  43973.14   │ -0.011528436468879022 │  'USD$ 43973.14'   │   'USD$ -5.07'   │
│   10    │ 1648181340000 │  43973.14   │           0           │  'USD$ 43973.14'   │   'USD$ 0.00'    │
│   11    │ 1648181400000 │  43973.14   │           0           │  'USD$ 43973.14'   │   'USD$ 0.00'    │
│   12    │ 1648181460000 │  43973.14   │           0           │  'USD$ 43973.14'   │   'USD$ 0.00'    │
│   13    │ 1648181520000 │  43973.14   │           0           │  'USD$ 43973.14'   │   'USD$ 0.00'    │
│   14    │ 1648181580000 │  43973.14   │           0           │  'USD$ 43973.14'   │   'USD$ 0.00'    │
│   15    │ 1648181640000 │  43973.14   │           0           │  'USD$ 43973.14'   │   'USD$ 0.00'    │
└─────────┴───────────────┴─────────────┴───────────────────────┴────────────────────┴──────────────────┘
┌─────────┬───────────┬──────────┬─────────────┬──────────────────────────┬───────────────┬──────────────┬──────────────┬──────────────┬─────────────────────┬──────────┬─────────────┬──────────┬───────┬────────────────────────┐
│ (index) │  symbol   │ orderId  │ orderListId │      clientOrderId       │ transactTime  │    price     │   origQty    │ executedQty  │ cummulativeQuoteQty │  status  │ timeInForce │   type   │ side  │         fills          │
├─────────┼───────────┼──────────┼─────────────┼──────────────────────────┼───────────────┼──────────────┼──────────────┼──────────────┼─────────────────────┼──────────┼─────────────┼──────────┼───────┼────────────────────────┤
│    0    │ 'BTCUSDT' │ 11285238 │     -1      │ 'c4e60BLXe3uaIXUnBOc1dw' │ 1648181407915 │ '0.00000000' │ '0.01000000' │ '0.01000000' │   '439.64939600'    │ 'FILLED' │    'GTC'    │ 'MARKET' │ 'BUY' │ [ [Object], [Object] ] │
│    1    │ 'BTCUSDT' │ 11285264 │     -1      │ 'VV9ZpcPD83pO2cmLzD2Lnt' │ 1648181411314 │ '0.00000000' │ '0.01000000' │ '0.01000000' │   '439.64800000'    │ 'FILLED' │    'GTC'    │ 'MARKET' │ 'BUY' │      [ [Object] ]      │
│    2    │ 'BTCUSDT' │ 11285652 │     -1      │ 'BB9CKs9coWBXuuCu6U6IRg' │ 1648181470003 │ '0.00000000' │ '0.01000000' │ '0.01000000' │   '439.48827983'    │ 'FILLED' │    'GTC'    │ 'MARKET' │ 'BUY' │ [ [Object], [Object] ] │
│    3    │ 'BTCUSDT' │ 11286055 │     -1      │ 'GEItzzsXZ1B1oQpn7ELYLa' │ 1648181530841 │ '0.00000000' │ '0.01000000' │ '0.01000000' │   '439.45940000'    │ 'FILLED' │    'GTC'    │ 'MARKET' │ 'BUY' │      [ [Object] ]      │
│    4    │ 'BTCUSDT' │ 11286455 │     -1      │ 'aRBSIZC8JFzBHWF4vQOrjn' │ 1648181591305 │ '0.00000000' │ '0.01000000' │ '0.01000000' │   '439.41010000'    │ 'FILLED' │    'GTC'    │ 'MARKET' │ 'BUY' │      [ [Object] ]      │
│    5    │ 'BTCUSDT' │ 11286842 │     -1      │ 'zCXtmVKqPYn3WgXi4QgeCQ' │ 1648181650623 │ '0.00000000' │ '0.01000000' │ '0.01000000' │   '439.55940000'    │ 'FILLED' │    'GTC'    │ 'MARKET' │ 'BUY' │      [ [Object] ]      │
└─────────┴───────────┴──────────┴─────────────┴──────────────────────────┴───────────────┴──────────────┴──────────────┴──────────────┴─────────────────────┴──────────┴─────────────┴──────────┴───────┴────────────────────────┘
0
Comprando 0.01; BTC por 43973.14 USDT
Lj85SvRskBeKd12buq9PZC1HYUCPFNpyTXRxhORbJapLtTbyjpHn55aRQaIbTvlk
GQfzC5jdjqkCpk781wMBxtG1WHGv7Uhw79cquvq7PYrKChqLcoGcaWYL7KqsHGrO
┌─────────┬───────────────┬─────────────┬───────────────────────┬────────────────────┬──────────────────┐
│ (index) │  _openTimeMS  │ _closePrice │      _closeRate       │ _currentClosePrice │ _priceDifference │
├─────────┼───────────────┼─────────────┼───────────────────────┼────────────────────┼──────────────────┤
│    0    │ 1648180860000 │  52206.84   │           0           │  'USD$ 52206.84'   │   'USD$ 0.00'    │
│    1    │ 1648180920000 │  52206.84   │           0           │  'USD$ 52206.84'   │   'USD$ 0.00'    │
│    2    │ 1648180980000 │  52206.84   │           0           │  'USD$ 52206.84'   │   'USD$ 0.00'    │
│    3    │ 1648181040000 │  52206.84   │           0           │  'USD$ 52206.84'   │   'USD$ 0.00'    │
│    4    │ 1648181100000 │  52206.84   │           0           │  'USD$ 52206.84'   │   'USD$ 0.00'    │
│    5    │ 1648181160000 │  52206.84   │           0           │  'USD$ 52206.84'   │   'USD$ 0.00'    │
│    6    │ 1648181220000 │  52206.84   │           0           │  'USD$ 52206.84'   │   'USD$ 0.00'    │
│    7    │ 1648181280000 │  43978.21   │  -15.761593691554594  │  'USD$ 43978.21'   │ 'USD$ -8228.63'  │
│    8    │ 1648181340000 │  43973.14   │ -0.011528436468879022 │  'USD$ 43973.14'   │   'USD$ -5.07'   │
│    9    │ 1648181340000 │  43973.14   │           0           │  'USD$ 43973.14'   │   'USD$ 0.00'    │
│   10    │ 1648181400000 │  43973.14   │           0           │  'USD$ 43973.14'   │   'USD$ 0.00'    │
│   11    │ 1648181460000 │  43973.14   │           0           │  'USD$ 43973.14'   │   'USD$ 0.00'    │
│   12    │ 1648181520000 │  43973.14   │           0           │  'USD$ 43973.14'   │   'USD$ 0.00'    │
│   13    │ 1648181580000 │  43973.14   │           0           │  'USD$ 43973.14'   │   'USD$ 0.00'    │
│   14    │ 1648181640000 │  43973.14   │           0           │  'USD$ 43973.14'   │   'USD$ 0.00'    │
│   15    │ 1648181700000 │  43973.14   │           0           │  'USD$ 43973.14'   │   'USD$ 0.00'    │
└─────────┴───────────────┴─────────────┴───────────────────────┴────────────────────┴──────────────────┘
┌─────────┬───────────┬──────────┬─────────────┬──────────────────────────┬───────────────┬──────────────┬──────────────┬──────────────┬─────────────────────┬──────────┬─────────────┬──────────┬───────┬────────────────────────┐
│ (index) │  symbol   │ orderId  │ orderListId │      clientOrderId       │ transactTime  │    price     │   origQty    │ executedQty  │ cummulativeQuoteQty │  status  │ timeInForce │   type   │ side  │         fills          │
├─────────┼───────────┼──────────┼─────────────┼──────────────────────────┼───────────────┼──────────────┼──────────────┼──────────────┼─────────────────────┼──────────┼─────────────┼──────────┼───────┼────────────────────────┤
│    0    │ 'BTCUSDT' │ 11285238 │     -1      │ 'c4e60BLXe3uaIXUnBOc1dw' │ 1648181407915 │ '0.00000000' │ '0.01000000' │ '0.01000000' │   '439.64939600'    │ 'FILLED' │    'GTC'    │ 'MARKET' │ 'BUY' │ [ [Object], [Object] ] │
│    1    │ 'BTCUSDT' │ 11285264 │     -1      │ 'VV9ZpcPD83pO2cmLzD2Lnt' │ 1648181411314 │ '0.00000000' │ '0.01000000' │ '0.01000000' │   '439.64800000'    │ 'FILLED' │    'GTC'    │ 'MARKET' │ 'BUY' │      [ [Object] ]      │
│    2    │ 'BTCUSDT' │ 11285652 │     -1      │ 'BB9CKs9coWBXuuCu6U6IRg' │ 1648181470003 │ '0.00000000' │ '0.01000000' │ '0.01000000' │   '439.48827983'    │ 'FILLED' │    'GTC'    │ 'MARKET' │ 'BUY' │ [ [Object], [Object] ] │
│    3    │ 'BTCUSDT' │ 11286055 │     -1      │ 'GEItzzsXZ1B1oQpn7ELYLa' │ 1648181530841 │ '0.00000000' │ '0.01000000' │ '0.01000000' │   '439.45940000'    │ 'FILLED' │    'GTC'    │ 'MARKET' │ 'BUY' │      [ [Object] ]      │
│    4    │ 'BTCUSDT' │ 11286455 │     -1      │ 'aRBSIZC8JFzBHWF4vQOrjn' │ 1648181591305 │ '0.00000000' │ '0.01000000' │ '0.01000000' │   '439.41010000'    │ 'FILLED' │    'GTC'    │ 'MARKET' │ 'BUY' │      [ [Object] ]      │
│    5    │ 'BTCUSDT' │ 11286842 │     -1      │ 'zCXtmVKqPYn3WgXi4QgeCQ' │ 1648181650623 │ '0.00000000' │ '0.01000000' │ '0.01000000' │   '439.55940000'    │ 'FILLED' │    'GTC'    │ 'MARKET' │ 'BUY' │      [ [Object] ]      │
│    6    │ 'BTCUSDT' │ 11287244 │     -1      │ 'fu6Ccst0BwPjazlZQO6HJh' │ 1648181710952 │ '0.00000000' │ '0.01000000' │ '0.01000000' │   '439.50920000'    │ 'FILLED' │    'GTC'    │ 'MARKET' │ 'BUY' │      [ [Object] ]      │
└─────────┴───────────┴──────────┴─────────────┴──────────────────────────┴───────────────┴──────────────┴──────────────┴──────────────┴─────────────────────┴──────────┴─────────────┴──────────┴───────┴────────────────────────┘
0
Comprando 0.01; BTC por 43973.14 USDT
Lj85SvRskBeKd12buq9PZC1HYUCPFNpyTXRxhORbJapLtTbyjpHn55aRQaIbTvlk
GQfzC5jdjqkCpk781wMBxtG1WHGv7Uhw79cquvq7PYrKChqLcoGcaWYL7KqsHGrO
┌─────────┬───────────────┬─────────────┬───────────────────────┬────────────────────┬──────────────────┐
│ (index) │  _openTimeMS  │ _closePrice │      _closeRate       │ _currentClosePrice │ _priceDifference │
├─────────┼───────────────┼─────────────┼───────────────────────┼────────────────────┼──────────────────┤
│    0    │ 1648180920000 │  52206.84   │           0           │  'USD$ 52206.84'   │   'USD$ 0.00'    │
│    1    │ 1648180980000 │  52206.84   │           0           │  'USD$ 52206.84'   │   'USD$ 0.00'    │
│    2    │ 1648181040000 │  52206.84   │           0           │  'USD$ 52206.84'   │   'USD$ 0.00'    │
│    3    │ 1648181100000 │  52206.84   │           0           │  'USD$ 52206.84'   │   'USD$ 0.00'    │
│    4    │ 1648181160000 │  52206.84   │           0           │  'USD$ 52206.84'   │   'USD$ 0.00'    │
│    5    │ 1648181220000 │  52206.84   │           0           │  'USD$ 52206.84'   │   'USD$ 0.00'    │
│    6    │ 1648181280000 │  43978.21   │  -15.761593691554594  │  'USD$ 43978.21'   │ 'USD$ -8228.63'  │
│    7    │ 1648181340000 │  43973.14   │ -0.011528436468879022 │  'USD$ 43973.14'   │   'USD$ -5.07'   │
│    8    │ 1648181340000 │  43973.14   │           0           │  'USD$ 43973.14'   │   'USD$ 0.00'    │
│    9    │ 1648181400000 │  43973.14   │           0           │  'USD$ 43973.14'   │   'USD$ 0.00'    │
│   10    │ 1648181460000 │  43973.14   │           0           │  'USD$ 43973.14'   │   'USD$ 0.00'    │
│   11    │ 1648181520000 │  43973.14   │           0           │  'USD$ 43973.14'   │   'USD$ 0.00'    │
│   12    │ 1648181580000 │  43973.14   │           0           │  'USD$ 43973.14'   │   'USD$ 0.00'    │
│   13    │ 1648181640000 │  43973.14   │           0           │  'USD$ 43973.14'   │   'USD$ 0.00'    │
│   14    │ 1648181700000 │  43973.14   │           0           │  'USD$ 43973.14'   │   'USD$ 0.00'    │
│   15    │ 1648181760000 │  43973.14   │           0           │  'USD$ 43973.14'   │   'USD$ 0.00'    │
└─────────┴───────────────┴─────────────┴───────────────────────┴────────────────────┴──────────────────┘
┌─────────┬───────────┬──────────┬─────────────┬──────────────────────────┬───────────────┬──────────────┬──────────────┬──────────────┬─────────────────────┬──────────┬─────────────┬──────────┬───────┬────────────────────────┐
│ (index) │  symbol   │ orderId  │ orderListId │      clientOrderId       │ transactTime  │    price     │   origQty    │ executedQty  │ cummulativeQuoteQty │  status  │ timeInForce │   type   │ side  │         fills          │
├─────────┼───────────┼──────────┼─────────────┼──────────────────────────┼───────────────┼──────────────┼──────────────┼──────────────┼─────────────────────┼──────────┼─────────────┼──────────┼───────┼────────────────────────┤
│    0    │ 'BTCUSDT' │ 11285238 │     -1      │ 'c4e60BLXe3uaIXUnBOc1dw' │ 1648181407915 │ '0.00000000' │ '0.01000000' │ '0.01000000' │   '439.64939600'    │ 'FILLED' │    'GTC'    │ 'MARKET' │ 'BUY' │ [ [Object], [Object] ] │
│    1    │ 'BTCUSDT' │ 11285264 │     -1      │ 'VV9ZpcPD83pO2cmLzD2Lnt' │ 1648181411314 │ '0.00000000' │ '0.01000000' │ '0.01000000' │   '439.64800000'    │ 'FILLED' │    'GTC'    │ 'MARKET' │ 'BUY' │      [ [Object] ]      │
│    2    │ 'BTCUSDT' │ 11285652 │     -1      │ 'BB9CKs9coWBXuuCu6U6IRg' │ 1648181470003 │ '0.00000000' │ '0.01000000' │ '0.01000000' │   '439.48827983'    │ 'FILLED' │    'GTC'    │ 'MARKET' │ 'BUY' │ [ [Object], [Object] ] │
│    3    │ 'BTCUSDT' │ 11286055 │     -1      │ 'GEItzzsXZ1B1oQpn7ELYLa' │ 1648181530841 │ '0.00000000' │ '0.01000000' │ '0.01000000' │   '439.45940000'    │ 'FILLED' │    'GTC'    │ 'MARKET' │ 'BUY' │      [ [Object] ]      │
│    4    │ 'BTCUSDT' │ 11286455 │     -1      │ 'aRBSIZC8JFzBHWF4vQOrjn' │ 1648181591305 │ '0.00000000' │ '0.01000000' │ '0.01000000' │   '439.41010000'    │ 'FILLED' │    'GTC'    │ 'MARKET' │ 'BUY' │      [ [Object] ]      │
│    5    │ 'BTCUSDT' │ 11286842 │     -1      │ 'zCXtmVKqPYn3WgXi4QgeCQ' │ 1648181650623 │ '0.00000000' │ '0.01000000' │ '0.01000000' │   '439.55940000'    │ 'FILLED' │    'GTC'    │ 'MARKET' │ 'BUY' │      [ [Object] ]      │
│    6    │ 'BTCUSDT' │ 11287244 │     -1      │ 'fu6Ccst0BwPjazlZQO6HJh' │ 1648181710952 │ '0.00000000' │ '0.01000000' │ '0.01000000' │   '439.50920000'    │ 'FILLED' │    'GTC'    │ 'MARKET' │ 'BUY' │      [ [Object] ]      │
│    7    │ 'BTCUSDT' │ 11287653 │     -1      │ 'ZkJKd0PdArlqb12EdnZbGo' │ 1648181771137 │ '0.00000000' │ '0.01000000' │ '0.01000000' │   '439.41190000'    │ 'FILLED' │    'GTC'    │ 'MARKET' │ 'BUY' │      [ [Object] ]      │
└─────────┴───────────┴──────────┴─────────────┴──────────────────────────┴───────────────┴──────────────┴──────────────┴──────────────┴─────────────────────┴──────────┴─────────────┴──────────┴───────┴────────────────────────┘
0
Comprando 0.01; BTC por 43973.14 USDT
Lj85SvRskBeKd12buq9PZC1HYUCPFNpyTXRxhORbJapLtTbyjpHn55aRQaIbTvlk
GQfzC5jdjqkCpk781wMBxtG1WHGv7Uhw79cquvq7PYrKChqLcoGcaWYL7KqsHGrO
┌─────────┬───────────────┬─────────────┬───────────────────────┬────────────────────┬──────────────────┐
│ (index) │  _openTimeMS  │ _closePrice │      _closeRate       │ _currentClosePrice │ _priceDifference │
├─────────┼───────────────┼─────────────┼───────────────────────┼────────────────────┼──────────────────┤
│    0    │ 1648180980000 │  52206.84   │           0           │  'USD$ 52206.84'   │   'USD$ 0.00'    │
│    1    │ 1648181040000 │  52206.84   │           0           │  'USD$ 52206.84'   │   'USD$ 0.00'    │
│    2    │ 1648181100000 │  52206.84   │           0           │  'USD$ 52206.84'   │   'USD$ 0.00'    │
│    3    │ 1648181160000 │  52206.84   │           0           │  'USD$ 52206.84'   │   'USD$ 0.00'    │
│    4    │ 1648181220000 │  52206.84   │           0           │  'USD$ 52206.84'   │   'USD$ 0.00'    │
│    5    │ 1648181280000 │  43978.21   │  -15.761593691554594  │  'USD$ 43978.21'   │ 'USD$ -8228.63'  │
│    6    │ 1648181340000 │  43973.14   │ -0.011528436468879022 │  'USD$ 43973.14'   │   'USD$ -5.07'   │
│    7    │ 1648181340000 │  43973.14   │           0           │  'USD$ 43973.14'   │   'USD$ 0.00'    │
│    8    │ 1648181400000 │  43973.14   │           0           │  'USD$ 43973.14'   │   'USD$ 0.00'    │
│    9    │ 1648181460000 │  43973.14   │           0           │  'USD$ 43973.14'   │   'USD$ 0.00'    │
│   10    │ 1648181520000 │  43973.14   │           0           │  'USD$ 43973.14'   │   'USD$ 0.00'    │
│   11    │ 1648181580000 │  43973.14   │           0           │  'USD$ 43973.14'   │   'USD$ 0.00'    │
│   12    │ 1648181640000 │  43973.14   │           0           │  'USD$ 43973.14'   │   'USD$ 0.00'    │
│   13    │ 1648181700000 │  43973.14   │           0           │  'USD$ 43973.14'   │   'USD$ 0.00'    │
│   14    │ 1648181760000 │  43973.14   │           0           │  'USD$ 43973.14'   │   'USD$ 0.00'    │
│   15    │ 1648181820000 │  43973.14   │           0           │  'USD$ 43973.14'   │   'USD$ 0.00'    │
└─────────┴───────────────┴─────────────┴───────────────────────┴────────────────────┴──────────────────┘
┌─────────┬───────────┬──────────┬─────────────┬──────────────────────────┬───────────────┬──────────────┬──────────────┬──────────────┬─────────────────────┬──────────┬─────────────┬──────────┬───────┬────────────────────────┐
│ (index) │  symbol   │ orderId  │ orderListId │      clientOrderId       │ transactTime  │    price     │   origQty    │ executedQty  │ cummulativeQuoteQty │  status  │ timeInForce │   type   │ side  │         fills          │
├─────────┼───────────┼──────────┼─────────────┼──────────────────────────┼───────────────┼──────────────┼──────────────┼──────────────┼─────────────────────┼──────────┼─────────────┼──────────┼───────┼────────────────────────┤
│    0    │ 'BTCUSDT' │ 11285238 │     -1      │ 'c4e60BLXe3uaIXUnBOc1dw' │ 1648181407915 │ '0.00000000' │ '0.01000000' │ '0.01000000' │   '439.64939600'    │ 'FILLED' │    'GTC'    │ 'MARKET' │ 'BUY' │ [ [Object], [Object] ] │
│    1    │ 'BTCUSDT' │ 11285264 │     -1      │ 'VV9ZpcPD83pO2cmLzD2Lnt' │ 1648181411314 │ '0.00000000' │ '0.01000000' │ '0.01000000' │   '439.64800000'    │ 'FILLED' │    'GTC'    │ 'MARKET' │ 'BUY' │      [ [Object] ]      │
│    2    │ 'BTCUSDT' │ 11285652 │     -1      │ 'BB9CKs9coWBXuuCu6U6IRg' │ 1648181470003 │ '0.00000000' │ '0.01000000' │ '0.01000000' │   '439.48827983'    │ 'FILLED' │    'GTC'    │ 'MARKET' │ 'BUY' │ [ [Object], [Object] ] │
│    3    │ 'BTCUSDT' │ 11286055 │     -1      │ 'GEItzzsXZ1B1oQpn7ELYLa' │ 1648181530841 │ '0.00000000' │ '0.01000000' │ '0.01000000' │   '439.45940000'    │ 'FILLED' │    'GTC'    │ 'MARKET' │ 'BUY' │      [ [Object] ]      │
│    4    │ 'BTCUSDT' │ 11286455 │     -1      │ 'aRBSIZC8JFzBHWF4vQOrjn' │ 1648181591305 │ '0.00000000' │ '0.01000000' │ '0.01000000' │   '439.41010000'    │ 'FILLED' │    'GTC'    │ 'MARKET' │ 'BUY' │      [ [Object] ]      │
│    5    │ 'BTCUSDT' │ 11286842 │     -1      │ 'zCXtmVKqPYn3WgXi4QgeCQ' │ 1648181650623 │ '0.00000000' │ '0.01000000' │ '0.01000000' │   '439.55940000'    │ 'FILLED' │    'GTC'    │ 'MARKET' │ 'BUY' │      [ [Object] ]      │
│    6    │ 'BTCUSDT' │ 11287244 │     -1      │ 'fu6Ccst0BwPjazlZQO6HJh' │ 1648181710952 │ '0.00000000' │ '0.01000000' │ '0.01000000' │   '439.50920000'    │ 'FILLED' │    'GTC'    │ 'MARKET' │ 'BUY' │      [ [Object] ]      │
│    7    │ 'BTCUSDT' │ 11287653 │     -1      │ 'ZkJKd0PdArlqb12EdnZbGo' │ 1648181771137 │ '0.00000000' │ '0.01000000' │ '0.01000000' │   '439.41190000'    │ 'FILLED' │    'GTC'    │ 'MARKET' │ 'BUY' │      [ [Object] ]      │
│    8    │ 'BTCUSDT' │ 11288052 │     -1      │ 'OG0uTHEz9e43lN4TG1bG0a' │ 1648181830405 │ '0.00000000' │ '0.01000000' │ '0.01000000' │   '439.31010000'    │ 'FILLED' │    'GTC'    │ 'MARKET' │ 'BUY' │      [ [Object] ]      │
└─────────┴───────────┴──────────┴─────────────┴──────────────────────────┴───────────────┴──────────────┴──────────────┴──────────────┴─────────────────────┴──────────┴─────────────┴──────────┴───────┴────────────────────────┘
0
Comprando 0.01; BTC por 43973.14 USDT
Lj85SvRskBeKd12buq9PZC1HYUCPFNpyTXRxhORbJapLtTbyjpHn55aRQaIbTvlk
GQfzC5jdjqkCpk781wMBxtG1WHGv7Uhw79cquvq7PYrKChqLcoGcaWYL7KqsHGrO
┌─────────┬───────────────┬─────────────┬───────────────────────┬────────────────────┬──────────────────┐
│ (index) │  _openTimeMS  │ _closePrice │      _closeRate       │ _currentClosePrice │ _priceDifference │
├─────────┼───────────────┼─────────────┼───────────────────────┼────────────────────┼──────────────────┤
│    0    │ 1648181040000 │  52206.84   │           0           │  'USD$ 52206.84'   │   'USD$ 0.00'    │
│    1    │ 1648181100000 │  52206.84   │           0           │  'USD$ 52206.84'   │   'USD$ 0.00'    │
│    2    │ 1648181160000 │  52206.84   │           0           │  'USD$ 52206.84'   │   'USD$ 0.00'    │
│    3    │ 1648181220000 │  52206.84   │           0           │  'USD$ 52206.84'   │   'USD$ 0.00'    │
│    4    │ 1648181280000 │  43978.21   │  -15.761593691554594  │  'USD$ 43978.21'   │ 'USD$ -8228.63'  │
│    5    │ 1648181340000 │  43973.14   │ -0.011528436468879022 │  'USD$ 43973.14'   │   'USD$ -5.07'   │
│    6    │ 1648181340000 │  43973.14   │           0           │  'USD$ 43973.14'   │   'USD$ 0.00'    │
│    7    │ 1648181400000 │  43973.14   │           0           │  'USD$ 43973.14'   │   'USD$ 0.00'    │
│    8    │ 1648181460000 │  43973.14   │           0           │  'USD$ 43973.14'   │   'USD$ 0.00'    │
│    9    │ 1648181520000 │  43973.14   │           0           │  'USD$ 43973.14'   │   'USD$ 0.00'    │
│   10    │ 1648181580000 │  43973.14   │           0           │  'USD$ 43973.14'   │   'USD$ 0.00'    │
│   11    │ 1648181640000 │  43973.14   │           0           │  'USD$ 43973.14'   │   'USD$ 0.00'    │
│   12    │ 1648181700000 │  43973.14   │           0           │  'USD$ 43973.14'   │   'USD$ 0.00'    │
│   13    │ 1648181760000 │  43973.14   │           0           │  'USD$ 43973.14'   │   'USD$ 0.00'    │
│   14    │ 1648181820000 │  43973.14   │           0           │  'USD$ 43973.14'   │   'USD$ 0.00'    │
│   15    │ 1648181880000 │  43973.14   │           0           │  'USD$ 43973.14'   │   'USD$ 0.00'    │
└─────────┴───────────────┴─────────────┴───────────────────────┴────────────────────┴──────────────────┘
┌─────────┬───────────┬──────────┬─────────────┬──────────────────────────┬───────────────┬──────────────┬──────────────┬──────────────┬─────────────────────┬──────────┬─────────────┬──────────┬───────┬────────────────────────┐
│ (index) │  symbol   │ orderId  │ orderListId │      clientOrderId       │ transactTime  │    price     │   origQty    │ executedQty  │ cummulativeQuoteQty │  status  │ timeInForce │   type   │ side  │         fills          │
├─────────┼───────────┼──────────┼─────────────┼──────────────────────────┼───────────────┼──────────────┼──────────────┼──────────────┼─────────────────────┼──────────┼─────────────┼──────────┼───────┼────────────────────────┤
│    0    │ 'BTCUSDT' │ 11285238 │     -1      │ 'c4e60BLXe3uaIXUnBOc1dw' │ 1648181407915 │ '0.00000000' │ '0.01000000' │ '0.01000000' │   '439.64939600'    │ 'FILLED' │    'GTC'    │ 'MARKET' │ 'BUY' │ [ [Object], [Object] ] │
│    1    │ 'BTCUSDT' │ 11285264 │     -1      │ 'VV9ZpcPD83pO2cmLzD2Lnt' │ 1648181411314 │ '0.00000000' │ '0.01000000' │ '0.01000000' │   '439.64800000'    │ 'FILLED' │    'GTC'    │ 'MARKET' │ 'BUY' │      [ [Object] ]      │
│    2    │ 'BTCUSDT' │ 11285652 │     -1      │ 'BB9CKs9coWBXuuCu6U6IRg' │ 1648181470003 │ '0.00000000' │ '0.01000000' │ '0.01000000' │   '439.48827983'    │ 'FILLED' │    'GTC'    │ 'MARKET' │ 'BUY' │ [ [Object], [Object] ] │
│    3    │ 'BTCUSDT' │ 11286055 │     -1      │ 'GEItzzsXZ1B1oQpn7ELYLa' │ 1648181530841 │ '0.00000000' │ '0.01000000' │ '0.01000000' │   '439.45940000'    │ 'FILLED' │    'GTC'    │ 'MARKET' │ 'BUY' │      [ [Object] ]      │
│    4    │ 'BTCUSDT' │ 11286455 │     -1      │ 'aRBSIZC8JFzBHWF4vQOrjn' │ 1648181591305 │ '0.00000000' │ '0.01000000' │ '0.01000000' │   '439.41010000'    │ 'FILLED' │    'GTC'    │ 'MARKET' │ 'BUY' │      [ [Object] ]      │
│    5    │ 'BTCUSDT' │ 11286842 │     -1      │ 'zCXtmVKqPYn3WgXi4QgeCQ' │ 1648181650623 │ '0.00000000' │ '0.01000000' │ '0.01000000' │   '439.55940000'    │ 'FILLED' │    'GTC'    │ 'MARKET' │ 'BUY' │      [ [Object] ]      │
│    6    │ 'BTCUSDT' │ 11287244 │     -1      │ 'fu6Ccst0BwPjazlZQO6HJh' │ 1648181710952 │ '0.00000000' │ '0.01000000' │ '0.01000000' │   '439.50920000'    │ 'FILLED' │    'GTC'    │ 'MARKET' │ 'BUY' │      [ [Object] ]      │
│    7    │ 'BTCUSDT' │ 11287653 │     -1      │ 'ZkJKd0PdArlqb12EdnZbGo' │ 1648181771137 │ '0.00000000' │ '0.01000000' │ '0.01000000' │   '439.41190000'    │ 'FILLED' │    'GTC'    │ 'MARKET' │ 'BUY' │      [ [Object] ]      │
│    8    │ 'BTCUSDT' │ 11288052 │     -1      │ 'OG0uTHEz9e43lN4TG1bG0a' │ 1648181830405 │ '0.00000000' │ '0.01000000' │ '0.01000000' │   '439.31010000'    │ 'FILLED' │    'GTC'    │ 'MARKET' │ 'BUY' │      [ [Object] ]      │
│    9    │ 'BTCUSDT' │ 11288462 │     -1      │ 'x5CM7AKRcGPPKR17xWJCwD' │ 1648181890349 │ '0.00000000' │ '0.01000000' │ '0.01000000' │   '439.22010000'    │ 'FILLED' │    'GTC'    │ 'MARKET' │ 'BUY' │      [ [Object] ]      │
└─────────┴───────────┴──────────┴─────────────┴──────────────────────────┴───────────────┴──────────────┴──────────────┴──────────────┴─────────────────────┴──────────┴─────────────┴──────────┴───────┴────────────────────────┘
0
Comprando 0.01; BTC por 43973.14 USDT
Lj85SvRskBeKd12buq9PZC1HYUCPFNpyTXRxhORbJapLtTbyjpHn55aRQaIbTvlk
GQfzC5jdjqkCpk781wMBxtG1WHGv7Uhw79cquvq7PYrKChqLcoGcaWYL7KqsHGrO
┌─────────┬───────────────┬─────────────┬───────────────────────┬────────────────────┬──────────────────┐
│ (index) │  _openTimeMS  │ _closePrice │      _closeRate       │ _currentClosePrice │ _priceDifference │
├─────────┼───────────────┼─────────────┼───────────────────────┼────────────────────┼──────────────────┤
│    0    │ 1648181100000 │  52206.84   │           0           │  'USD$ 52206.84'   │   'USD$ 0.00'    │
│    1    │ 1648181160000 │  52206.84   │           0           │  'USD$ 52206.84'   │   'USD$ 0.00'    │
│    2    │ 1648181220000 │  52206.84   │           0           │  'USD$ 52206.84'   │   'USD$ 0.00'    │
│    3    │ 1648181280000 │  43978.21   │  -15.761593691554594  │  'USD$ 43978.21'   │ 'USD$ -8228.63'  │
│    4    │ 1648181340000 │  43973.14   │ -0.011528436468879022 │  'USD$ 43973.14'   │   'USD$ -5.07'   │
│    5    │ 1648181340000 │  43973.14   │           0           │  'USD$ 43973.14'   │   'USD$ 0.00'    │
│    6    │ 1648181400000 │  43973.14   │           0           │  'USD$ 43973.14'   │   'USD$ 0.00'    │
│    7    │ 1648181460000 │  43973.14   │           0           │  'USD$ 43973.14'   │   'USD$ 0.00'    │
│    8    │ 1648181520000 │  43973.14   │           0           │  'USD$ 43973.14'   │   'USD$ 0.00'    │
│    9    │ 1648181580000 │  43973.14   │           0           │  'USD$ 43973.14'   │   'USD$ 0.00'    │
│   10    │ 1648181640000 │  43973.14   │           0           │  'USD$ 43973.14'   │   'USD$ 0.00'    │
│   11    │ 1648181700000 │  43973.14   │           0           │  'USD$ 43973.14'   │   'USD$ 0.00'    │
│   12    │ 1648181760000 │  43973.14   │           0           │  'USD$ 43973.14'   │   'USD$ 0.00'    │
│   13    │ 1648181820000 │  43973.14   │           0           │  'USD$ 43973.14'   │   'USD$ 0.00'    │
│   14    │ 1648181880000 │  43973.14   │           0           │  'USD$ 43973.14'   │   'USD$ 0.00'    │
│   15    │ 1648181940000 │  43973.14   │           0           │  'USD$ 43973.14'   │   'USD$ 0.00'    │
└─────────┴───────────────┴─────────────┴───────────────────────┴────────────────────┴──────────────────┘
┌─────────┬───────────┬──────────┬─────────────┬──────────────────────────┬───────────────┬──────────────┬──────────────┬──────────────┬─────────────────────┬──────────┬─────────────┬──────────┬───────┬────────────────────────┐
│ (index) │  symbol   │ orderId  │ orderListId │      clientOrderId       │ transactTime  │    price     │   origQty    │ executedQty  │ cummulativeQuoteQty │  status  │ timeInForce │   type   │ side  │         fills          │
├─────────┼───────────┼──────────┼─────────────┼──────────────────────────┼───────────────┼──────────────┼──────────────┼──────────────┼─────────────────────┼──────────┼─────────────┼──────────┼───────┼────────────────────────┤
│    0    │ 'BTCUSDT' │ 11285238 │     -1      │ 'c4e60BLXe3uaIXUnBOc1dw' │ 1648181407915 │ '0.00000000' │ '0.01000000' │ '0.01000000' │   '439.64939600'    │ 'FILLED' │    'GTC'    │ 'MARKET' │ 'BUY' │ [ [Object], [Object] ] │
│    1    │ 'BTCUSDT' │ 11285264 │     -1      │ 'VV9ZpcPD83pO2cmLzD2Lnt' │ 1648181411314 │ '0.00000000' │ '0.01000000' │ '0.01000000' │   '439.64800000'    │ 'FILLED' │    'GTC'    │ 'MARKET' │ 'BUY' │      [ [Object] ]      │
│    2    │ 'BTCUSDT' │ 11285652 │     -1      │ 'BB9CKs9coWBXuuCu6U6IRg' │ 1648181470003 │ '0.00000000' │ '0.01000000' │ '0.01000000' │   '439.48827983'    │ 'FILLED' │    'GTC'    │ 'MARKET' │ 'BUY' │ [ [Object], [Object] ] │
│    3    │ 'BTCUSDT' │ 11286055 │     -1      │ 'GEItzzsXZ1B1oQpn7ELYLa' │ 1648181530841 │ '0.00000000' │ '0.01000000' │ '0.01000000' │   '439.45940000'    │ 'FILLED' │    'GTC'    │ 'MARKET' │ 'BUY' │      [ [Object] ]      │
│    4    │ 'BTCUSDT' │ 11286455 │     -1      │ 'aRBSIZC8JFzBHWF4vQOrjn' │ 1648181591305 │ '0.00000000' │ '0.01000000' │ '0.01000000' │   '439.41010000'    │ 'FILLED' │    'GTC'    │ 'MARKET' │ 'BUY' │      [ [Object] ]      │
│    5    │ 'BTCUSDT' │ 11286842 │     -1      │ 'zCXtmVKqPYn3WgXi4QgeCQ' │ 1648181650623 │ '0.00000000' │ '0.01000000' │ '0.01000000' │   '439.55940000'    │ 'FILLED' │    'GTC'    │ 'MARKET' │ 'BUY' │      [ [Object] ]      │
│    6    │ 'BTCUSDT' │ 11287244 │     -1      │ 'fu6Ccst0BwPjazlZQO6HJh' │ 1648181710952 │ '0.00000000' │ '0.01000000' │ '0.01000000' │   '439.50920000'    │ 'FILLED' │    'GTC'    │ 'MARKET' │ 'BUY' │      [ [Object] ]      │
│    7    │ 'BTCUSDT' │ 11287653 │     -1      │ 'ZkJKd0PdArlqb12EdnZbGo' │ 1648181771137 │ '0.00000000' │ '0.01000000' │ '0.01000000' │   '439.41190000'    │ 'FILLED' │    'GTC'    │ 'MARKET' │ 'BUY' │      [ [Object] ]      │
│    8    │ 'BTCUSDT' │ 11288052 │     -1      │ 'OG0uTHEz9e43lN4TG1bG0a' │ 1648181830405 │ '0.00000000' │ '0.01000000' │ '0.01000000' │   '439.31010000'    │ 'FILLED' │    'GTC'    │ 'MARKET' │ 'BUY' │      [ [Object] ]      │
│    9    │ 'BTCUSDT' │ 11288462 │     -1      │ 'x5CM7AKRcGPPKR17xWJCwD' │ 1648181890349 │ '0.00000000' │ '0.01000000' │ '0.01000000' │   '439.22010000'    │ 'FILLED' │    'GTC'    │ 'MARKET' │ 'BUY' │      [ [Object] ]      │
│   10    │ 'BTCUSDT' │ 11288878 │     -1      │ 'k6yiPEnVtuVdN7vXVlWWhx' │ 1648181951012 │ '0.00000000' │ '0.01000000' │ '0.01000000' │   '439.17590000'    │ 'FILLED' │    'GTC'    │ 'MARKET' │ 'BUY' │      [ [Object] ]      │
└─────────┴───────────┴──────────┴─────────────┴──────────────────────────┴───────────────┴──────────────┴──────────────┴──────────────┴─────────────────────┴──────────┴─────────────┴──────────┴───────┴────────────────────────┘
0
Comprando 0.01; BTC por 43973.14 USDT
Lj85SvRskBeKd12buq9PZC1HYUCPFNpyTXRxhORbJapLtTbyjpHn55aRQaIbTvlk
GQfzC5jdjqkCpk781wMBxtG1WHGv7Uhw79cquvq7PYrKChqLcoGcaWYL7KqsHGrO
┌─────────┬───────────────┬─────────────┬───────────────────────┬────────────────────┬──────────────────┐
│ (index) │  _openTimeMS  │ _closePrice │      _closeRate       │ _currentClosePrice │ _priceDifference │
├─────────┼───────────────┼─────────────┼───────────────────────┼────────────────────┼──────────────────┤
│    0    │ 1648181160000 │  52206.84   │           0           │  'USD$ 52206.84'   │   'USD$ 0.00'    │
│    1    │ 1648181220000 │  52206.84   │           0           │  'USD$ 52206.84'   │   'USD$ 0.00'    │
│    2    │ 1648181280000 │  43978.21   │  -15.761593691554594  │  'USD$ 43978.21'   │ 'USD$ -8228.63'  │
│    3    │ 1648181340000 │  43973.14   │ -0.011528436468879022 │  'USD$ 43973.14'   │   'USD$ -5.07'   │
│    4    │ 1648181340000 │  43973.14   │           0           │  'USD$ 43973.14'   │   'USD$ 0.00'    │
│    5    │ 1648181400000 │  43973.14   │           0           │  'USD$ 43973.14'   │   'USD$ 0.00'    │
│    6    │ 1648181460000 │  43973.14   │           0           │  'USD$ 43973.14'   │   'USD$ 0.00'    │
│    7    │ 1648181520000 │  43973.14   │           0           │  'USD$ 43973.14'   │   'USD$ 0.00'    │
│    8    │ 1648181580000 │  43973.14   │           0           │  'USD$ 43973.14'   │   'USD$ 0.00'    │
│    9    │ 1648181640000 │  43973.14   │           0           │  'USD$ 43973.14'   │   'USD$ 0.00'    │
│   10    │ 1648181700000 │  43973.14   │           0           │  'USD$ 43973.14'   │   'USD$ 0.00'    │
│   11    │ 1648181760000 │  43973.14   │           0           │  'USD$ 43973.14'   │   'USD$ 0.00'    │
│   12    │ 1648181820000 │  43973.14   │           0           │  'USD$ 43973.14'   │   'USD$ 0.00'    │
│   13    │ 1648181880000 │  43973.14   │           0           │  'USD$ 43973.14'   │   'USD$ 0.00'    │
│   14    │ 1648181940000 │  43973.14   │           0           │  'USD$ 43973.14'   │   'USD$ 0.00'    │
│   15    │ 1648182000000 │  43973.14   │           0           │  'USD$ 43973.14'   │   'USD$ 0.00'    │
└─────────┴───────────────┴─────────────┴───────────────────────┴────────────────────┴──────────────────┘
┌─────────┬───────────┬──────────┬─────────────┬──────────────────────────┬───────────────┬──────────────┬──────────────┬──────────────┬─────────────────────┬──────────┬─────────────┬──────────┬───────┬────────────────────────┐
│ (index) │  symbol   │ orderId  │ orderListId │      clientOrderId       │ transactTime  │    price     │   origQty    │ executedQty  │ cummulativeQuoteQty │  status  │ timeInForce │   type   │ side  │         fills          │
├─────────┼───────────┼──────────┼─────────────┼──────────────────────────┼───────────────┼──────────────┼──────────────┼──────────────┼─────────────────────┼──────────┼─────────────┼──────────┼───────┼────────────────────────┤
│    0    │ 'BTCUSDT' │ 11285238 │     -1      │ 'c4e60BLXe3uaIXUnBOc1dw' │ 1648181407915 │ '0.00000000' │ '0.01000000' │ '0.01000000' │   '439.64939600'    │ 'FILLED' │    'GTC'    │ 'MARKET' │ 'BUY' │ [ [Object], [Object] ] │
│    1    │ 'BTCUSDT' │ 11285264 │     -1      │ 'VV9ZpcPD83pO2cmLzD2Lnt' │ 1648181411314 │ '0.00000000' │ '0.01000000' │ '0.01000000' │   '439.64800000'    │ 'FILLED' │    'GTC'    │ 'MARKET' │ 'BUY' │      [ [Object] ]      │
│    2    │ 'BTCUSDT' │ 11285652 │     -1      │ 'BB9CKs9coWBXuuCu6U6IRg' │ 1648181470003 │ '0.00000000' │ '0.01000000' │ '0.01000000' │   '439.48827983'    │ 'FILLED' │    'GTC'    │ 'MARKET' │ 'BUY' │ [ [Object], [Object] ] │
│    3    │ 'BTCUSDT' │ 11286055 │     -1      │ 'GEItzzsXZ1B1oQpn7ELYLa' │ 1648181530841 │ '0.00000000' │ '0.01000000' │ '0.01000000' │   '439.45940000'    │ 'FILLED' │    'GTC'    │ 'MARKET' │ 'BUY' │      [ [Object] ]      │
│    4    │ 'BTCUSDT' │ 11286455 │     -1      │ 'aRBSIZC8JFzBHWF4vQOrjn' │ 1648181591305 │ '0.00000000' │ '0.01000000' │ '0.01000000' │   '439.41010000'    │ 'FILLED' │    'GTC'    │ 'MARKET' │ 'BUY' │      [ [Object] ]      │
│    5    │ 'BTCUSDT' │ 11286842 │     -1      │ 'zCXtmVKqPYn3WgXi4QgeCQ' │ 1648181650623 │ '0.00000000' │ '0.01000000' │ '0.01000000' │   '439.55940000'    │ 'FILLED' │    'GTC'    │ 'MARKET' │ 'BUY' │      [ [Object] ]      │
│    6    │ 'BTCUSDT' │ 11287244 │     -1      │ 'fu6Ccst0BwPjazlZQO6HJh' │ 1648181710952 │ '0.00000000' │ '0.01000000' │ '0.01000000' │   '439.50920000'    │ 'FILLED' │    'GTC'    │ 'MARKET' │ 'BUY' │      [ [Object] ]      │
│    7    │ 'BTCUSDT' │ 11287653 │     -1      │ 'ZkJKd0PdArlqb12EdnZbGo' │ 1648181771137 │ '0.00000000' │ '0.01000000' │ '0.01000000' │   '439.41190000'    │ 'FILLED' │    'GTC'    │ 'MARKET' │ 'BUY' │      [ [Object] ]      │
│    8    │ 'BTCUSDT' │ 11288052 │     -1      │ 'OG0uTHEz9e43lN4TG1bG0a' │ 1648181830405 │ '0.00000000' │ '0.01000000' │ '0.01000000' │   '439.31010000'    │ 'FILLED' │    'GTC'    │ 'MARKET' │ 'BUY' │      [ [Object] ]      │
│    9    │ 'BTCUSDT' │ 11288462 │     -1      │ 'x5CM7AKRcGPPKR17xWJCwD' │ 1648181890349 │ '0.00000000' │ '0.01000000' │ '0.01000000' │   '439.22010000'    │ 'FILLED' │    'GTC'    │ 'MARKET' │ 'BUY' │      [ [Object] ]      │
│   10    │ 'BTCUSDT' │ 11288878 │     -1      │ 'k6yiPEnVtuVdN7vXVlWWhx' │ 1648181951012 │ '0.00000000' │ '0.01000000' │ '0.01000000' │   '439.17590000'    │ 'FILLED' │    'GTC'    │ 'MARKET' │ 'BUY' │      [ [Object] ]      │
│   11    │ 'BTCUSDT' │ 11289293 │     -1      │ 'a2RZSGLQq76BDYPTzjSEgw' │ 1648182011360 │ '0.00000000' │ '0.01000000' │ '0.01000000' │   '439.35120000'    │ 'FILLED' │    'GTC'    │ 'MARKET' │ 'BUY' │      [ [Object] ]      │
└─────────┴───────────┴──────────┴─────────────┴──────────────────────────┴───────────────┴──────────────┴──────────────┴──────────────┴─────────────────────┴──────────┴─────────────┴──────────┴───────┴────────────────────────┘
^C
[san@godfather:bot] $ 